{"/home/runner/work/EscalaMusica/EscalaMusica/src/config.js": {"path":"/home/runner/work/EscalaMusica/EscalaMusica/src/config.js","statementMap":{"0":{"start":{"line":3,"column":2},"end":{"line":3,"column":76}},"1":{"start":{"line":6,"column":28},"end":{"line":12,"column":1}}},"fnMap":{},"branchMap":{},"s":{"0":2,"1":2},"f":{},"b":{},"inputSourceMap":null,"_coverageSchema":"1a1c01bbd47fc00a2c39e90264f33305004495a9","hash":"6d4a30753419c353390c0f060a0d6ee630c597c0"}
,"/home/runner/work/EscalaMusica/EscalaMusica/src/main.js": {"path":"/home/runner/work/EscalaMusica/EscalaMusica/src/main.js","statementMap":{"0":{"start":{"line":12,"column":0},"end":{"line":12,"column":49}},"1":{"start":{"line":14,"column":0},"end":{"line":69,"column":2}},"2":{"start":{"line":15,"column":2},"end":{"line":15,"column":49}},"3":{"start":{"line":15,"column":42},"end":{"line":15,"column":49}},"4":{"start":{"line":16,"column":19},"end":{"line":16,"column":69}},"5":{"start":{"line":16,"column":50},"end":{"line":16,"column":68}},"6":{"start":{"line":17,"column":2},"end":{"line":17,"column":24}},"7":{"start":{"line":17,"column":17},"end":{"line":17,"column":24}},"8":{"start":{"line":19,"column":21},"end":{"line":19,"column":82}},"9":{"start":{"line":20,"column":26},"end":{"line":20,"column":50}},"10":{"start":{"line":21,"column":21},"end":{"line":21,"column":65}},"11":{"start":{"line":23,"column":19},"end":{"line":23,"column":27}},"12":{"start":{"line":23,"column":39},"end":{"line":23,"column":47}},"13":{"start":{"line":24,"column":2},"end":{"line":28,"column":3}},"14":{"start":{"line":25,"column":4},"end":{"line":25,"column":26}},"15":{"start":{"line":25,"column":27},"end":{"line":25,"column":46}},"16":{"start":{"line":26,"column":9},"end":{"line":28,"column":3}},"17":{"start":{"line":27,"column":4},"end":{"line":27,"column":26}},"18":{"start":{"line":27,"column":27},"end":{"line":27,"column":46}},"19":{"start":{"line":30,"column":18},"end":{"line":35,"column":14}},"20":{"start":{"line":37,"column":21},"end":{"line":46,"column":14}},"21":{"start":{"line":48,"column":19},"end":{"line":48,"column":82}},"22":{"start":{"line":49,"column":19},"end":{"line":49,"column":50}},"23":{"start":{"line":56,"column":19},"end":{"line":56,"column":72}},"24":{"start":{"line":57,"column":2},"end":{"line":68,"column":3}},"25":{"start":{"line":58,"column":4},"end":{"line":58,"column":31}},"26":{"start":{"line":60,"column":21},"end":{"line":60,"column":55}},"27":{"start":{"line":61,"column":21},"end":{"line":61,"column":52}},"28":{"start":{"line":63,"column":6},"end":{"line":66,"column":58}},"29":{"start":{"line":67,"column":4},"end":{"line":67,"column":51}},"30":{"start":{"line":72,"column":15},"end":{"line":72,"column":42}},"31":{"start":{"line":73,"column":2},"end":{"line":73,"column":48}},"32":{"start":{"line":74,"column":2},"end":{"line":74,"column":42}},"33":{"start":{"line":75,"column":2},"end":{"line":75,"column":34}},"34":{"start":{"line":76,"column":2},"end":{"line":76,"column":15}},"35":{"start":{"line":77,"column":2},"end":{"line":77,"column":34}},"36":{"start":{"line":81,"column":19},"end":{"line":81,"column":57}},"37":{"start":{"line":82,"column":2},"end":{"line":82,"column":34}},"38":{"start":{"line":82,"column":16},"end":{"line":82,"column":34}},"39":{"start":{"line":84,"column":18},"end":{"line":84,"column":50}},"40":{"start":{"line":86,"column":18},"end":{"line":86,"column":47}},"41":{"start":{"line":87,"column":2},"end":{"line":87,"column":29}},"42":{"start":{"line":88,"column":2},"end":{"line":101,"column":12}},"43":{"start":{"line":102,"column":2},"end":{"line":102,"column":37}},"44":{"start":{"line":104,"column":16},"end":{"line":104,"column":80}},"45":{"start":{"line":104,"column":24},"end":{"line":104,"column":60}},"46":{"start":{"line":104,"column":61},"end":{"line":104,"column":78}},"47":{"start":{"line":106,"column":2},"end":{"line":106,"column":83}},"48":{"start":{"line":107,"column":2},"end":{"line":107,"column":80}},"49":{"start":{"line":108,"column":2},"end":{"line":111,"column":5}},"50":{"start":{"line":109,"column":4},"end":{"line":109,"column":60}},"51":{"start":{"line":110,"column":4},"end":{"line":110,"column":12}},"52":{"start":{"line":112,"column":2},"end":{"line":115,"column":5}},"53":{"start":{"line":113,"column":4},"end":{"line":113,"column":31}},"54":{"start":{"line":114,"column":4},"end":{"line":114,"column":12}},"55":{"start":{"line":120,"column":0},"end":{"line":127,"column":2}},"56":{"start":{"line":121,"column":2},"end":{"line":121,"column":53}},"57":{"start":{"line":122,"column":2},"end":{"line":122,"column":50}},"58":{"start":{"line":123,"column":2},"end":{"line":124,"column":43}},"59":{"start":{"line":124,"column":4},"end":{"line":124,"column":43}},"60":{"start":{"line":125,"column":2},"end":{"line":125,"column":28}},"61":{"start":{"line":126,"column":2},"end":{"line":126,"column":16}},"62":{"start":{"line":129,"column":0},"end":{"line":133,"column":2}},"63":{"start":{"line":130,"column":13},"end":{"line":130,"column":53}},"64":{"start":{"line":131,"column":2},"end":{"line":131,"column":32}},"65":{"start":{"line":132,"column":2},"end":{"line":132,"column":86}},"66":{"start":{"line":132,"column":39},"end":{"line":132,"column":86}},"67":{"start":{"line":135,"column":0},"end":{"line":148,"column":2}},"68":{"start":{"line":136,"column":2},"end":{"line":137,"column":72}},"69":{"start":{"line":137,"column":4},"end":{"line":137,"column":72}},"70":{"start":{"line":138,"column":14},"end":{"line":138,"column":52}},"71":{"start":{"line":139,"column":2},"end":{"line":147,"column":3}},"72":{"start":{"line":140,"column":4},"end":{"line":140,"column":35}},"73":{"start":{"line":141,"column":4},"end":{"line":141,"column":30}},"74":{"start":{"line":143,"column":4},"end":{"line":143,"column":32}},"75":{"start":{"line":144,"column":4},"end":{"line":144,"column":54}},"76":{"start":{"line":145,"column":4},"end":{"line":145,"column":80}},"77":{"start":{"line":145,"column":65},"end":{"line":145,"column":77}},"78":{"start":{"line":146,"column":4},"end":{"line":146,"column":100}},"79":{"start":{"line":146,"column":48},"end":{"line":146,"column":97}},"80":{"start":{"line":150,"column":0},"end":{"line":151,"column":64}},"81":{"start":{"line":151,"column":2},"end":{"line":151,"column":63}},"82":{"start":{"line":153,"column":0},"end":{"line":158,"column":2}},"83":{"start":{"line":154,"column":2},"end":{"line":154,"column":78}},"84":{"start":{"line":154,"column":63},"end":{"line":154,"column":75}},"85":{"start":{"line":155,"column":2},"end":{"line":155,"column":52}},"86":{"start":{"line":156,"column":2},"end":{"line":156,"column":68}},"87":{"start":{"line":157,"column":2},"end":{"line":157,"column":28}},"88":{"start":{"line":160,"column":0},"end":{"line":166,"column":2}},"89":{"start":{"line":161,"column":12},"end":{"line":161,"column":55}},"90":{"start":{"line":162,"column":2},"end":{"line":162,"column":29}},"91":{"start":{"line":163,"column":2},"end":{"line":163,"column":70}},"92":{"start":{"line":164,"column":2},"end":{"line":165,"column":51}},"93":{"start":{"line":168,"column":0},"end":{"line":174,"column":2}},"94":{"start":{"line":169,"column":14},"end":{"line":169,"column":51}},"95":{"start":{"line":170,"column":14},"end":{"line":170,"column":57}},"96":{"start":{"line":171,"column":19},"end":{"line":171,"column":49}},"97":{"start":{"line":172,"column":2},"end":{"line":172,"column":43}},"98":{"start":{"line":173,"column":2},"end":{"line":173,"column":36}},"99":{"start":{"line":173,"column":16},"end":{"line":173,"column":36}},"100":{"start":{"line":176,"column":0},"end":{"line":179,"column":3}},"101":{"start":{"line":177,"column":2},"end":{"line":177,"column":68}},"102":{"start":{"line":178,"column":2},"end":{"line":178,"column":19}},"103":{"start":{"line":184,"column":2},"end":{"line":184,"column":22}},"104":{"start":{"line":185,"column":2},"end":{"line":185,"column":26}},"105":{"start":{"line":188,"column":0},"end":{"line":191,"column":9}},"106":{"start":{"line":189,"column":2},"end":{"line":189,"column":54}},"107":{"start":{"line":191,"column":2},"end":{"line":191,"column":9}}},"fnMap":{"0":{"name":"(anonymous_0)","decl":{"start":{"line":14,"column":28},"end":{"line":14,"column":29}},"loc":{"start":{"line":14,"column":41},"end":{"line":69,"column":1}},"line":14},"1":{"name":"(anonymous_1)","decl":{"start":{"line":16,"column":43},"end":{"line":16,"column":44}},"loc":{"start":{"line":16,"column":50},"end":{"line":16,"column":68}},"line":16},"2":{"name":"_baixarICS","decl":{"start":{"line":71,"column":9},"end":{"line":71,"column":19}},"loc":{"start":{"line":71,"column":36},"end":{"line":78,"column":1}},"line":71},"3":{"name":"_mostrarModalAgenda","decl":{"start":{"line":80,"column":9},"end":{"line":80,"column":28}},"loc":{"start":{"line":80,"column":56},"end":{"line":116,"column":1}},"line":80},"4":{"name":"(anonymous_4)","decl":{"start":{"line":104,"column":16},"end":{"line":104,"column":17}},"loc":{"start":{"line":104,"column":22},"end":{"line":104,"column":80}},"line":104},"5":{"name":"(anonymous_5)","decl":{"start":{"line":108,"column":63},"end":{"line":108,"column":64}},"loc":{"start":{"line":108,"column":69},"end":{"line":111,"column":3}},"line":108},"6":{"name":"(anonymous_6)","decl":{"start":{"line":112,"column":62},"end":{"line":112,"column":63}},"loc":{"start":{"line":112,"column":68},"end":{"line":115,"column":3}},"line":112},"7":{"name":"(anonymous_7)","decl":{"start":{"line":120,"column":47},"end":{"line":120,"column":48}},"loc":{"start":{"line":120,"column":53},"end":{"line":127,"column":1}},"line":120},"8":{"name":"(anonymous_8)","decl":{"start":{"line":129,"column":53},"end":{"line":129,"column":54}},"loc":{"start":{"line":129,"column":59},"end":{"line":133,"column":1}},"line":129},"9":{"name":"(anonymous_9)","decl":{"start":{"line":135,"column":49},"end":{"line":135,"column":50}},"loc":{"start":{"line":135,"column":55},"end":{"line":148,"column":1}},"line":135},"10":{"name":"(anonymous_10)","decl":{"start":{"line":145,"column":57},"end":{"line":145,"column":58}},"loc":{"start":{"line":145,"column":65},"end":{"line":145,"column":77}},"line":145},"11":{"name":"(anonymous_11)","decl":{"start":{"line":146,"column":41},"end":{"line":146,"column":42}},"loc":{"start":{"line":146,"column":48},"end":{"line":146,"column":97}},"line":146},"12":{"name":"(anonymous_12)","decl":{"start":{"line":150,"column":54},"end":{"line":150,"column":55}},"loc":{"start":{"line":151,"column":2},"end":{"line":151,"column":63}},"line":151},"13":{"name":"(anonymous_13)","decl":{"start":{"line":153,"column":53},"end":{"line":153,"column":54}},"loc":{"start":{"line":153,"column":59},"end":{"line":158,"column":1}},"line":153},"14":{"name":"(anonymous_14)","decl":{"start":{"line":154,"column":55},"end":{"line":154,"column":56}},"loc":{"start":{"line":154,"column":63},"end":{"line":154,"column":75}},"line":154},"15":{"name":"(anonymous_15)","decl":{"start":{"line":160,"column":51},"end":{"line":160,"column":52}},"loc":{"start":{"line":160,"column":57},"end":{"line":166,"column":1}},"line":160},"16":{"name":"(anonymous_16)","decl":{"start":{"line":168,"column":54},"end":{"line":168,"column":55}},"loc":{"start":{"line":168,"column":60},"end":{"line":174,"column":1}},"line":168},"17":{"name":"(anonymous_17)","decl":{"start":{"line":176,"column":65},"end":{"line":176,"column":66}},"loc":{"start":{"line":176,"column":71},"end":{"line":179,"column":1}},"line":176},"18":{"name":"init","decl":{"start":{"line":183,"column":15},"end":{"line":183,"column":19}},"loc":{"start":{"line":183,"column":22},"end":{"line":186,"column":1}},"line":183}},"branchMap":{"0":{"loc":{"start":{"line":15,"column":2},"end":{"line":15,"column":49}},"type":"if","locations":[{"start":{"line":15,"column":2},"end":{"line":15,"column":49}},{"start":{},"end":{}}],"line":15},"1":{"loc":{"start":{"line":17,"column":2},"end":{"line":17,"column":24}},"type":"if","locations":[{"start":{"line":17,"column":2},"end":{"line":17,"column":24}},{"start":{},"end":{}}],"line":17},"2":{"loc":{"start":{"line":21,"column":22},"end":{"line":21,"column":50}},"type":"binary-expr","locations":[{"start":{"line":21,"column":22},"end":{"line":21,"column":44}},{"start":{"line":21,"column":48},"end":{"line":21,"column":50}}],"line":21},"3":{"loc":{"start":{"line":24,"column":2},"end":{"line":28,"column":3}},"type":"if","locations":[{"start":{"line":24,"column":2},"end":{"line":28,"column":3}},{"start":{"line":26,"column":9},"end":{"line":28,"column":3}}],"line":24},"4":{"loc":{"start":{"line":24,"column":6},"end":{"line":24,"column":66}},"type":"binary-expr","locations":[{"start":{"line":24,"column":6},"end":{"line":24,"column":34}},{"start":{"line":24,"column":38},"end":{"line":24,"column":66}}],"line":24},"5":{"loc":{"start":{"line":26,"column":9},"end":{"line":28,"column":3}},"type":"if","locations":[{"start":{"line":26,"column":9},"end":{"line":28,"column":3}},{"start":{},"end":{}}],"line":26},"6":{"loc":{"start":{"line":57,"column":2},"end":{"line":68,"column":3}},"type":"if","locations":[{"start":{"line":57,"column":2},"end":{"line":68,"column":3}},{"start":{"line":59,"column":9},"end":{"line":68,"column":3}}],"line":57},"7":{"loc":{"start":{"line":82,"column":2},"end":{"line":82,"column":34}},"type":"if","locations":[{"start":{"line":82,"column":2},"end":{"line":82,"column":34}},{"start":{},"end":{}}],"line":82},"8":{"loc":{"start":{"line":123,"column":2},"end":{"line":124,"column":43}},"type":"if","locations":[{"start":{"line":123,"column":2},"end":{"line":124,"column":43}},{"start":{},"end":{}}],"line":123},"9":{"loc":{"start":{"line":123,"column":6},"end":{"line":123,"column":58}},"type":"binary-expr","locations":[{"start":{"line":123,"column":6},"end":{"line":123,"column":35}},{"start":{"line":123,"column":39},"end":{"line":123,"column":58}}],"line":123},"10":{"loc":{"start":{"line":132,"column":2},"end":{"line":132,"column":86}},"type":"if","locations":[{"start":{"line":132,"column":2},"end":{"line":132,"column":86}},{"start":{},"end":{}}],"line":132},"11":{"loc":{"start":{"line":136,"column":2},"end":{"line":137,"column":72}},"type":"if","locations":[{"start":{"line":136,"column":2},"end":{"line":137,"column":72}},{"start":{},"end":{}}],"line":136},"12":{"loc":{"start":{"line":139,"column":2},"end":{"line":147,"column":3}},"type":"if","locations":[{"start":{"line":139,"column":2},"end":{"line":147,"column":3}},{"start":{"line":142,"column":9},"end":{"line":147,"column":3}}],"line":139},"13":{"loc":{"start":{"line":165,"column":4},"end":{"line":165,"column":50}},"type":"cond-expr","locations":[{"start":{"line":165,"column":35},"end":{"line":165,"column":41}},{"start":{"line":165,"column":44},"end":{"line":165,"column":50}}],"line":165},"14":{"loc":{"start":{"line":173,"column":2},"end":{"line":173,"column":36}},"type":"if","locations":[{"start":{"line":173,"column":2},"end":{"line":173,"column":36}},{"start":{},"end":{}}],"line":173},"15":{"loc":{"start":{"line":188,"column":0},"end":{"line":191,"column":9}},"type":"if","locations":[{"start":{"line":188,"column":0},"end":{"line":191,"column":9}},{"start":{"line":191,"column":2},"end":{"line":191,"column":9}}],"line":188}},"s":{"0":0,"1":0,"2":0,"3":0,"4":0,"5":0,"6":0,"7":0,"8":0,"9":0,"10":0,"11":0,"12":0,"13":0,"14":0,"15":0,"16":0,"17":0,"18":0,"19":0,"20":0,"21":0,"22":0,"23":0,"24":0,"25":0,"26":0,"27":0,"28":0,"29":0,"30":0,"31":0,"32":0,"33":0,"34":0,"35":0,"36":0,"37":0,"38":0,"39":0,"40":0,"41":0,"42":0,"43":0,"44":0,"45":0,"46":0,"47":0,"48":0,"49":0,"50":0,"51":0,"52":0,"53":0,"54":0,"55":0,"56":0,"57":0,"58":0,"59":0,"60":0,"61":0,"62":0,"63":0,"64":0,"65":0,"66":0,"67":0,"68":0,"69":0,"70":0,"71":0,"72":0,"73":0,"74":0,"75":0,"76":0,"77":0,"78":0,"79":0,"80":0,"81":0,"82":0,"83":0,"84":0,"85":0,"86":0,"87":0,"88":0,"89":0,"90":0,"91":0,"92":0,"93":0,"94":0,"95":0,"96":0,"97":0,"98":0,"99":0,"100":0,"101":0,"102":0,"103":0,"104":0,"105":0,"106":0,"107":0},"f":{"0":0,"1":0,"2":0,"3":0,"4":0,"5":0,"6":0,"7":0,"8":0,"9":0,"10":0,"11":0,"12":0,"13":0,"14":0,"15":0,"16":0,"17":0,"18":0},"b":{"0":[0,0],"1":[0,0],"2":[0,0],"3":[0,0],"4":[0,0],"5":[0,0],"6":[0,0],"7":[0,0],"8":[0,0],"9":[0,0],"10":[0,0],"11":[0,0],"12":[0,0],"13":[0,0],"14":[0,0],"15":[0,0]},"inputSourceMap":null}
,"/home/runner/work/EscalaMusica/EscalaMusica/src/state.js": {"path":"/home/runner/work/EscalaMusica/EscalaMusica/src/state.js","statementMap":{"0":{"start":{"line":2,"column":21},"end":{"line":9,"column":1}}},"fnMap":{},"branchMap":{},"s":{"0":5},"f":{},"b":{},"inputSourceMap":null,"_coverageSchema":"1a1c01bbd47fc00a2c39e90264f33305004495a9","hash":"e0b470a0c9e84c2dc2624dec8eee38dfa23d9170"}
,"/home/runner/work/EscalaMusica/EscalaMusica/src/auth/auth.js": {"path":"/home/runner/work/EscalaMusica/EscalaMusica/src/auth/auth.js","statementMap":{"0":{"start":{"line":9,"column":2},"end":{"line":9,"column":67}},"1":{"start":{"line":10,"column":2},"end":{"line":10,"column":75}},"2":{"start":{"line":11,"column":2},"end":{"line":11,"column":65}},"3":{"start":{"line":12,"column":2},"end":{"line":12,"column":57}},"4":{"start":{"line":13,"column":2},"end":{"line":13,"column":35}},"5":{"start":{"line":17,"column":2},"end":{"line":17,"column":66}},"6":{"start":{"line":18,"column":2},"end":{"line":18,"column":65}},"7":{"start":{"line":19,"column":2},"end":{"line":19,"column":76}},"8":{"start":{"line":20,"column":17},"end":{"line":20,"column":61}},"9":{"start":{"line":21,"column":2},"end":{"line":21,"column":81}},"10":{"start":{"line":22,"column":2},"end":{"line":26,"column":5}},"11":{"start":{"line":23,"column":16},"end":{"line":23,"column":48}},"12":{"start":{"line":24,"column":4},"end":{"line":24,"column":39}},"13":{"start":{"line":25,"column":4},"end":{"line":25,"column":28}},"14":{"start":{"line":30,"column":17},"end":{"line":30,"column":61}},"15":{"start":{"line":31,"column":2},"end":{"line":31,"column":77}},"16":{"start":{"line":31,"column":21},"end":{"line":31,"column":77}},"17":{"start":{"line":32,"column":2},"end":{"line":32,"column":50}},"18":{"start":{"line":33,"column":2},"end":{"line":33,"column":80}},"19":{"start":{"line":34,"column":2},"end":{"line":34,"column":83}},"20":{"start":{"line":35,"column":2},"end":{"line":35,"column":75}},"21":{"start":{"line":36,"column":2},"end":{"line":36,"column":15}},"22":{"start":{"line":37,"column":2},"end":{"line":37,"column":28}},"23":{"start":{"line":41,"column":2},"end":{"line":41,"column":66}},"24":{"start":{"line":42,"column":2},"end":{"line":42,"column":75}},"25":{"start":{"line":43,"column":2},"end":{"line":43,"column":66}},"26":{"start":{"line":44,"column":2},"end":{"line":55,"column":3}},"27":{"start":{"line":45,"column":4},"end":{"line":45,"column":63}},"28":{"start":{"line":46,"column":4},"end":{"line":47,"column":66}},"29":{"start":{"line":48,"column":19},"end":{"line":48,"column":56}},"30":{"start":{"line":49,"column":4},"end":{"line":54,"column":5}},"31":{"start":{"line":50,"column":6},"end":{"line":50,"column":46}},"32":{"start":{"line":51,"column":6},"end":{"line":51,"column":37}},"33":{"start":{"line":53,"column":6},"end":{"line":53,"column":36}},"34":{"start":{"line":61,"column":19},"end":{"line":61,"column":66}},"35":{"start":{"line":62,"column":19},"end":{"line":62,"column":63}},"36":{"start":{"line":63,"column":2},"end":{"line":73,"column":3}},"37":{"start":{"line":64,"column":4},"end":{"line":72,"column":5}},"38":{"start":{"line":65,"column":6},"end":{"line":65,"column":48}},"39":{"start":{"line":66,"column":6},"end":{"line":67,"column":55}},"40":{"start":{"line":66,"column":45},"end":{"line":66,"column":66}},"41":{"start":{"line":67,"column":13},"end":{"line":67,"column":26}},"42":{"start":{"line":67,"column":27},"end":{"line":67,"column":53}},"43":{"start":{"line":68,"column":6},"end":{"line":68,"column":13}},"44":{"start":{"line":70,"column":6},"end":{"line":70,"column":57}},"45":{"start":{"line":71,"column":6},"end":{"line":71,"column":54}},"46":{"start":{"line":74,"column":2},"end":{"line":74,"column":16}},"47":{"start":{"line":78,"column":19},"end":{"line":78,"column":20}},"48":{"start":{"line":80,"column":4},"end":{"line":80,"column":17}},"49":{"start":{"line":81,"column":4},"end":{"line":87,"column":5}},"50":{"start":{"line":82,"column":6},"end":{"line":82,"column":105}},"51":{"start":{"line":83,"column":18},"end":{"line":83,"column":57}},"52":{"start":{"line":84,"column":6},"end":{"line":84,"column":104}},"53":{"start":{"line":84,"column":15},"end":{"line":84,"column":104}},"54":{"start":{"line":85,"column":11},"end":{"line":87,"column":5}},"55":{"start":{"line":86,"column":6},"end":{"line":86,"column":30}},"56":{"start":{"line":89,"column":2},"end":{"line":89,"column":26}},"57":{"start":{"line":93,"column":2},"end":{"line":106,"column":32}},"58":{"start":{"line":94,"column":17},"end":{"line":94,"column":25}},"59":{"start":{"line":96,"column":28},"end":{"line":96,"column":62}},"60":{"start":{"line":97,"column":6},"end":{"line":100,"column":8}},"61":{"start":{"line":101,"column":6},"end":{"line":101,"column":75}},"62":{"start":{"line":102,"column":6},"end":{"line":102,"column":87}},"63":{"start":{"line":103,"column":6},"end":{"line":104,"column":55}},"64":{"start":{"line":103,"column":45},"end":{"line":103,"column":66}},"65":{"start":{"line":104,"column":13},"end":{"line":104,"column":26}},"66":{"start":{"line":104,"column":27},"end":{"line":104,"column":53}},"67":{"start":{"line":106,"column":17},"end":{"line":106,"column":30}}},"fnMap":{"0":{"name":"mostrarAuth","decl":{"start":{"line":8,"column":16},"end":{"line":8,"column":27}},"loc":{"start":{"line":8,"column":30},"end":{"line":14,"column":1}},"line":8},"1":{"name":"mostrarSelecaoNome","decl":{"start":{"line":16,"column":16},"end":{"line":16,"column":34}},"loc":{"start":{"line":16,"column":37},"end":{"line":27,"column":1}},"line":16},"2":{"name":"(anonymous_2)","decl":{"start":{"line":22,"column":48},"end":{"line":22,"column":49}},"loc":{"start":{"line":22,"column":58},"end":{"line":26,"column":3}},"line":22},"3":{"name":"salvarNomeVinculado","decl":{"start":{"line":29,"column":16},"end":{"line":29,"column":35}},"loc":{"start":{"line":29,"column":38},"end":{"line":38,"column":1}},"line":29},"4":{"name":"mostrarApp","decl":{"start":{"line":40,"column":16},"end":{"line":40,"column":26}},"loc":{"start":{"line":40,"column":29},"end":{"line":56,"column":1}},"line":40},"5":{"name":"verificarAutenticacao","decl":{"start":{"line":60,"column":16},"end":{"line":60,"column":37}},"loc":{"start":{"line":60,"column":40},"end":{"line":75,"column":1}},"line":60},"6":{"name":"inicializarGoogleComTentativas","decl":{"start":{"line":77,"column":16},"end":{"line":77,"column":46}},"loc":{"start":{"line":77,"column":49},"end":{"line":90,"column":1}},"line":77},"7":{"name":"checar","decl":{"start":{"line":79,"column":11},"end":{"line":79,"column":17}},"loc":{"start":{"line":79,"column":20},"end":{"line":88,"column":3}},"line":79},"8":{"name":"handleCredentialResponse","decl":{"start":{"line":92,"column":16},"end":{"line":92,"column":40}},"loc":{"start":{"line":92,"column":51},"end":{"line":107,"column":1}},"line":92},"9":{"name":"(anonymous_9)","decl":{"start":{"line":94,"column":10},"end":{"line":94,"column":11}},"loc":{"start":{"line":94,"column":17},"end":{"line":94,"column":25}},"line":94},"10":{"name":"(anonymous_10)","decl":{"start":{"line":95,"column":10},"end":{"line":95,"column":11}},"loc":{"start":{"line":95,"column":20},"end":{"line":105,"column":5}},"line":95},"11":{"name":"(anonymous_11)","decl":{"start":{"line":106,"column":11},"end":{"line":106,"column":12}},"loc":{"start":{"line":106,"column":17},"end":{"line":106,"column":30}},"line":106}},"branchMap":{"0":{"loc":{"start":{"line":31,"column":2},"end":{"line":31,"column":77}},"type":"if","locations":[{"start":{"line":31,"column":2},"end":{"line":31,"column":77}},{"start":{},"end":{}}],"line":31},"1":{"loc":{"start":{"line":44,"column":2},"end":{"line":55,"column":3}},"type":"if","locations":[{"start":{"line":44,"column":2},"end":{"line":55,"column":3}},{"start":{},"end":{}}],"line":44},"2":{"loc":{"start":{"line":47,"column":6},"end":{"line":47,"column":65}},"type":"binary-expr","locations":[{"start":{"line":47,"column":6},"end":{"line":47,"column":38}},{"start":{"line":47,"column":42},"end":{"line":47,"column":65}}],"line":47},"3":{"loc":{"start":{"line":49,"column":4},"end":{"line":54,"column":5}},"type":"if","locations":[{"start":{"line":49,"column":4},"end":{"line":54,"column":5}},{"start":{"line":52,"column":11},"end":{"line":54,"column":5}}],"line":49},"4":{"loc":{"start":{"line":63,"column":2},"end":{"line":73,"column":3}},"type":"if","locations":[{"start":{"line":63,"column":2},"end":{"line":73,"column":3}},{"start":{},"end":{}}],"line":63},"5":{"loc":{"start":{"line":63,"column":6},"end":{"line":63,"column":23}},"type":"binary-expr","locations":[{"start":{"line":63,"column":6},"end":{"line":63,"column":11}},{"start":{"line":63,"column":15},"end":{"line":63,"column":23}}],"line":63},"6":{"loc":{"start":{"line":66,"column":6},"end":{"line":67,"column":55}},"type":"if","locations":[{"start":{"line":66,"column":6},"end":{"line":67,"column":55}},{"start":{"line":67,"column":11},"end":{"line":67,"column":55}}],"line":66},"7":{"loc":{"start":{"line":81,"column":4},"end":{"line":87,"column":5}},"type":"if","locations":[{"start":{"line":81,"column":4},"end":{"line":87,"column":5}},{"start":{"line":85,"column":11},"end":{"line":87,"column":5}}],"line":81},"8":{"loc":{"start":{"line":81,"column":8},"end":{"line":81,"column":60}},"type":"binary-expr","locations":[{"start":{"line":81,"column":8},"end":{"line":81,"column":37}},{"start":{"line":81,"column":41},"end":{"line":81,"column":60}}],"line":81},"9":{"loc":{"start":{"line":84,"column":6},"end":{"line":84,"column":104}},"type":"if","locations":[{"start":{"line":84,"column":6},"end":{"line":84,"column":104}},{"start":{},"end":{}}],"line":84},"10":{"loc":{"start":{"line":85,"column":11},"end":{"line":87,"column":5}},"type":"if","locations":[{"start":{"line":85,"column":11},"end":{"line":87,"column":5}},{"start":{},"end":{}}],"line":85},"11":{"loc":{"start":{"line":103,"column":6},"end":{"line":104,"column":55}},"type":"if","locations":[{"start":{"line":103,"column":6},"end":{"line":104,"column":55}},{"start":{"line":104,"column":11},"end":{"line":104,"column":55}}],"line":103}},"s":{"0":0,"1":0,"2":0,"3":0,"4":0,"5":0,"6":0,"7":0,"8":0,"9":0,"10":0,"11":0,"12":0,"13":0,"14":0,"15":0,"16":0,"17":0,"18":0,"19":0,"20":0,"21":0,"22":0,"23":0,"24":0,"25":0,"26":0,"27":0,"28":0,"29":0,"30":0,"31":0,"32":0,"33":0,"34":0,"35":0,"36":0,"37":0,"38":0,"39":0,"40":0,"41":0,"42":0,"43":0,"44":0,"45":0,"46":0,"47":0,"48":0,"49":0,"50":0,"51":0,"52":0,"53":0,"54":0,"55":0,"56":0,"57":0,"58":0,"59":0,"60":0,"61":0,"62":0,"63":0,"64":0,"65":0,"66":0,"67":0},"f":{"0":0,"1":0,"2":0,"3":0,"4":0,"5":0,"6":0,"7":0,"8":0,"9":0,"10":0,"11":0},"b":{"0":[0,0],"1":[0,0],"2":[0,0],"3":[0,0],"4":[0,0],"5":[0,0],"6":[0,0],"7":[0,0],"8":[0,0],"9":[0,0],"10":[0,0],"11":[0,0]},"inputSourceMap":null}
,"/home/runner/work/EscalaMusica/EscalaMusica/src/auth/storage.js": {"path":"/home/runner/work/EscalaMusica/EscalaMusica/src/auth/storage.js","statementMap":{"0":{"start":{"line":5,"column":2},"end":{"line":9,"column":3}},"1":{"start":{"line":6,"column":4},"end":{"line":6,"column":75}},"2":{"start":{"line":8,"column":4},"end":{"line":8,"column":14}},"3":{"start":{"line":14,"column":2},"end":{"line":14,"column":22}},"4":{"start":{"line":14,"column":12},"end":{"line":14,"column":22}},"5":{"start":{"line":15,"column":2},"end":{"line":15,"column":40}},"6":{"start":{"line":20,"column":2},"end":{"line":20,"column":37}},"7":{"start":{"line":20,"column":30},"end":{"line":20,"column":37}},"8":{"start":{"line":21,"column":19},"end":{"line":21,"column":38}},"9":{"start":{"line":22,"column":2},"end":{"line":22,"column":32}},"10":{"start":{"line":23,"column":2},"end":{"line":23,"column":72}}},"fnMap":{"0":{"name":"lerVinculosGoogle","decl":{"start":{"line":4,"column":16},"end":{"line":4,"column":33}},"loc":{"start":{"line":4,"column":36},"end":{"line":10,"column":1}},"line":4},"1":{"name":"obterNomeVinculadoPorSub","decl":{"start":{"line":13,"column":16},"end":{"line":13,"column":40}},"loc":{"start":{"line":13,"column":46},"end":{"line":16,"column":1}},"line":13},"2":{"name":"salvarVinculoPorSub","decl":{"start":{"line":19,"column":16},"end":{"line":19,"column":35}},"loc":{"start":{"line":19,"column":56},"end":{"line":24,"column":1}},"line":19}},"branchMap":{"0":{"loc":{"start":{"line":6,"column":22},"end":{"line":6,"column":73}},"type":"binary-expr","locations":[{"start":{"line":6,"column":22},"end":{"line":6,"column":65}},{"start":{"line":6,"column":69},"end":{"line":6,"column":73}}],"line":6},"1":{"loc":{"start":{"line":14,"column":2},"end":{"line":14,"column":22}},"type":"if","locations":[{"start":{"line":14,"column":2},"end":{"line":14,"column":22}},{"start":{},"end":{}}],"line":14},"2":{"loc":{"start":{"line":15,"column":9},"end":{"line":15,"column":39}},"type":"binary-expr","locations":[{"start":{"line":15,"column":9},"end":{"line":15,"column":33}},{"start":{"line":15,"column":37},"end":{"line":15,"column":39}}],"line":15},"3":{"loc":{"start":{"line":20,"column":2},"end":{"line":20,"column":37}},"type":"if","locations":[{"start":{"line":20,"column":2},"end":{"line":20,"column":37}},{"start":{},"end":{}}],"line":20},"4":{"loc":{"start":{"line":20,"column":6},"end":{"line":20,"column":28}},"type":"binary-expr","locations":[{"start":{"line":20,"column":6},"end":{"line":20,"column":10}},{"start":{"line":20,"column":14},"end":{"line":20,"column":28}}],"line":20}},"s":{"0":14,"1":14,"2":1,"3":5,"4":2,"5":3,"6":8,"7":4,"8":4,"9":4,"10":4},"f":{"0":14,"1":5,"2":8},"b":{"0":[14,7],"1":[2,3],"2":[3,1],"3":[4,4],"4":[8,6]},"inputSourceMap":null,"_coverageSchema":"1a1c01bbd47fc00a2c39e90264f33305004495a9","hash":"5e475869b34dd709c341efc53f379179918bccf9"}
,"/home/runner/work/EscalaMusica/EscalaMusica/src/business/agenda.js": {"path":"/home/runner/work/EscalaMusica/EscalaMusica/src/business/agenda.js","statementMap":{"0":{"start":{"line":3,"column":20},"end":{"line":25,"column":1}},"1":{"start":{"line":32,"column":12},"end":{"line":32,"column":32}},"2":{"start":{"line":33,"column":17},"end":{"line":33,"column":19}},"3":{"start":{"line":34,"column":21},"end":{"line":34,"column":23}},"4":{"start":{"line":36,"column":2},"end":{"line":45,"column":3}},"5":{"start":{"line":37,"column":14},"end":{"line":37,"column":35}},"6":{"start":{"line":38,"column":21},"end":{"line":40,"column":31}},"7":{"start":{"line":39,"column":32},"end":{"line":39,"column":56}},"8":{"start":{"line":41,"column":4},"end":{"line":44,"column":5}},"9":{"start":{"line":42,"column":6},"end":{"line":42,"column":25}},"10":{"start":{"line":43,"column":6},"end":{"line":43,"column":48}},"11":{"start":{"line":43,"column":21},"end":{"line":43,"column":48}},"12":{"start":{"line":48,"column":4},"end":{"line":48,"column":64}},"13":{"start":{"line":50,"column":4},"end":{"line":51,"column":65}},"14":{"start":{"line":52,"column":2},"end":{"line":53,"column":74}},"15":{"start":{"line":53,"column":4},"end":{"line":53,"column":74}},"16":{"start":{"line":55,"column":2},"end":{"line":55,"column":58}}},"fnMap":{"0":{"name":"getDetalhesAgenda","decl":{"start":{"line":31,"column":16},"end":{"line":31,"column":33}},"loc":{"start":{"line":31,"column":50},"end":{"line":56,"column":1}},"line":31},"1":{"name":"(anonymous_1)","decl":{"start":{"line":39,"column":25},"end":{"line":39,"column":26}},"loc":{"start":{"line":39,"column":32},"end":{"line":39,"column":56}},"line":39}},"branchMap":{"0":{"loc":{"start":{"line":37,"column":14},"end":{"line":37,"column":35}},"type":"binary-expr","locations":[{"start":{"line":37,"column":14},"end":{"line":37,"column":29}},{"start":{"line":37,"column":33},"end":{"line":37,"column":35}}],"line":37},"1":{"loc":{"start":{"line":38,"column":21},"end":{"line":40,"column":31}},"type":"cond-expr","locations":[{"start":{"line":39,"column":8},"end":{"line":39,"column":69}},{"start":{"line":40,"column":8},"end":{"line":40,"column":31}}],"line":38},"2":{"loc":{"start":{"line":41,"column":4},"end":{"line":44,"column":5}},"type":"if","locations":[{"start":{"line":41,"column":4},"end":{"line":44,"column":5}},{"start":{},"end":{}}],"line":41},"3":{"loc":{"start":{"line":43,"column":6},"end":{"line":43,"column":48}},"type":"if","locations":[{"start":{"line":43,"column":6},"end":{"line":43,"column":48}},{"start":{},"end":{}}],"line":43},"4":{"loc":{"start":{"line":48,"column":4},"end":{"line":48,"column":64}},"type":"cond-expr","locations":[{"start":{"line":48,"column":24},"end":{"line":48,"column":42}},{"start":{"line":48,"column":45},"end":{"line":48,"column":64}}],"line":48},"5":{"loc":{"start":{"line":50,"column":4},"end":{"line":51,"column":65}},"type":"binary-expr","locations":[{"start":{"line":50,"column":4},"end":{"line":50,"column":29}},{"start":{"line":51,"column":4},"end":{"line":51,"column":65}}],"line":50},"6":{"loc":{"start":{"line":52,"column":2},"end":{"line":53,"column":74}},"type":"if","locations":[{"start":{"line":52,"column":2},"end":{"line":53,"column":74}},{"start":{},"end":{}}],"line":52}},"s":{"0":1,"1":12,"2":12,"3":12,"4":12,"5":84,"6":84,"7":3,"8":84,"9":12,"10":12,"11":4,"12":12,"13":12,"14":12,"15":1,"16":12},"f":{"0":12,"1":3},"b":{"0":[84,72],"1":[1,83],"2":[12,72],"3":[4,8],"4":[11,1],"5":[12,8],"6":[1,11]},"inputSourceMap":null,"_coverageSchema":"1a1c01bbd47fc00a2c39e90264f33305004495a9","hash":"db5cfc04acc7f624381f772ecff514542ef2f09f"}
,"/home/runner/work/EscalaMusica/EscalaMusica/src/business/substitute.js": {"path":"/home/runner/work/EscalaMusica/EscalaMusica/src/business/substitute.js","statementMap":{"0":{"start":{"line":9,"column":22},"end":{"line":13,"column":1}},"1":{"start":{"line":17,"column":2},"end":{"line":21,"column":15}},"2":{"start":{"line":20,"column":16},"end":{"line":20,"column":54}},"3":{"start":{"line":26,"column":2},"end":{"line":26,"column":59}},"4":{"start":{"line":34,"column":12},"end":{"line":34,"column":41}},"5":{"start":{"line":35,"column":18},"end":{"line":36,"column":87}},"6":{"start":{"line":36,"column":4},"end":{"line":36,"column":87}},"7":{"start":{"line":36,"column":50},"end":{"line":36,"column":74}},"8":{"start":{"line":37,"column":15},"end":{"line":37,"column":67}},"9":{"start":{"line":39,"column":16},"end":{"line":43,"column":3}},"10":{"start":{"line":40,"column":14},"end":{"line":40,"column":49}},"11":{"start":{"line":41,"column":4},"end":{"line":41,"column":34}},"12":{"start":{"line":41,"column":22},"end":{"line":41,"column":34}},"13":{"start":{"line":42,"column":4},"end":{"line":42,"column":90}},"14":{"start":{"line":45,"column":2},"end":{"line":48,"column":3}},"15":{"start":{"line":46,"column":4},"end":{"line":47,"column":146}},"16":{"start":{"line":47,"column":6},"end":{"line":47,"column":144}},"17":{"start":{"line":50,"column":2},"end":{"line":66,"column":3}},"18":{"start":{"line":51,"column":24},"end":{"line":51,"column":79}},"19":{"start":{"line":52,"column":4},"end":{"line":62,"column":5}},"20":{"start":{"line":53,"column":16},"end":{"line":53,"column":55}},"21":{"start":{"line":54,"column":6},"end":{"line":61,"column":7}},"22":{"start":{"line":55,"column":21},"end":{"line":55,"column":46}},"23":{"start":{"line":56,"column":8},"end":{"line":60,"column":10}},"24":{"start":{"line":64,"column":4},"end":{"line":65,"column":143}},"25":{"start":{"line":65,"column":6},"end":{"line":65,"column":141}},"26":{"start":{"line":68,"column":2},"end":{"line":71,"column":3}},"27":{"start":{"line":69,"column":4},"end":{"line":70,"column":147}},"28":{"start":{"line":70,"column":6},"end":{"line":70,"column":145}},"29":{"start":{"line":73,"column":2},"end":{"line":89,"column":3}},"30":{"start":{"line":74,"column":23},"end":{"line":74,"column":70}},"31":{"start":{"line":75,"column":4},"end":{"line":85,"column":5}},"32":{"start":{"line":76,"column":16},"end":{"line":76,"column":54}},"33":{"start":{"line":77,"column":6},"end":{"line":84,"column":7}},"34":{"start":{"line":78,"column":21},"end":{"line":78,"column":45}},"35":{"start":{"line":79,"column":8},"end":{"line":83,"column":10}},"36":{"start":{"line":87,"column":4},"end":{"line":88,"column":137}},"37":{"start":{"line":88,"column":6},"end":{"line":88,"column":135}},"38":{"start":{"line":91,"column":2},"end":{"line":94,"column":3}},"39":{"start":{"line":92,"column":4},"end":{"line":93,"column":135}},"40":{"start":{"line":93,"column":6},"end":{"line":93,"column":133}},"41":{"start":{"line":96,"column":2},"end":{"line":99,"column":3}},"42":{"start":{"line":97,"column":4},"end":{"line":98,"column":138}},"43":{"start":{"line":98,"column":6},"end":{"line":98,"column":136}},"44":{"start":{"line":101,"column":2},"end":{"line":101,"column":14}},"45":{"start":{"line":109,"column":2},"end":{"line":109,"column":46}},"46":{"start":{"line":109,"column":36},"end":{"line":109,"column":46}},"47":{"start":{"line":110,"column":2},"end":{"line":110,"column":69}},"48":{"start":{"line":110,"column":59},"end":{"line":110,"column":69}},"49":{"start":{"line":111,"column":2},"end":{"line":111,"column":43}},"50":{"start":{"line":111,"column":33},"end":{"line":111,"column":43}},"51":{"start":{"line":113,"column":15},"end":{"line":113,"column":79}},"52":{"start":{"line":114,"column":2},"end":{"line":114,"column":23}},"53":{"start":{"line":114,"column":13},"end":{"line":114,"column":23}},"54":{"start":{"line":116,"column":24},"end":{"line":116,"column":56}},"55":{"start":{"line":117,"column":15},"end":{"line":117,"column":106}},"56":{"start":{"line":119,"column":2},"end":{"line":122,"column":8}}},"fnMap":{"0":{"name":"_capitalizar","decl":{"start":{"line":16,"column":9},"end":{"line":16,"column":21}},"loc":{"start":{"line":16,"column":28},"end":{"line":22,"column":1}},"line":16},"1":{"name":"(anonymous_1)","decl":{"start":{"line":20,"column":9},"end":{"line":20,"column":10}},"loc":{"start":{"line":20,"column":16},"end":{"line":20,"column":54}},"line":20},"2":{"name":"_formatarData","decl":{"start":{"line":25,"column":9},"end":{"line":25,"column":22}},"loc":{"start":{"line":25,"column":43},"end":{"line":27,"column":1}},"line":25},"3":{"name":"_resolverAlvo","decl":{"start":{"line":33,"column":9},"end":{"line":33,"column":22}},"loc":{"start":{"line":33,"column":61},"end":{"line":102,"column":1}},"line":33},"4":{"name":"(anonymous_4)","decl":{"start":{"line":35,"column":18},"end":{"line":35,"column":19}},"loc":{"start":{"line":36,"column":4},"end":{"line":36,"column":87}},"line":36},"5":{"name":"(anonymous_5)","decl":{"start":{"line":36,"column":43},"end":{"line":36,"column":44}},"loc":{"start":{"line":36,"column":50},"end":{"line":36,"column":74}},"line":36},"6":{"name":"(anonymous_6)","decl":{"start":{"line":39,"column":16},"end":{"line":39,"column":17}},"loc":{"start":{"line":39,"column":36},"end":{"line":43,"column":3}},"line":39},"7":{"name":"(anonymous_7)","decl":{"start":{"line":46,"column":39},"end":{"line":46,"column":40}},"loc":{"start":{"line":47,"column":6},"end":{"line":47,"column":144}},"line":47},"8":{"name":"(anonymous_8)","decl":{"start":{"line":64,"column":39},"end":{"line":64,"column":40}},"loc":{"start":{"line":65,"column":6},"end":{"line":65,"column":141}},"line":65},"9":{"name":"(anonymous_9)","decl":{"start":{"line":69,"column":39},"end":{"line":69,"column":40}},"loc":{"start":{"line":70,"column":6},"end":{"line":70,"column":145}},"line":70},"10":{"name":"(anonymous_10)","decl":{"start":{"line":87,"column":39},"end":{"line":87,"column":40}},"loc":{"start":{"line":88,"column":6},"end":{"line":88,"column":135}},"line":88},"11":{"name":"(anonymous_11)","decl":{"start":{"line":92,"column":39},"end":{"line":92,"column":40}},"loc":{"start":{"line":93,"column":6},"end":{"line":93,"column":133}},"line":93},"12":{"name":"(anonymous_12)","decl":{"start":{"line":97,"column":44},"end":{"line":97,"column":45}},"loc":{"start":{"line":98,"column":6},"end":{"line":98,"column":136}},"line":98},"13":{"name":"gerarLinkSubstituto","decl":{"start":{"line":108,"column":16},"end":{"line":108,"column":35}},"loc":{"start":{"line":108,"column":73},"end":{"line":123,"column":1}},"line":108}},"branchMap":{"0":{"loc":{"start":{"line":26,"column":9},"end":{"line":26,"column":58}},"type":"cond-expr","locations":[{"start":{"line":26,"column":21},"end":{"line":26,"column":48}},{"start":{"line":26,"column":51},"end":{"line":26,"column":58}}],"line":26},"1":{"loc":{"start":{"line":36,"column":5},"end":{"line":36,"column":26}},"type":"binary-expr","locations":[{"start":{"line":36,"column":5},"end":{"line":36,"column":20}},{"start":{"line":36,"column":24},"end":{"line":36,"column":26}}],"line":36},"2":{"loc":{"start":{"line":41,"column":4},"end":{"line":41,"column":34}},"type":"if","locations":[{"start":{"line":41,"column":4},"end":{"line":41,"column":34}},{"start":{},"end":{}}],"line":41},"3":{"loc":{"start":{"line":45,"column":2},"end":{"line":48,"column":3}},"type":"if","locations":[{"start":{"line":45,"column":2},"end":{"line":48,"column":3}},{"start":{},"end":{}}],"line":45},"4":{"loc":{"start":{"line":50,"column":2},"end":{"line":66,"column":3}},"type":"if","locations":[{"start":{"line":50,"column":2},"end":{"line":66,"column":3}},{"start":{},"end":{}}],"line":50},"5":{"loc":{"start":{"line":51,"column":25},"end":{"line":51,"column":57}},"type":"binary-expr","locations":[{"start":{"line":51,"column":25},"end":{"line":51,"column":51}},{"start":{"line":51,"column":55},"end":{"line":51,"column":57}}],"line":51},"6":{"loc":{"start":{"line":52,"column":4},"end":{"line":62,"column":5}},"type":"if","locations":[{"start":{"line":52,"column":4},"end":{"line":62,"column":5}},{"start":{},"end":{}}],"line":52},"7":{"loc":{"start":{"line":54,"column":6},"end":{"line":61,"column":7}},"type":"if","locations":[{"start":{"line":54,"column":6},"end":{"line":61,"column":7}},{"start":{},"end":{}}],"line":54},"8":{"loc":{"start":{"line":68,"column":2},"end":{"line":71,"column":3}},"type":"if","locations":[{"start":{"line":68,"column":2},"end":{"line":71,"column":3}},{"start":{},"end":{}}],"line":68},"9":{"loc":{"start":{"line":73,"column":2},"end":{"line":89,"column":3}},"type":"if","locations":[{"start":{"line":73,"column":2},"end":{"line":89,"column":3}},{"start":{},"end":{}}],"line":73},"10":{"loc":{"start":{"line":74,"column":24},"end":{"line":74,"column":48}},"type":"binary-expr","locations":[{"start":{"line":74,"column":24},"end":{"line":74,"column":42}},{"start":{"line":74,"column":46},"end":{"line":74,"column":48}}],"line":74},"11":{"loc":{"start":{"line":75,"column":4},"end":{"line":85,"column":5}},"type":"if","locations":[{"start":{"line":75,"column":4},"end":{"line":85,"column":5}},{"start":{},"end":{}}],"line":75},"12":{"loc":{"start":{"line":77,"column":6},"end":{"line":84,"column":7}},"type":"if","locations":[{"start":{"line":77,"column":6},"end":{"line":84,"column":7}},{"start":{},"end":{}}],"line":77},"13":{"loc":{"start":{"line":91,"column":2},"end":{"line":94,"column":3}},"type":"if","locations":[{"start":{"line":91,"column":2},"end":{"line":94,"column":3}},{"start":{},"end":{}}],"line":91},"14":{"loc":{"start":{"line":96,"column":2},"end":{"line":99,"column":3}},"type":"if","locations":[{"start":{"line":96,"column":2},"end":{"line":99,"column":3}},{"start":{},"end":{}}],"line":96},"15":{"loc":{"start":{"line":96,"column":6},"end":{"line":96,"column":50}},"type":"binary-expr","locations":[{"start":{"line":96,"column":6},"end":{"line":96,"column":28}},{"start":{"line":96,"column":32},"end":{"line":96,"column":50}}],"line":96},"16":{"loc":{"start":{"line":109,"column":2},"end":{"line":109,"column":46}},"type":"if","locations":[{"start":{"line":109,"column":2},"end":{"line":109,"column":46}},{"start":{},"end":{}}],"line":109},"17":{"loc":{"start":{"line":110,"column":2},"end":{"line":110,"column":69}},"type":"if","locations":[{"start":{"line":110,"column":2},"end":{"line":110,"column":69}},{"start":{},"end":{}}],"line":110},"18":{"loc":{"start":{"line":111,"column":2},"end":{"line":111,"column":43}},"type":"if","locations":[{"start":{"line":111,"column":2},"end":{"line":111,"column":43}},{"start":{},"end":{}}],"line":111},"19":{"loc":{"start":{"line":114,"column":2},"end":{"line":114,"column":23}},"type":"if","locations":[{"start":{"line":114,"column":2},"end":{"line":114,"column":23}},{"start":{},"end":{}}],"line":114}},"s":{"0":3,"1":13,"2":13,"3":19,"4":19,"5":19,"6":74,"7":79,"8":19,"9":19,"10":15,"11":15,"12":6,"13":9,"14":19,"15":0,"16":0,"17":19,"18":6,"19":6,"20":6,"21":6,"22":3,"23":3,"24":3,"25":1,"26":13,"27":3,"28":2,"29":10,"30":3,"31":3,"32":3,"33":3,"34":1,"35":1,"36":2,"37":1,"38":7,"39":3,"40":2,"41":4,"42":4,"43":3,"44":0,"45":50,"46":27,"47":23,"48":2,"49":21,"50":2,"51":19,"52":19,"53":6,"54":13,"55":13,"56":13},"f":{"0":13,"1":13,"2":19,"3":19,"4":74,"5":79,"6":15,"7":0,"8":1,"9":2,"10":1,"11":2,"12":3,"13":50},"b":{"0":[14,5],"1":[74,49],"2":[6,9],"3":[0,19],"4":[6,13],"5":[6,0],"6":[6,0],"7":[3,3],"8":[3,10],"9":[3,7],"10":[3,0],"11":[3,0],"12":[1,2],"13":[3,4],"14":[4,0],"15":[4,2],"16":[27,23],"17":[2,21],"18":[2,19],"19":[6,13]},"inputSourceMap":null,"_coverageSchema":"1a1c01bbd47fc00a2c39e90264f33305004495a9","hash":"f2c334ecada33f459848cb63feb0131508aabfc4"}
,"/home/runner/work/EscalaMusica/EscalaMusica/src/data/loader.js": {"path":"/home/runner/work/EscalaMusica/EscalaMusica/src/data/loader.js","statementMap":{"0":{"start":{"line":6,"column":2},"end":{"line":27,"column":3}},"1":{"start":{"line":7,"column":32},"end":{"line":10,"column":6}},"2":{"start":{"line":11,"column":4},"end":{"line":11,"column":45}},"3":{"start":{"line":12,"column":4},"end":{"line":12,"column":48}},"4":{"start":{"line":13,"column":4},"end":{"line":13,"column":90}},"5":{"start":{"line":14,"column":4},"end":{"line":14,"column":89}},"6":{"start":{"line":15,"column":4},"end":{"line":15,"column":71}},"7":{"start":{"line":17,"column":4},"end":{"line":17,"column":48}},"8":{"start":{"line":18,"column":26},"end":{"line":18,"column":72}},"9":{"start":{"line":19,"column":26},"end":{"line":19,"column":75}},"10":{"start":{"line":20,"column":4},"end":{"line":26,"column":5}},"11":{"start":{"line":21,"column":6},"end":{"line":21,"column":50}},"12":{"start":{"line":22,"column":6},"end":{"line":22,"column":53}},"13":{"start":{"line":23,"column":6},"end":{"line":23,"column":81}},"14":{"start":{"line":25,"column":6},"end":{"line":25,"column":65}}},"fnMap":{"0":{"name":"carregarCSV","decl":{"start":{"line":5,"column":22},"end":{"line":5,"column":33}},"loc":{"start":{"line":5,"column":36},"end":{"line":28,"column":1}},"line":5}},"branchMap":{"0":{"loc":{"start":{"line":20,"column":4},"end":{"line":26,"column":5}},"type":"if","locations":[{"start":{"line":20,"column":4},"end":{"line":26,"column":5}},{"start":{"line":24,"column":11},"end":{"line":26,"column":5}}],"line":20},"1":{"loc":{"start":{"line":20,"column":8},"end":{"line":20,"column":35}},"type":"binary-expr","locations":[{"start":{"line":20,"column":8},"end":{"line":20,"column":18}},{"start":{"line":20,"column":22},"end":{"line":20,"column":35}}],"line":20}},"s":{"0":6,"1":6,"2":4,"3":4,"4":4,"5":4,"6":4,"7":2,"8":2,"9":2,"10":2,"11":1,"12":1,"13":1,"14":1},"f":{"0":6},"b":{"0":[1,1],"1":[2,1]},"inputSourceMap":null,"_coverageSchema":"1a1c01bbd47fc00a2c39e90264f33305004495a9","hash":"28c2a8616bd1b1f1fa982fb05b6cde0db0c7e93c"}
,"/home/runner/work/EscalaMusica/EscalaMusica/src/ui/alerts.js": {"path":"/home/runner/work/EscalaMusica/EscalaMusica/src/ui/alerts.js","statementMap":{"0":{"start":{"line":7,"column":20},"end":{"line":7,"column":61}},"1":{"start":{"line":8,"column":2},"end":{"line":8,"column":27}},"2":{"start":{"line":9,"column":2},"end":{"line":9,"column":49}},"3":{"start":{"line":9,"column":42},"end":{"line":9,"column":49}},"4":{"start":{"line":11,"column":15},"end":{"line":11,"column":25}},"5":{"start":{"line":12,"column":2},"end":{"line":12,"column":28}},"6":{"start":{"line":14,"column":18},"end":{"line":16,"column":3}},"7":{"start":{"line":15,"column":11},"end":{"line":15,"column":83}},"8":{"start":{"line":18,"column":2},"end":{"line":28,"column":3}},"9":{"start":{"line":19,"column":21},"end":{"line":19,"column":31}},"10":{"start":{"line":20,"column":21},"end":{"line":20,"column":89}},"11":{"start":{"line":21,"column":4},"end":{"line":27,"column":5}},"12":{"start":{"line":22,"column":22},"end":{"line":22,"column":51}},"13":{"start":{"line":23,"column":6},"end":{"line":23,"column":45}},"14":{"start":{"line":24,"column":22},"end":{"line":24,"column":97}},"15":{"start":{"line":25,"column":6},"end":{"line":25,"column":139}},"16":{"start":{"line":26,"column":6},"end":{"line":26,"column":32}}},"fnMap":{"0":{"name":"verificarAlertas","decl":{"start":{"line":6,"column":16},"end":{"line":6,"column":32}},"loc":{"start":{"line":6,"column":35},"end":{"line":29,"column":1}},"line":6},"1":{"name":"(anonymous_1)","decl":{"start":{"line":15,"column":4},"end":{"line":15,"column":5}},"loc":{"start":{"line":15,"column":11},"end":{"line":15,"column":83}},"line":15}},"branchMap":{"0":{"loc":{"start":{"line":9,"column":2},"end":{"line":9,"column":49}},"type":"if","locations":[{"start":{"line":9,"column":2},"end":{"line":9,"column":49}},{"start":{},"end":{}}],"line":9},"1":{"loc":{"start":{"line":15,"column":11},"end":{"line":15,"column":83}},"type":"binary-expr","locations":[{"start":{"line":15,"column":11},"end":{"line":15,"column":30}},{"start":{"line":15,"column":34},"end":{"line":15,"column":83}}],"line":15},"2":{"loc":{"start":{"line":18,"column":2},"end":{"line":28,"column":3}},"type":"if","locations":[{"start":{"line":18,"column":2},"end":{"line":28,"column":3}},{"start":{},"end":{}}],"line":18},"3":{"loc":{"start":{"line":21,"column":4},"end":{"line":27,"column":5}},"type":"if","locations":[{"start":{"line":21,"column":4},"end":{"line":27,"column":5}},{"start":{},"end":{}}],"line":21},"4":{"loc":{"start":{"line":24,"column":22},"end":{"line":24,"column":97}},"type":"cond-expr","locations":[{"start":{"line":24,"column":39},"end":{"line":24,"column":45}},{"start":{"line":24,"column":48},"end":{"line":24,"column":97}}],"line":24},"5":{"loc":{"start":{"line":24,"column":48},"end":{"line":24,"column":97}},"type":"cond-expr","locations":[{"start":{"line":24,"column":65},"end":{"line":24,"column":73}},{"start":{"line":24,"column":76},"end":{"line":24,"column":97}}],"line":24}},"s":{"0":20,"1":20,"2":20,"3":9,"4":11,"5":11,"6":11,"7":12,"8":11,"9":10,"10":10,"11":10,"12":9,"13":9,"14":9,"15":9,"16":9},"f":{"0":20,"1":12},"b":{"0":[9,11],"1":[12,12],"2":[10,1],"3":[9,1],"4":[1,8],"5":[1,7]},"inputSourceMap":null,"_coverageSchema":"1a1c01bbd47fc00a2c39e90264f33305004495a9","hash":"c7148da7fcdc68a2f0273b9a6c440801526dcc6d"}
,"/home/runner/work/EscalaMusica/EscalaMusica/src/ui/cards.js": {"path":"/home/runner/work/EscalaMusica/EscalaMusica/src/ui/cards.js","statementMap":{"0":{"start":{"line":9,"column":21},"end":{"line":9,"column":63}},"1":{"start":{"line":10,"column":21},"end":{"line":10,"column":64}},"2":{"start":{"line":11,"column":21},"end":{"line":11,"column":59}},"3":{"start":{"line":12,"column":2},"end":{"line":12,"column":28}},"4":{"start":{"line":13,"column":2},"end":{"line":13,"column":28}},"5":{"start":{"line":14,"column":16},"end":{"line":14,"column":21}},"6":{"start":{"line":16,"column":2},"end":{"line":63,"column":5}},"7":{"start":{"line":17,"column":21},"end":{"line":17,"column":42}},"8":{"start":{"line":18,"column":21},"end":{"line":18,"column":50}},"9":{"start":{"line":19,"column":4},"end":{"line":19,"column":61}},"10":{"start":{"line":20,"column":4},"end":{"line":20,"column":49}},"11":{"start":{"line":22,"column":24},"end":{"line":22,"column":110}},"12":{"start":{"line":23,"column":24},"end":{"line":23,"column":74}},"13":{"start":{"line":24,"column":24},"end":{"line":24,"column":85}},"14":{"start":{"line":25,"column":24},"end":{"line":25,"column":36}},"15":{"start":{"line":26,"column":25},"end":{"line":28,"column":10}},"16":{"start":{"line":30,"column":4},"end":{"line":59,"column":14}},"17":{"start":{"line":61,"column":4},"end":{"line":62,"column":48}},"18":{"start":{"line":61,"column":16},"end":{"line":61,"column":45}},"19":{"start":{"line":61,"column":46},"end":{"line":61,"column":61}},"20":{"start":{"line":62,"column":17},"end":{"line":62,"column":46}},"21":{"start":{"line":65,"column":2},"end":{"line":65,"column":95}},"22":{"start":{"line":69,"column":2},"end":{"line":75,"column":31}}},"fnMap":{"0":{"name":"montarCards","decl":{"start":{"line":8,"column":16},"end":{"line":8,"column":27}},"loc":{"start":{"line":8,"column":31},"end":{"line":66,"column":1}},"line":8},"1":{"name":"(anonymous_1)","decl":{"start":{"line":16,"column":12},"end":{"line":16,"column":13}},"loc":{"start":{"line":16,"column":24},"end":{"line":63,"column":3}},"line":16},"2":{"name":"_btnAgendaHTML","decl":{"start":{"line":68,"column":9},"end":{"line":68,"column":23}},"loc":{"start":{"line":68,"column":33},"end":{"line":76,"column":1}},"line":68}},"branchMap":{"0":{"loc":{"start":{"line":19,"column":35},"end":{"line":19,"column":59}},"type":"cond-expr","locations":[{"start":{"line":19,"column":42},"end":{"line":19,"column":54}},{"start":{"line":19,"column":57},"end":{"line":19,"column":59}}],"line":19},"1":{"loc":{"start":{"line":22,"column":24},"end":{"line":22,"column":110}},"type":"binary-expr","locations":[{"start":{"line":22,"column":24},"end":{"line":22,"column":57}},{"start":{"line":22,"column":61},"end":{"line":22,"column":110}}],"line":22},"2":{"loc":{"start":{"line":23,"column":24},"end":{"line":23,"column":74}},"type":"cond-expr","locations":[{"start":{"line":23,"column":47},"end":{"line":23,"column":69}},{"start":{"line":23,"column":72},"end":{"line":23,"column":74}}],"line":23},"3":{"loc":{"start":{"line":23,"column":25},"end":{"line":23,"column":43}},"type":"binary-expr","locations":[{"start":{"line":23,"column":25},"end":{"line":23,"column":34}},{"start":{"line":23,"column":38},"end":{"line":23,"column":43}}],"line":23},"4":{"loc":{"start":{"line":26,"column":25},"end":{"line":28,"column":10}},"type":"cond-expr","locations":[{"start":{"line":27,"column":8},"end":{"line":27,"column":76}},{"start":{"line":28,"column":8},"end":{"line":28,"column":10}}],"line":26},"5":{"loc":{"start":{"line":26,"column":26},"end":{"line":26,"column":52}},"type":"binary-expr","locations":[{"start":{"line":26,"column":26},"end":{"line":26,"column":33}},{"start":{"line":26,"column":37},"end":{"line":26,"column":52}}],"line":26},"6":{"loc":{"start":{"line":41,"column":149},"end":{"line":41,"column":167}},"type":"binary-expr","locations":[{"start":{"line":41,"column":149},"end":{"line":41,"column":160}},{"start":{"line":41,"column":164},"end":{"line":41,"column":167}}],"line":41},"7":{"loc":{"start":{"line":42,"column":150},"end":{"line":42,"column":176}},"type":"binary-expr","locations":[{"start":{"line":42,"column":150},"end":{"line":42,"column":169}},{"start":{"line":42,"column":173},"end":{"line":42,"column":176}}],"line":42},"8":{"loc":{"start":{"line":43,"column":12},"end":{"line":43,"column":136}},"type":"cond-expr","locations":[{"start":{"line":43,"column":23},"end":{"line":43,"column":131}},{"start":{"line":43,"column":134},"end":{"line":43,"column":136}}],"line":43},"9":{"loc":{"start":{"line":47,"column":156},"end":{"line":47,"column":181}},"type":"binary-expr","locations":[{"start":{"line":47,"column":156},"end":{"line":47,"column":174}},{"start":{"line":47,"column":178},"end":{"line":47,"column":181}}],"line":47},"10":{"loc":{"start":{"line":48,"column":103},"end":{"line":48,"column":120}},"type":"binary-expr","locations":[{"start":{"line":48,"column":103},"end":{"line":48,"column":113}},{"start":{"line":48,"column":117},"end":{"line":48,"column":120}}],"line":48},"11":{"loc":{"start":{"line":49,"column":154},"end":{"line":49,"column":177}},"type":"binary-expr","locations":[{"start":{"line":49,"column":154},"end":{"line":49,"column":170}},{"start":{"line":49,"column":174},"end":{"line":49,"column":177}}],"line":49},"12":{"loc":{"start":{"line":50,"column":160},"end":{"line":50,"column":188}},"type":"binary-expr","locations":[{"start":{"line":50,"column":160},"end":{"line":50,"column":181}},{"start":{"line":50,"column":185},"end":{"line":50,"column":188}}],"line":50},"13":{"loc":{"start":{"line":54,"column":151},"end":{"line":54,"column":171}},"type":"binary-expr","locations":[{"start":{"line":54,"column":151},"end":{"line":54,"column":164}},{"start":{"line":54,"column":168},"end":{"line":54,"column":171}}],"line":54},"14":{"loc":{"start":{"line":55,"column":95},"end":{"line":55,"column":117}},"type":"binary-expr","locations":[{"start":{"line":55,"column":95},"end":{"line":55,"column":110}},{"start":{"line":55,"column":114},"end":{"line":55,"column":117}}],"line":55},"15":{"loc":{"start":{"line":61,"column":4},"end":{"line":62,"column":48}},"type":"if","locations":[{"start":{"line":61,"column":4},"end":{"line":62,"column":48}},{"start":{"line":62,"column":15},"end":{"line":62,"column":48}}],"line":61},"16":{"loc":{"start":{"line":65,"column":26},"end":{"line":65,"column":94}},"type":"cond-expr","locations":[{"start":{"line":65,"column":79},"end":{"line":65,"column":85}},{"start":{"line":65,"column":88},"end":{"line":65,"column":94}}],"line":65},"17":{"loc":{"start":{"line":65,"column":27},"end":{"line":65,"column":75}},"type":"binary-expr","locations":[{"start":{"line":65,"column":27},"end":{"line":65,"column":34}},{"start":{"line":65,"column":38},"end":{"line":65,"column":75}}],"line":65}},"s":{"0":20,"1":20,"2":20,"3":20,"4":20,"5":20,"6":20,"7":28,"8":28,"9":28,"10":28,"11":28,"12":28,"13":28,"14":28,"15":28,"16":28,"17":28,"18":6,"19":6,"20":22,"21":20,"22":1},"f":{"0":20,"1":28,"2":1},"b":{"0":[6,22],"1":[28,3],"2":[1,27],"3":[28,2],"4":[0,28],"5":[28,0],"6":[28,0],"7":[28,0],"8":[0,28],"9":[28,0],"10":[28,0],"11":[28,11],"12":[28,28],"13":[28,0],"14":[28,28],"15":[6,22],"16":[0,20],"17":[20,4]},"inputSourceMap":null,"_coverageSchema":"1a1c01bbd47fc00a2c39e90264f33305004495a9","hash":"6d5835a11c59c08d4bf15d0ee0f9f8f41daca2c8"}
,"/home/runner/work/EscalaMusica/EscalaMusica/src/ui/filters.js": {"path":"/home/runner/work/EscalaMusica/EscalaMusica/src/ui/filters.js","statementMap":{"0":{"start":{"line":10,"column":2},"end":{"line":10,"column":18}},"1":{"start":{"line":11,"column":2},"end":{"line":11,"column":17}},"2":{"start":{"line":12,"column":2},"end":{"line":12,"column":21}},"3":{"start":{"line":17,"column":2},"end":{"line":17,"column":33}},"4":{"start":{"line":18,"column":2},"end":{"line":18,"column":36}},"5":{"start":{"line":23,"column":2},"end":{"line":36,"column":5}},"6":{"start":{"line":24,"column":17},"end":{"line":24,"column":30}},"7":{"start":{"line":25,"column":17},"end":{"line":25,"column":87}},"8":{"start":{"line":25,"column":42},"end":{"line":25,"column":48}},"9":{"start":{"line":25,"column":64},"end":{"line":25,"column":84}},"10":{"start":{"line":26,"column":4},"end":{"line":28,"column":20}},"11":{"start":{"line":27,"column":28},"end":{"line":27,"column":55}},"12":{"start":{"line":29,"column":4},"end":{"line":29,"column":67}},"13":{"start":{"line":30,"column":4},"end":{"line":34,"column":7}},"14":{"start":{"line":31,"column":16},"end":{"line":31,"column":48}},"15":{"start":{"line":32,"column":6},"end":{"line":32,"column":18}},"16":{"start":{"line":32,"column":19},"end":{"line":32,"column":37}},"17":{"start":{"line":33,"column":6},"end":{"line":33,"column":23}},"18":{"start":{"line":35,"column":4},"end":{"line":35,"column":32}},"19":{"start":{"line":41,"column":10},"end":{"line":41,"column":33}},"20":{"start":{"line":42,"column":2},"end":{"line":49,"column":5}},"21":{"start":{"line":43,"column":4},"end":{"line":48,"column":5}},"22":{"start":{"line":44,"column":18},"end":{"line":44,"column":31}},"23":{"start":{"line":45,"column":6},"end":{"line":47,"column":46}},"24":{"start":{"line":46,"column":26},"end":{"line":46,"column":86}},"25":{"start":{"line":47,"column":26},"end":{"line":47,"column":44}},"26":{"start":{"line":50,"column":16},"end":{"line":50,"column":67}},"27":{"start":{"line":51,"column":2},"end":{"line":51,"column":41}},"28":{"start":{"line":51,"column":13},"end":{"line":51,"column":41}},"29":{"start":{"line":52,"column":2},"end":{"line":52,"column":16}}},"fnMap":{"0":{"name":"renderizar","decl":{"start":{"line":9,"column":16},"end":{"line":9,"column":26}},"loc":{"start":{"line":9,"column":30},"end":{"line":13,"column":1}},"line":9},"1":{"name":"aplicarFiltroAutomatico","decl":{"start":{"line":16,"column":16},"end":{"line":16,"column":39}},"loc":{"start":{"line":16,"column":42},"end":{"line":19,"column":1}},"line":16},"2":{"name":"montarFiltros","decl":{"start":{"line":22,"column":16},"end":{"line":22,"column":29}},"loc":{"start":{"line":22,"column":33},"end":{"line":37,"column":1}},"line":22},"3":{"name":"(anonymous_3)","decl":{"start":{"line":23,"column":55},"end":{"line":23,"column":56}},"loc":{"start":{"line":23,"column":62},"end":{"line":36,"column":3}},"line":23},"4":{"name":"(anonymous_4)","decl":{"start":{"line":25,"column":35},"end":{"line":25,"column":36}},"loc":{"start":{"line":25,"column":42},"end":{"line":25,"column":48}},"line":25},"5":{"name":"(anonymous_5)","decl":{"start":{"line":25,"column":57},"end":{"line":25,"column":58}},"loc":{"start":{"line":25,"column":64},"end":{"line":25,"column":84}},"line":25},"6":{"name":"(anonymous_6)","decl":{"start":{"line":27,"column":18},"end":{"line":27,"column":19}},"loc":{"start":{"line":27,"column":28},"end":{"line":27,"column":55}},"line":27},"7":{"name":"(anonymous_7)","decl":{"start":{"line":30,"column":17},"end":{"line":30,"column":18}},"loc":{"start":{"line":30,"column":24},"end":{"line":34,"column":5}},"line":30},"8":{"name":"aplicarFiltros","decl":{"start":{"line":40,"column":16},"end":{"line":40,"column":30}},"loc":{"start":{"line":40,"column":33},"end":{"line":53,"column":1}},"line":40},"9":{"name":"(anonymous_9)","decl":{"start":{"line":42,"column":55},"end":{"line":42,"column":56}},"loc":{"start":{"line":42,"column":62},"end":{"line":49,"column":3}},"line":42},"10":{"name":"(anonymous_10)","decl":{"start":{"line":46,"column":19},"end":{"line":46,"column":20}},"loc":{"start":{"line":46,"column":26},"end":{"line":46,"column":86}},"line":46},"11":{"name":"(anonymous_11)","decl":{"start":{"line":47,"column":19},"end":{"line":47,"column":20}},"loc":{"start":{"line":47,"column":26},"end":{"line":47,"column":44}},"line":47}},"branchMap":{"0":{"loc":{"start":{"line":25,"column":64},"end":{"line":25,"column":84}},"type":"binary-expr","locations":[{"start":{"line":25,"column":64},"end":{"line":25,"column":65}},{"start":{"line":25,"column":69},"end":{"line":25,"column":84}}],"line":25},"1":{"loc":{"start":{"line":26,"column":4},"end":{"line":28,"column":19}},"type":"cond-expr","locations":[{"start":{"line":27,"column":8},"end":{"line":27,"column":56}},{"start":{"line":28,"column":8},"end":{"line":28,"column":19}}],"line":26},"2":{"loc":{"start":{"line":43,"column":4},"end":{"line":48,"column":5}},"type":"if","locations":[{"start":{"line":43,"column":4},"end":{"line":48,"column":5}},{"start":{},"end":{}}],"line":43},"3":{"loc":{"start":{"line":45,"column":10},"end":{"line":47,"column":45}},"type":"cond-expr","locations":[{"start":{"line":46,"column":10},"end":{"line":46,"column":87}},{"start":{"line":47,"column":10},"end":{"line":47,"column":45}}],"line":45},"4":{"loc":{"start":{"line":46,"column":27},"end":{"line":46,"column":39}},"type":"binary-expr","locations":[{"start":{"line":46,"column":27},"end":{"line":46,"column":33}},{"start":{"line":46,"column":37},"end":{"line":46,"column":39}}],"line":46},"5":{"loc":{"start":{"line":51,"column":2},"end":{"line":51,"column":41}},"type":"if","locations":[{"start":{"line":51,"column":2},"end":{"line":51,"column":41}},{"start":{},"end":{}}],"line":51}},"s":{"0":7,"1":7,"2":7,"3":0,"4":0,"5":6,"6":7,"7":7,"8":17,"9":17,"10":7,"11":1,"12":7,"13":7,"14":11,"15":11,"16":11,"17":11,"18":7,"19":7,"20":7,"21":6,"22":5,"23":5,"24":2,"25":11,"26":7,"27":7,"28":3,"29":7},"f":{"0":7,"1":0,"2":6,"3":7,"4":17,"5":17,"6":1,"7":11,"8":7,"9":6,"10":2,"11":11},"b":{"0":[17,14],"1":[1,6],"2":[5,1],"3":[1,4],"4":[2,0],"5":[3,4]},"inputSourceMap":null,"_coverageSchema":"1a1c01bbd47fc00a2c39e90264f33305004495a9","hash":"423502d824f4708d0a044c5f89f492286bd0bf7b"}
,"/home/runner/work/EscalaMusica/EscalaMusica/src/ui/ranking.js": {"path":"/home/runner/work/EscalaMusica/EscalaMusica/src/ui/ranking.js","statementMap":{"0":{"start":{"line":4,"column":23},"end":{"line":4,"column":78}},"1":{"start":{"line":7,"column":25},"end":{"line":7,"column":53}},"2":{"start":{"line":15,"column":17},"end":{"line":15,"column":26}},"3":{"start":{"line":17,"column":2},"end":{"line":32,"column":5}},"4":{"start":{"line":18,"column":4},"end":{"line":31,"column":7}},"5":{"start":{"line":19,"column":20},"end":{"line":19,"column":50}},"6":{"start":{"line":20,"column":6},"end":{"line":20,"column":25}},"7":{"start":{"line":20,"column":18},"end":{"line":20,"column":25}},"8":{"start":{"line":22,"column":20},"end":{"line":24,"column":17}},"9":{"start":{"line":23,"column":38},"end":{"line":23,"column":46}},"10":{"start":{"line":26,"column":6},"end":{"line":30,"column":9}},"11":{"start":{"line":27,"column":22},"end":{"line":27,"column":42}},"12":{"start":{"line":28,"column":8},"end":{"line":28,"column":58}},"13":{"start":{"line":28,"column":51},"end":{"line":28,"column":58}},"14":{"start":{"line":29,"column":8},"end":{"line":29,"column":56}},"15":{"start":{"line":34,"column":2},"end":{"line":36,"column":71}},"16":{"start":{"line":35,"column":30},"end":{"line":35,"column":52}},"17":{"start":{"line":36,"column":20},"end":{"line":36,"column":69}},"18":{"start":{"line":41,"column":16},"end":{"line":41,"column":54}},"19":{"start":{"line":42,"column":2},"end":{"line":42,"column":21}},"20":{"start":{"line":42,"column":14},"end":{"line":42,"column":21}},"21":{"start":{"line":44,"column":16},"end":{"line":44,"column":33}},"22":{"start":{"line":45,"column":2},"end":{"line":45,"column":23}},"23":{"start":{"line":47,"column":2},"end":{"line":59,"column":5}},"24":{"start":{"line":48,"column":15},"end":{"line":48,"column":43}},"25":{"start":{"line":50,"column":4},"end":{"line":53,"column":33}},"26":{"start":{"line":50,"column":19},"end":{"line":50,"column":34}},"27":{"start":{"line":51,"column":9},"end":{"line":53,"column":33}},"28":{"start":{"line":51,"column":24},"end":{"line":51,"column":39}},"29":{"start":{"line":52,"column":9},"end":{"line":53,"column":33}},"30":{"start":{"line":52,"column":24},"end":{"line":52,"column":39}},"31":{"start":{"line":53,"column":9},"end":{"line":53,"column":33}},"32":{"start":{"line":54,"column":4},"end":{"line":57,"column":97}},"33":{"start":{"line":58,"column":4},"end":{"line":58,"column":26}},"34":{"start":{"line":64,"column":2},"end":{"line":68,"column":15}},"35":{"start":{"line":67,"column":16},"end":{"line":67,"column":54}}},"fnMap":{"0":{"name":"calcularRanking","decl":{"start":{"line":14,"column":16},"end":{"line":14,"column":31}},"loc":{"start":{"line":14,"column":34},"end":{"line":37,"column":1}},"line":14},"1":{"name":"(anonymous_1)","decl":{"start":{"line":17,"column":29},"end":{"line":17,"column":30}},"loc":{"start":{"line":17,"column":43},"end":{"line":32,"column":3}},"line":17},"2":{"name":"(anonymous_2)","decl":{"start":{"line":18,"column":27},"end":{"line":18,"column":28}},"loc":{"start":{"line":18,"column":38},"end":{"line":31,"column":5}},"line":18},"3":{"name":"(anonymous_3)","decl":{"start":{"line":23,"column":31},"end":{"line":23,"column":32}},"loc":{"start":{"line":23,"column":38},"end":{"line":23,"column":46}},"line":23},"4":{"name":"(anonymous_4)","decl":{"start":{"line":26,"column":20},"end":{"line":26,"column":21}},"loc":{"start":{"line":26,"column":30},"end":{"line":30,"column":7}},"line":26},"5":{"name":"(anonymous_5)","decl":{"start":{"line":35,"column":9},"end":{"line":35,"column":10}},"loc":{"start":{"line":35,"column":30},"end":{"line":35,"column":52}},"line":35},"6":{"name":"(anonymous_6)","decl":{"start":{"line":36,"column":10},"end":{"line":36,"column":11}},"loc":{"start":{"line":36,"column":20},"end":{"line":36,"column":69}},"line":36},"7":{"name":"renderizarRanking","decl":{"start":{"line":40,"column":16},"end":{"line":40,"column":33}},"loc":{"start":{"line":40,"column":36},"end":{"line":60,"column":1}},"line":40},"8":{"name":"(anonymous_8)","decl":{"start":{"line":47,"column":16},"end":{"line":47,"column":17}},"loc":{"start":{"line":47,"column":31},"end":{"line":59,"column":3}},"line":47},"9":{"name":"_capitalizar","decl":{"start":{"line":63,"column":9},"end":{"line":63,"column":21}},"loc":{"start":{"line":63,"column":28},"end":{"line":69,"column":1}},"line":63},"10":{"name":"(anonymous_10)","decl":{"start":{"line":67,"column":9},"end":{"line":67,"column":10}},"loc":{"start":{"line":67,"column":16},"end":{"line":67,"column":54}},"line":67}},"branchMap":{"0":{"loc":{"start":{"line":19,"column":21},"end":{"line":19,"column":42}},"type":"binary-expr","locations":[{"start":{"line":19,"column":21},"end":{"line":19,"column":36}},{"start":{"line":19,"column":40},"end":{"line":19,"column":42}}],"line":19},"1":{"loc":{"start":{"line":20,"column":6},"end":{"line":20,"column":25}},"type":"if","locations":[{"start":{"line":20,"column":6},"end":{"line":20,"column":25}},{"start":{},"end":{}}],"line":20},"2":{"loc":{"start":{"line":22,"column":20},"end":{"line":24,"column":17}},"type":"cond-expr","locations":[{"start":{"line":23,"column":10},"end":{"line":23,"column":47}},{"start":{"line":24,"column":10},"end":{"line":24,"column":17}}],"line":22},"3":{"loc":{"start":{"line":28,"column":8},"end":{"line":28,"column":58}},"type":"if","locations":[{"start":{"line":28,"column":8},"end":{"line":28,"column":58}},{"start":{},"end":{}}],"line":28},"4":{"loc":{"start":{"line":28,"column":12},"end":{"line":28,"column":49}},"type":"binary-expr","locations":[{"start":{"line":28,"column":12},"end":{"line":28,"column":18}},{"start":{"line":28,"column":22},"end":{"line":28,"column":49}}],"line":28},"5":{"loc":{"start":{"line":29,"column":27},"end":{"line":29,"column":49}},"type":"binary-expr","locations":[{"start":{"line":29,"column":27},"end":{"line":29,"column":44}},{"start":{"line":29,"column":48},"end":{"line":29,"column":49}}],"line":29},"6":{"loc":{"start":{"line":36,"column":20},"end":{"line":36,"column":69}},"type":"binary-expr","locations":[{"start":{"line":36,"column":20},"end":{"line":36,"column":37}},{"start":{"line":36,"column":41},"end":{"line":36,"column":69}}],"line":36},"7":{"loc":{"start":{"line":42,"column":2},"end":{"line":42,"column":21}},"type":"if","locations":[{"start":{"line":42,"column":2},"end":{"line":42,"column":21}},{"start":{},"end":{}}],"line":42},"8":{"loc":{"start":{"line":50,"column":4},"end":{"line":53,"column":33}},"type":"if","locations":[{"start":{"line":50,"column":4},"end":{"line":53,"column":33}},{"start":{"line":51,"column":9},"end":{"line":53,"column":33}}],"line":50},"9":{"loc":{"start":{"line":51,"column":9},"end":{"line":53,"column":33}},"type":"if","locations":[{"start":{"line":51,"column":9},"end":{"line":53,"column":33}},{"start":{"line":52,"column":9},"end":{"line":53,"column":33}}],"line":51},"10":{"loc":{"start":{"line":52,"column":9},"end":{"line":53,"column":33}},"type":"if","locations":[{"start":{"line":52,"column":9},"end":{"line":53,"column":33}},{"start":{"line":53,"column":9},"end":{"line":53,"column":33}}],"line":52}},"s":{"0":0,"1":0,"2":0,"3":0,"4":0,"5":0,"6":0,"7":0,"8":0,"9":0,"10":0,"11":0,"12":0,"13":0,"14":0,"15":0,"16":0,"17":0,"18":0,"19":0,"20":0,"21":0,"22":0,"23":0,"24":0,"25":0,"26":0,"27":0,"28":0,"29":0,"30":0,"31":0,"32":0,"33":0,"34":0,"35":0},"f":{"0":0,"1":0,"2":0,"3":0,"4":0,"5":0,"6":0,"7":0,"8":0,"9":0,"10":0},"b":{"0":[0,0],"1":[0,0],"2":[0,0],"3":[0,0],"4":[0,0],"5":[0,0],"6":[0,0],"7":[0,0],"8":[0,0],"9":[0,0],"10":[0,0]},"inputSourceMap":null}
,"/home/runner/work/EscalaMusica/EscalaMusica/src/ui/table.js": {"path":"/home/runner/work/EscalaMusica/EscalaMusica/src/ui/table.js","statementMap":{"0":{"start":{"line":8,"column":13},"end":{"line":8,"column":49}},"1":{"start":{"line":9,"column":2},"end":{"line":9,"column":20}},"2":{"start":{"line":10,"column":2},"end":{"line":40,"column":5}},"3":{"start":{"line":11,"column":17},"end":{"line":11,"column":38}},"4":{"start":{"line":12,"column":15},"end":{"line":12,"column":43}},"5":{"start":{"line":13,"column":4},"end":{"line":13,"column":39}},"6":{"start":{"line":13,"column":14},"end":{"line":13,"column":39}},"7":{"start":{"line":15,"column":22},"end":{"line":15,"column":108}},"8":{"start":{"line":16,"column":22},"end":{"line":24,"column":10}},"9":{"start":{"line":26,"column":4},"end":{"line":38,"column":30}},"10":{"start":{"line":39,"column":4},"end":{"line":39,"column":23}}},"fnMap":{"0":{"name":"montarTabela","decl":{"start":{"line":7,"column":16},"end":{"line":7,"column":28}},"loc":{"start":{"line":7,"column":32},"end":{"line":41,"column":1}},"line":7},"1":{"name":"(anonymous_1)","decl":{"start":{"line":10,"column":12},"end":{"line":10,"column":13}},"loc":{"start":{"line":10,"column":19},"end":{"line":40,"column":3}},"line":10}},"branchMap":{"0":{"loc":{"start":{"line":13,"column":4},"end":{"line":13,"column":39}},"type":"if","locations":[{"start":{"line":13,"column":4},"end":{"line":13,"column":39}},{"start":{},"end":{}}],"line":13},"1":{"loc":{"start":{"line":15,"column":22},"end":{"line":15,"column":108}},"type":"binary-expr","locations":[{"start":{"line":15,"column":22},"end":{"line":15,"column":55}},{"start":{"line":15,"column":59},"end":{"line":15,"column":108}}],"line":15},"2":{"loc":{"start":{"line":16,"column":22},"end":{"line":24,"column":10}},"type":"cond-expr","locations":[{"start":{"line":17,"column":8},"end":{"line":23,"column":36}},{"start":{"line":24,"column":8},"end":{"line":24,"column":10}}],"line":16},"3":{"loc":{"start":{"line":16,"column":23},"end":{"line":16,"column":41}},"type":"binary-expr","locations":[{"start":{"line":16,"column":23},"end":{"line":16,"column":32}},{"start":{"line":16,"column":36},"end":{"line":16,"column":41}}],"line":16},"4":{"loc":{"start":{"line":28,"column":13},"end":{"line":28,"column":30}},"type":"binary-expr","locations":[{"start":{"line":28,"column":13},"end":{"line":28,"column":23}},{"start":{"line":28,"column":27},"end":{"line":28,"column":30}}],"line":28},"5":{"loc":{"start":{"line":31,"column":66},"end":{"line":31,"column":93}},"type":"binary-expr","locations":[{"start":{"line":31,"column":66},"end":{"line":31,"column":87}},{"start":{"line":31,"column":91},"end":{"line":31,"column":93}}],"line":31},"6":{"loc":{"start":{"line":34,"column":13},"end":{"line":34,"column":35}},"type":"binary-expr","locations":[{"start":{"line":34,"column":13},"end":{"line":34,"column":28}},{"start":{"line":34,"column":32},"end":{"line":34,"column":35}}],"line":34},"7":{"loc":{"start":{"line":35,"column":65},"end":{"line":35,"column":87}},"type":"binary-expr","locations":[{"start":{"line":35,"column":65},"end":{"line":35,"column":81}},{"start":{"line":35,"column":85},"end":{"line":35,"column":87}}],"line":35},"8":{"loc":{"start":{"line":36,"column":65},"end":{"line":36,"column":82}},"type":"binary-expr","locations":[{"start":{"line":36,"column":65},"end":{"line":36,"column":76}},{"start":{"line":36,"column":80},"end":{"line":36,"column":82}}],"line":36},"9":{"loc":{"start":{"line":37,"column":65},"end":{"line":37,"column":84}},"type":"binary-expr","locations":[{"start":{"line":37,"column":65},"end":{"line":37,"column":78}},{"start":{"line":37,"column":82},"end":{"line":37,"column":84}}],"line":37}},"s":{"0":18,"1":18,"2":18,"3":22,"4":22,"5":22,"6":1,"7":22,"8":22,"9":22,"10":22},"f":{"0":18,"1":22},"b":{"0":[1,21],"1":[22,0],"2":[0,22],"3":[22,0],"4":[22,0],"5":[22,22],"6":[22,11],"7":[22,11],"8":[22,0],"9":[22,0]},"inputSourceMap":null,"_coverageSchema":"1a1c01bbd47fc00a2c39e90264f33305004495a9","hash":"120b175a3689de4eedb23299da1cb92c3b2fd245"}
,"/home/runner/work/EscalaMusica/EscalaMusica/src/utils/contact.js": {"path":"/home/runner/work/EscalaMusica/EscalaMusica/src/utils/contact.js","statementMap":{"0":{"start":{"line":9,"column":15},"end":{"line":9,"column":35}},"1":{"start":{"line":10,"column":2},"end":{"line":14,"column":3}},"2":{"start":{"line":11,"column":4},"end":{"line":11,"column":64}},"3":{"start":{"line":11,"column":39},"end":{"line":11,"column":64}},"4":{"start":{"line":12,"column":4},"end":{"line":13,"column":31}},"5":{"start":{"line":12,"column":56},"end":{"line":12,"column":83}},"6":{"start":{"line":13,"column":6},"end":{"line":13,"column":31}},"7":{"start":{"line":15,"column":2},"end":{"line":15,"column":14}}},"fnMap":{"0":{"name":"buscarContato","decl":{"start":{"line":8,"column":16},"end":{"line":8,"column":29}},"loc":{"start":{"line":8,"column":49},"end":{"line":16,"column":1}},"line":8},"1":{"name":"(anonymous_1)","decl":{"start":{"line":12,"column":48},"end":{"line":12,"column":49}},"loc":{"start":{"line":12,"column":56},"end":{"line":12,"column":83}},"line":12}},"branchMap":{"0":{"loc":{"start":{"line":11,"column":4},"end":{"line":11,"column":64}},"type":"if","locations":[{"start":{"line":11,"column":4},"end":{"line":11,"column":64}},{"start":{},"end":{}}],"line":11},"1":{"loc":{"start":{"line":12,"column":4},"end":{"line":13,"column":31}},"type":"if","locations":[{"start":{"line":12,"column":4},"end":{"line":13,"column":31}},{"start":{},"end":{}}],"line":12},"2":{"loc":{"start":{"line":12,"column":9},"end":{"line":12,"column":41}},"type":"binary-expr","locations":[{"start":{"line":12,"column":9},"end":{"line":12,"column":35}},{"start":{"line":12,"column":39},"end":{"line":12,"column":41}}],"line":12}},"s":{"0":275,"1":275,"2":81,"3":27,"4":54,"5":20,"6":2,"7":246},"f":{"0":275,"1":20},"b":{"0":[27,54],"1":[2,52],"2":[54,0]},"inputSourceMap":null,"_coverageSchema":"1a1c01bbd47fc00a2c39e90264f33305004495a9","hash":"19192b64446b869b434e3e38ffb0053919a56af1"}
,"/home/runner/work/EscalaMusica/EscalaMusica/src/utils/date.js": {"path":"/home/runner/work/EscalaMusica/EscalaMusica/src/utils/date.js","statementMap":{"0":{"start":{"line":1,"column":22},"end":{"line":4,"column":1}},"1":{"start":{"line":8,"column":20},"end":{"line":8,"column":32}},"2":{"start":{"line":9,"column":2},"end":{"line":9,"column":34}},"3":{"start":{"line":14,"column":2},"end":{"line":14,"column":23}},"4":{"start":{"line":14,"column":10},"end":{"line":14,"column":23}},"5":{"start":{"line":15,"column":16},"end":{"line":15,"column":26}},"6":{"start":{"line":16,"column":2},"end":{"line":16,"column":29}},"7":{"start":{"line":17,"column":2},"end":{"line":17,"column":30}},"8":{"start":{"line":22,"column":2},"end":{"line":22,"column":26}},"9":{"start":{"line":22,"column":16},"end":{"line":22,"column":26}},"10":{"start":{"line":23,"column":12},"end":{"line":23,"column":30}},"11":{"start":{"line":24,"column":2},"end":{"line":24,"column":37}},"12":{"start":{"line":24,"column":22},"end":{"line":24,"column":37}},"13":{"start":{"line":25,"column":2},"end":{"line":25,"column":43}}},"fnMap":{"0":{"name":"parseDate","decl":{"start":{"line":7,"column":16},"end":{"line":7,"column":25}},"loc":{"start":{"line":7,"column":29},"end":{"line":10,"column":1}},"line":7},"1":{"name":"isPastDate","decl":{"start":{"line":13,"column":16},"end":{"line":13,"column":26}},"loc":{"start":{"line":13,"column":30},"end":{"line":18,"column":1}},"line":13},"2":{"name":"formatarDataExtenso","decl":{"start":{"line":21,"column":16},"end":{"line":21,"column":35}},"loc":{"start":{"line":21,"column":45},"end":{"line":26,"column":1}},"line":21}},"branchMap":{"0":{"loc":{"start":{"line":14,"column":2},"end":{"line":14,"column":23}},"type":"if","locations":[{"start":{"line":14,"column":2},"end":{"line":14,"column":23}},{"start":{},"end":{}}],"line":14},"1":{"loc":{"start":{"line":22,"column":2},"end":{"line":22,"column":26}},"type":"if","locations":[{"start":{"line":22,"column":2},"end":{"line":22,"column":26}},{"start":{},"end":{}}],"line":22},"2":{"loc":{"start":{"line":24,"column":2},"end":{"line":24,"column":37}},"type":"if","locations":[{"start":{"line":24,"column":2},"end":{"line":24,"column":37}},{"start":{},"end":{}}],"line":24}},"s":{"0":6,"1":103,"2":103,"3":90,"4":3,"5":87,"6":87,"7":87,"8":44,"9":2,"10":42,"11":42,"12":1,"13":41},"f":{"0":103,"1":90,"2":44},"b":{"0":[3,87],"1":[2,42],"2":[1,41]},"inputSourceMap":null,"_coverageSchema":"1a1c01bbd47fc00a2c39e90264f33305004495a9","hash":"89e552941e536be8d4fe2d87a4d33a01f8e69949"}
,"/home/runner/work/EscalaMusica/EscalaMusica/src/utils/formatter.js": {"path":"/home/runner/work/EscalaMusica/EscalaMusica/src/utils/formatter.js","statementMap":{"0":{"start":{"line":4,"column":15},"end":{"line":4,"column":428}},"1":{"start":{"line":8,"column":2},"end":{"line":8,"column":47}},"2":{"start":{"line":8,"column":29},"end":{"line":8,"column":47}},"3":{"start":{"line":9,"column":12},"end":{"line":9,"column":44}},"4":{"start":{"line":10,"column":2},"end":{"line":12,"column":11}},"5":{"start":{"line":20,"column":2},"end":{"line":20,"column":47}},"6":{"start":{"line":20,"column":29},"end":{"line":20,"column":47}},"7":{"start":{"line":21,"column":13},"end":{"line":21,"column":42}},"8":{"start":{"line":22,"column":2},"end":{"line":27,"column":3}},"9":{"start":{"line":26,"column":4},"end":{"line":26,"column":55}},"10":{"start":{"line":28,"column":2},"end":{"line":28,"column":14}},"11":{"start":{"line":33,"column":2},"end":{"line":33,"column":38}},"12":{"start":{"line":33,"column":27},"end":{"line":33,"column":38}},"13":{"start":{"line":34,"column":2},"end":{"line":37,"column":16}},"14":{"start":{"line":36,"column":16},"end":{"line":36,"column":65}},"15":{"start":{"line":42,"column":2},"end":{"line":42,"column":42}},"16":{"start":{"line":42,"column":31},"end":{"line":42,"column":42}},"17":{"start":{"line":43,"column":2},"end":{"line":51,"column":14}},"18":{"start":{"line":46,"column":16},"end":{"line":46,"column":29}},"19":{"start":{"line":47,"column":6},"end":{"line":47,"column":24}},"20":{"start":{"line":47,"column":14},"end":{"line":47,"column":24}},"21":{"start":{"line":48,"column":18},"end":{"line":48,"column":108}},"22":{"start":{"line":49,"column":6},"end":{"line":49,"column":312}}},"fnMap":{"0":{"name":"linkarNome","decl":{"start":{"line":7,"column":16},"end":{"line":7,"column":26}},"loc":{"start":{"line":7,"column":46},"end":{"line":13,"column":1}},"line":7},"1":{"name":"formatarNome","decl":{"start":{"line":19,"column":16},"end":{"line":19,"column":28}},"loc":{"start":{"line":19,"column":62},"end":{"line":29,"column":1}},"line":19},"2":{"name":"formatarLista","decl":{"start":{"line":32,"column":16},"end":{"line":32,"column":29}},"loc":{"start":{"line":32,"column":62},"end":{"line":38,"column":1}},"line":32},"3":{"name":"(anonymous_3)","decl":{"start":{"line":36,"column":9},"end":{"line":36,"column":10}},"loc":{"start":{"line":36,"column":16},"end":{"line":36,"column":65}},"line":36},"4":{"name":"formatarMusicasComYouTube","decl":{"start":{"line":41,"column":16},"end":{"line":41,"column":41}},"loc":{"start":{"line":41,"column":49},"end":{"line":52,"column":1}},"line":41},"5":{"name":"(anonymous_5)","decl":{"start":{"line":45,"column":9},"end":{"line":45,"column":10}},"loc":{"start":{"line":45,"column":21},"end":{"line":50,"column":5}},"line":45}},"branchMap":{"0":{"loc":{"start":{"line":8,"column":2},"end":{"line":8,"column":47}},"type":"if","locations":[{"start":{"line":8,"column":2},"end":{"line":8,"column":47}},{"start":{},"end":{}}],"line":8},"1":{"loc":{"start":{"line":8,"column":6},"end":{"line":8,"column":27}},"type":"binary-expr","locations":[{"start":{"line":8,"column":6},"end":{"line":8,"column":11}},{"start":{"line":8,"column":15},"end":{"line":8,"column":27}}],"line":8},"2":{"loc":{"start":{"line":8,"column":36},"end":{"line":8,"column":46}},"type":"binary-expr","locations":[{"start":{"line":8,"column":36},"end":{"line":8,"column":40}},{"start":{"line":8,"column":44},"end":{"line":8,"column":46}}],"line":8},"3":{"loc":{"start":{"line":10,"column":9},"end":{"line":12,"column":10}},"type":"cond-expr","locations":[{"start":{"line":11,"column":6},"end":{"line":11,"column":97}},{"start":{"line":12,"column":6},"end":{"line":12,"column":10}}],"line":10},"4":{"loc":{"start":{"line":20,"column":2},"end":{"line":20,"column":47}},"type":"if","locations":[{"start":{"line":20,"column":2},"end":{"line":20,"column":47}},{"start":{},"end":{}}],"line":20},"5":{"loc":{"start":{"line":20,"column":6},"end":{"line":20,"column":27}},"type":"binary-expr","locations":[{"start":{"line":20,"column":6},"end":{"line":20,"column":11}},{"start":{"line":20,"column":15},"end":{"line":20,"column":27}}],"line":20},"6":{"loc":{"start":{"line":20,"column":36},"end":{"line":20,"column":46}},"type":"binary-expr","locations":[{"start":{"line":20,"column":36},"end":{"line":20,"column":40}},{"start":{"line":20,"column":44},"end":{"line":20,"column":46}}],"line":20},"7":{"loc":{"start":{"line":22,"column":2},"end":{"line":27,"column":3}},"type":"if","locations":[{"start":{"line":22,"column":2},"end":{"line":27,"column":3}},{"start":{},"end":{}}],"line":22},"8":{"loc":{"start":{"line":23,"column":4},"end":{"line":24,"column":71}},"type":"binary-expr","locations":[{"start":{"line":23,"column":4},"end":{"line":23,"column":31}},{"start":{"line":24,"column":4},"end":{"line":24,"column":71}}],"line":23},"9":{"loc":{"start":{"line":33,"column":2},"end":{"line":33,"column":38}},"type":"if","locations":[{"start":{"line":33,"column":2},"end":{"line":33,"column":38}},{"start":{},"end":{}}],"line":33},"10":{"loc":{"start":{"line":33,"column":6},"end":{"line":33,"column":25}},"type":"binary-expr","locations":[{"start":{"line":33,"column":6},"end":{"line":33,"column":10}},{"start":{"line":33,"column":14},"end":{"line":33,"column":25}}],"line":33},"11":{"loc":{"start":{"line":42,"column":2},"end":{"line":42,"column":42}},"type":"if","locations":[{"start":{"line":42,"column":2},"end":{"line":42,"column":42}},{"start":{},"end":{}}],"line":42},"12":{"loc":{"start":{"line":42,"column":6},"end":{"line":42,"column":29}},"type":"binary-expr","locations":[{"start":{"line":42,"column":6},"end":{"line":42,"column":12}},{"start":{"line":42,"column":16},"end":{"line":42,"column":29}}],"line":42},"13":{"loc":{"start":{"line":47,"column":6},"end":{"line":47,"column":24}},"type":"if","locations":[{"start":{"line":47,"column":6},"end":{"line":47,"column":24}},{"start":{},"end":{}}],"line":47}},"s":{"0":4,"1":242,"2":2,"3":240,"4":240,"5":260,"6":23,"7":237,"8":237,"9":5,"10":237,"11":106,"12":54,"13":52,"14":55,"15":108,"16":81,"17":27,"18":30,"19":30,"20":1,"21":29,"22":29},"f":{"0":242,"1":260,"2":106,"3":55,"4":108,"5":30},"b":{"0":[2,240],"1":[242,241],"2":[2,1],"3":[9,231],"4":[23,237],"5":[260,248],"6":[23,12],"7":[5,232],"8":[237,20],"9":[54,52],"10":[106,81],"11":[81,27],"12":[108,28],"13":[1,29]},"inputSourceMap":null,"_coverageSchema":"1a1c01bbd47fc00a2c39e90264f33305004495a9","hash":"46544b7c12e9225d2b517cf4c4ff92762f0e3f77"}
,"/home/runner/work/EscalaMusica/EscalaMusica/src/utils/name.js": {"path":"/home/runner/work/EscalaMusica/EscalaMusica/src/utils/name.js","statementMap":{"0":{"start":{"line":1,"column":31},"end":{"line":4,"column":1}},"1":{"start":{"line":6,"column":29},"end":{"line":9,"column":1}},"2":{"start":{"line":13,"column":2},"end":{"line":13,"column":81}},"3":{"start":{"line":21,"column":2},"end":{"line":21,"column":26}},"4":{"start":{"line":21,"column":13},"end":{"line":21,"column":26}},"5":{"start":{"line":22,"column":12},"end":{"line":22,"column":32}},"6":{"start":{"line":23,"column":2},"end":{"line":28,"column":5}},"7":{"start":{"line":24,"column":14},"end":{"line":24,"column":31}},"8":{"start":{"line":25,"column":4},"end":{"line":27,"column":32}},"9":{"start":{"line":26,"column":32},"end":{"line":26,"column":56}},"10":{"start":{"line":33,"column":2},"end":{"line":33,"column":27}},"11":{"start":{"line":33,"column":14},"end":{"line":33,"column":27}},"12":{"start":{"line":34,"column":12},"end":{"line":34,"column":33}},"13":{"start":{"line":35,"column":2},"end":{"line":42,"column":4}},"14":{"start":{"line":36,"column":4},"end":{"line":41,"column":6}},"15":{"start":{"line":37,"column":16},"end":{"line":37,"column":39}},"16":{"start":{"line":38,"column":6},"end":{"line":40,"column":40}},"17":{"start":{"line":39,"column":34},"end":{"line":39,"column":58}},"18":{"start":{"line":39,"column":72},"end":{"line":39,"column":85}}},"fnMap":{"0":{"name":"normalizarNome","decl":{"start":{"line":12,"column":16},"end":{"line":12,"column":30}},"loc":{"start":{"line":12,"column":34},"end":{"line":14,"column":1}},"line":12},"1":{"name":"estaEscalado","decl":{"start":{"line":20,"column":16},"end":{"line":20,"column":28}},"loc":{"start":{"line":20,"column":45},"end":{"line":29,"column":1}},"line":20},"2":{"name":"(anonymous_2)","decl":{"start":{"line":23,"column":30},"end":{"line":23,"column":31}},"loc":{"start":{"line":23,"column":37},"end":{"line":28,"column":3}},"line":23},"3":{"name":"(anonymous_3)","decl":{"start":{"line":26,"column":25},"end":{"line":26,"column":26}},"loc":{"start":{"line":26,"column":32},"end":{"line":26,"column":56}},"line":26},"4":{"name":"buscarPorNome","decl":{"start":{"line":32,"column":16},"end":{"line":32,"column":29}},"loc":{"start":{"line":32,"column":44},"end":{"line":43,"column":1}},"line":32},"5":{"name":"(anonymous_5)","decl":{"start":{"line":35,"column":22},"end":{"line":35,"column":23}},"loc":{"start":{"line":36,"column":4},"end":{"line":41,"column":6}},"line":36},"6":{"name":"(anonymous_6)","decl":{"start":{"line":36,"column":23},"end":{"line":36,"column":24}},"loc":{"start":{"line":36,"column":30},"end":{"line":41,"column":5}},"line":36},"7":{"name":"(anonymous_7)","decl":{"start":{"line":39,"column":27},"end":{"line":39,"column":28}},"loc":{"start":{"line":39,"column":34},"end":{"line":39,"column":58}},"line":39},"8":{"name":"(anonymous_8)","decl":{"start":{"line":39,"column":65},"end":{"line":39,"column":66}},"loc":{"start":{"line":39,"column":72},"end":{"line":39,"column":85}},"line":39}},"branchMap":{"0":{"loc":{"start":{"line":21,"column":2},"end":{"line":21,"column":26}},"type":"if","locations":[{"start":{"line":21,"column":2},"end":{"line":21,"column":26}},{"start":{},"end":{}}],"line":21},"1":{"loc":{"start":{"line":24,"column":14},"end":{"line":24,"column":31}},"type":"binary-expr","locations":[{"start":{"line":24,"column":14},"end":{"line":24,"column":25}},{"start":{"line":24,"column":29},"end":{"line":24,"column":31}}],"line":24},"2":{"loc":{"start":{"line":25,"column":11},"end":{"line":27,"column":31}},"type":"cond-expr","locations":[{"start":{"line":26,"column":8},"end":{"line":26,"column":69}},{"start":{"line":27,"column":8},"end":{"line":27,"column":31}}],"line":25},"3":{"loc":{"start":{"line":33,"column":2},"end":{"line":33,"column":27}},"type":"if","locations":[{"start":{"line":33,"column":2},"end":{"line":33,"column":27}},{"start":{},"end":{}}],"line":33},"4":{"loc":{"start":{"line":37,"column":17},"end":{"line":37,"column":27}},"type":"binary-expr","locations":[{"start":{"line":37,"column":17},"end":{"line":37,"column":21}},{"start":{"line":37,"column":25},"end":{"line":37,"column":27}}],"line":37},"5":{"loc":{"start":{"line":38,"column":13},"end":{"line":40,"column":39}},"type":"cond-expr","locations":[{"start":{"line":39,"column":10},"end":{"line":39,"column":86}},{"start":{"line":40,"column":10},"end":{"line":40,"column":39}}],"line":38}},"s":{"0":9,"1":9,"2":1237,"3":53,"4":2,"5":51,"6":51,"7":175,"8":175,"9":59,"10":14,"11":2,"12":12,"13":12,"14":35,"15":321,"16":321,"17":30,"18":29},"f":{"0":1237,"1":53,"2":175,"3":59,"4":14,"5":35,"6":321,"7":30,"8":29},"b":{"0":[2,51],"1":[175,69],"2":[16,159],"3":[2,12],"4":[321,133],"5":[15,306]},"inputSourceMap":null,"_coverageSchema":"1a1c01bbd47fc00a2c39e90264f33305004495a9","hash":"dd2d9bccf5188e52ce5c111fed90edd838718dce"}
}
