{"C:\\unionall\\church\\EscalaMusica\\src\\main.js": {"path":"C:\\unionall\\church\\EscalaMusica\\src\\main.js","statementMap":{"0":{"start":{"line":10,"column":0},"end":{"line":10,"column":49}},"1":{"start":{"line":12,"column":0},"end":{"line":53,"column":2}},"2":{"start":{"line":13,"column":2},"end":{"line":13,"column":49}},"3":{"start":{"line":13,"column":42},"end":{"line":13,"column":49}},"4":{"start":{"line":14,"column":19},"end":{"line":14,"column":69}},"5":{"start":{"line":14,"column":50},"end":{"line":14,"column":68}},"6":{"start":{"line":15,"column":2},"end":{"line":15,"column":24}},"7":{"start":{"line":15,"column":17},"end":{"line":15,"column":24}},"8":{"start":{"line":17,"column":21},"end":{"line":17,"column":82}},"9":{"start":{"line":18,"column":26},"end":{"line":18,"column":50}},"10":{"start":{"line":19,"column":21},"end":{"line":19,"column":65}},"11":{"start":{"line":21,"column":19},"end":{"line":21,"column":27}},"12":{"start":{"line":21,"column":39},"end":{"line":21,"column":47}},"13":{"start":{"line":22,"column":2},"end":{"line":26,"column":3}},"14":{"start":{"line":23,"column":4},"end":{"line":23,"column":26}},"15":{"start":{"line":23,"column":27},"end":{"line":23,"column":46}},"16":{"start":{"line":24,"column":9},"end":{"line":26,"column":3}},"17":{"start":{"line":25,"column":4},"end":{"line":25,"column":26}},"18":{"start":{"line":25,"column":27},"end":{"line":25,"column":46}},"19":{"start":{"line":28,"column":18},"end":{"line":33,"column":14}},"20":{"start":{"line":35,"column":21},"end":{"line":44,"column":14}},"21":{"start":{"line":46,"column":15},"end":{"line":46,"column":78}},"22":{"start":{"line":47,"column":15},"end":{"line":47,"column":42}},"23":{"start":{"line":48,"column":2},"end":{"line":48,"column":48}},"24":{"start":{"line":49,"column":2},"end":{"line":49,"column":65}},"25":{"start":{"line":50,"column":2},"end":{"line":50,"column":34}},"26":{"start":{"line":51,"column":2},"end":{"line":51,"column":15}},"27":{"start":{"line":52,"column":2},"end":{"line":52,"column":34}},"28":{"start":{"line":57,"column":0},"end":{"line":64,"column":2}},"29":{"start":{"line":58,"column":2},"end":{"line":58,"column":41}},"30":{"start":{"line":59,"column":2},"end":{"line":59,"column":38}},"31":{"start":{"line":60,"column":2},"end":{"line":61,"column":43}},"32":{"start":{"line":61,"column":4},"end":{"line":61,"column":43}},"33":{"start":{"line":62,"column":2},"end":{"line":62,"column":28}},"34":{"start":{"line":63,"column":2},"end":{"line":63,"column":16}},"35":{"start":{"line":66,"column":0},"end":{"line":70,"column":2}},"36":{"start":{"line":67,"column":13},"end":{"line":67,"column":53}},"37":{"start":{"line":68,"column":2},"end":{"line":68,"column":32}},"38":{"start":{"line":69,"column":2},"end":{"line":69,"column":86}},"39":{"start":{"line":69,"column":39},"end":{"line":69,"column":86}},"40":{"start":{"line":72,"column":0},"end":{"line":85,"column":2}},"41":{"start":{"line":73,"column":2},"end":{"line":74,"column":72}},"42":{"start":{"line":74,"column":4},"end":{"line":74,"column":72}},"43":{"start":{"line":75,"column":14},"end":{"line":75,"column":52}},"44":{"start":{"line":76,"column":2},"end":{"line":84,"column":3}},"45":{"start":{"line":77,"column":4},"end":{"line":77,"column":35}},"46":{"start":{"line":78,"column":4},"end":{"line":78,"column":30}},"47":{"start":{"line":80,"column":4},"end":{"line":80,"column":32}},"48":{"start":{"line":81,"column":4},"end":{"line":81,"column":54}},"49":{"start":{"line":82,"column":4},"end":{"line":82,"column":80}},"50":{"start":{"line":82,"column":65},"end":{"line":82,"column":77}},"51":{"start":{"line":83,"column":4},"end":{"line":83,"column":100}},"52":{"start":{"line":83,"column":48},"end":{"line":83,"column":97}},"53":{"start":{"line":87,"column":0},"end":{"line":88,"column":64}},"54":{"start":{"line":88,"column":2},"end":{"line":88,"column":63}},"55":{"start":{"line":90,"column":0},"end":{"line":95,"column":2}},"56":{"start":{"line":91,"column":2},"end":{"line":91,"column":78}},"57":{"start":{"line":91,"column":63},"end":{"line":91,"column":75}},"58":{"start":{"line":92,"column":2},"end":{"line":92,"column":52}},"59":{"start":{"line":93,"column":2},"end":{"line":93,"column":68}},"60":{"start":{"line":94,"column":2},"end":{"line":94,"column":28}},"61":{"start":{"line":97,"column":0},"end":{"line":103,"column":2}},"62":{"start":{"line":98,"column":12},"end":{"line":98,"column":55}},"63":{"start":{"line":99,"column":2},"end":{"line":99,"column":29}},"64":{"start":{"line":100,"column":2},"end":{"line":100,"column":70}},"65":{"start":{"line":101,"column":2},"end":{"line":102,"column":51}},"66":{"start":{"line":105,"column":0},"end":{"line":108,"column":3}},"67":{"start":{"line":106,"column":2},"end":{"line":106,"column":68}},"68":{"start":{"line":107,"column":2},"end":{"line":107,"column":19}},"69":{"start":{"line":113,"column":2},"end":{"line":113,"column":22}},"70":{"start":{"line":114,"column":2},"end":{"line":114,"column":26}},"71":{"start":{"line":117,"column":0},"end":{"line":120,"column":9}},"72":{"start":{"line":118,"column":2},"end":{"line":118,"column":54}},"73":{"start":{"line":120,"column":2},"end":{"line":120,"column":9}}},"fnMap":{"0":{"name":"(anonymous_0)","decl":{"start":{"line":12,"column":28},"end":{"line":12,"column":29}},"loc":{"start":{"line":12,"column":41},"end":{"line":53,"column":1}},"line":12},"1":{"name":"(anonymous_1)","decl":{"start":{"line":14,"column":43},"end":{"line":14,"column":44}},"loc":{"start":{"line":14,"column":50},"end":{"line":14,"column":68}},"line":14},"2":{"name":"(anonymous_2)","decl":{"start":{"line":57,"column":47},"end":{"line":57,"column":48}},"loc":{"start":{"line":57,"column":53},"end":{"line":64,"column":1}},"line":57},"3":{"name":"(anonymous_3)","decl":{"start":{"line":66,"column":53},"end":{"line":66,"column":54}},"loc":{"start":{"line":66,"column":59},"end":{"line":70,"column":1}},"line":66},"4":{"name":"(anonymous_4)","decl":{"start":{"line":72,"column":49},"end":{"line":72,"column":50}},"loc":{"start":{"line":72,"column":55},"end":{"line":85,"column":1}},"line":72},"5":{"name":"(anonymous_5)","decl":{"start":{"line":82,"column":57},"end":{"line":82,"column":58}},"loc":{"start":{"line":82,"column":65},"end":{"line":82,"column":77}},"line":82},"6":{"name":"(anonymous_6)","decl":{"start":{"line":83,"column":41},"end":{"line":83,"column":42}},"loc":{"start":{"line":83,"column":48},"end":{"line":83,"column":97}},"line":83},"7":{"name":"(anonymous_7)","decl":{"start":{"line":87,"column":54},"end":{"line":87,"column":55}},"loc":{"start":{"line":88,"column":2},"end":{"line":88,"column":63}},"line":88},"8":{"name":"(anonymous_8)","decl":{"start":{"line":90,"column":53},"end":{"line":90,"column":54}},"loc":{"start":{"line":90,"column":59},"end":{"line":95,"column":1}},"line":90},"9":{"name":"(anonymous_9)","decl":{"start":{"line":91,"column":55},"end":{"line":91,"column":56}},"loc":{"start":{"line":91,"column":63},"end":{"line":91,"column":75}},"line":91},"10":{"name":"(anonymous_10)","decl":{"start":{"line":97,"column":51},"end":{"line":97,"column":52}},"loc":{"start":{"line":97,"column":57},"end":{"line":103,"column":1}},"line":97},"11":{"name":"(anonymous_11)","decl":{"start":{"line":105,"column":65},"end":{"line":105,"column":66}},"loc":{"start":{"line":105,"column":71},"end":{"line":108,"column":1}},"line":105},"12":{"name":"init","decl":{"start":{"line":112,"column":15},"end":{"line":112,"column":19}},"loc":{"start":{"line":112,"column":22},"end":{"line":115,"column":1}},"line":112}},"branchMap":{"0":{"loc":{"start":{"line":13,"column":2},"end":{"line":13,"column":49}},"type":"if","locations":[{"start":{"line":13,"column":2},"end":{"line":13,"column":49}},{"start":{},"end":{}}],"line":13},"1":{"loc":{"start":{"line":15,"column":2},"end":{"line":15,"column":24}},"type":"if","locations":[{"start":{"line":15,"column":2},"end":{"line":15,"column":24}},{"start":{},"end":{}}],"line":15},"2":{"loc":{"start":{"line":19,"column":22},"end":{"line":19,"column":50}},"type":"binary-expr","locations":[{"start":{"line":19,"column":22},"end":{"line":19,"column":44}},{"start":{"line":19,"column":48},"end":{"line":19,"column":50}}],"line":19},"3":{"loc":{"start":{"line":22,"column":2},"end":{"line":26,"column":3}},"type":"if","locations":[{"start":{"line":22,"column":2},"end":{"line":26,"column":3}},{"start":{"line":24,"column":9},"end":{"line":26,"column":3}}],"line":22},"4":{"loc":{"start":{"line":22,"column":6},"end":{"line":22,"column":66}},"type":"binary-expr","locations":[{"start":{"line":22,"column":6},"end":{"line":22,"column":34}},{"start":{"line":22,"column":38},"end":{"line":22,"column":66}}],"line":22},"5":{"loc":{"start":{"line":24,"column":9},"end":{"line":26,"column":3}},"type":"if","locations":[{"start":{"line":24,"column":9},"end":{"line":26,"column":3}},{"start":{},"end":{}}],"line":24},"6":{"loc":{"start":{"line":60,"column":2},"end":{"line":61,"column":43}},"type":"if","locations":[{"start":{"line":60,"column":2},"end":{"line":61,"column":43}},{"start":{},"end":{}}],"line":60},"7":{"loc":{"start":{"line":60,"column":6},"end":{"line":60,"column":58}},"type":"binary-expr","locations":[{"start":{"line":60,"column":6},"end":{"line":60,"column":35}},{"start":{"line":60,"column":39},"end":{"line":60,"column":58}}],"line":60},"8":{"loc":{"start":{"line":69,"column":2},"end":{"line":69,"column":86}},"type":"if","locations":[{"start":{"line":69,"column":2},"end":{"line":69,"column":86}},{"start":{},"end":{}}],"line":69},"9":{"loc":{"start":{"line":73,"column":2},"end":{"line":74,"column":72}},"type":"if","locations":[{"start":{"line":73,"column":2},"end":{"line":74,"column":72}},{"start":{},"end":{}}],"line":73},"10":{"loc":{"start":{"line":76,"column":2},"end":{"line":84,"column":3}},"type":"if","locations":[{"start":{"line":76,"column":2},"end":{"line":84,"column":3}},{"start":{"line":79,"column":9},"end":{"line":84,"column":3}}],"line":76},"11":{"loc":{"start":{"line":102,"column":4},"end":{"line":102,"column":50}},"type":"cond-expr","locations":[{"start":{"line":102,"column":35},"end":{"line":102,"column":41}},{"start":{"line":102,"column":44},"end":{"line":102,"column":50}}],"line":102},"12":{"loc":{"start":{"line":117,"column":0},"end":{"line":120,"column":9}},"type":"if","locations":[{"start":{"line":117,"column":0},"end":{"line":120,"column":9}},{"start":{"line":120,"column":2},"end":{"line":120,"column":9}}],"line":117}},"s":{"0":0,"1":0,"2":0,"3":0,"4":0,"5":0,"6":0,"7":0,"8":0,"9":0,"10":0,"11":0,"12":0,"13":0,"14":0,"15":0,"16":0,"17":0,"18":0,"19":0,"20":0,"21":0,"22":0,"23":0,"24":0,"25":0,"26":0,"27":0,"28":0,"29":0,"30":0,"31":0,"32":0,"33":0,"34":0,"35":0,"36":0,"37":0,"38":0,"39":0,"40":0,"41":0,"42":0,"43":0,"44":0,"45":0,"46":0,"47":0,"48":0,"49":0,"50":0,"51":0,"52":0,"53":0,"54":0,"55":0,"56":0,"57":0,"58":0,"59":0,"60":0,"61":0,"62":0,"63":0,"64":0,"65":0,"66":0,"67":0,"68":0,"69":0,"70":0,"71":0,"72":0,"73":0},"f":{"0":0,"1":0,"2":0,"3":0,"4":0,"5":0,"6":0,"7":0,"8":0,"9":0,"10":0,"11":0,"12":0},"b":{"0":[0,0],"1":[0,0],"2":[0,0],"3":[0,0],"4":[0,0],"5":[0,0],"6":[0,0],"7":[0,0],"8":[0,0],"9":[0,0],"10":[0,0],"11":[0,0],"12":[0,0]},"inputSourceMap":null}
,"C:\\unionall\\church\\EscalaMusica\\src\\state.js": {"path":"C:\\unionall\\church\\EscalaMusica\\src\\state.js","statementMap":{"0":{"start":{"line":2,"column":21},"end":{"line":9,"column":1}}},"fnMap":{},"branchMap":{},"s":{"0":0},"f":{},"b":{},"inputSourceMap":null}
,"C:\\unionall\\church\\EscalaMusica\\src\\auth\\auth.js": {"path":"C:\\unionall\\church\\EscalaMusica\\src\\auth\\auth.js","statementMap":{"0":{"start":{"line":5,"column":18},"end":{"line":5,"column":92}},"1":{"start":{"line":10,"column":2},"end":{"line":10,"column":67}},"2":{"start":{"line":11,"column":2},"end":{"line":11,"column":75}},"3":{"start":{"line":12,"column":2},"end":{"line":12,"column":65}},"4":{"start":{"line":13,"column":2},"end":{"line":13,"column":57}},"5":{"start":{"line":14,"column":2},"end":{"line":14,"column":35}},"6":{"start":{"line":18,"column":2},"end":{"line":18,"column":66}},"7":{"start":{"line":19,"column":2},"end":{"line":19,"column":65}},"8":{"start":{"line":20,"column":2},"end":{"line":20,"column":76}},"9":{"start":{"line":21,"column":17},"end":{"line":21,"column":61}},"10":{"start":{"line":22,"column":2},"end":{"line":22,"column":81}},"11":{"start":{"line":23,"column":2},"end":{"line":27,"column":5}},"12":{"start":{"line":24,"column":16},"end":{"line":24,"column":48}},"13":{"start":{"line":25,"column":4},"end":{"line":25,"column":39}},"14":{"start":{"line":26,"column":4},"end":{"line":26,"column":28}},"15":{"start":{"line":31,"column":17},"end":{"line":31,"column":61}},"16":{"start":{"line":32,"column":2},"end":{"line":32,"column":77}},"17":{"start":{"line":32,"column":21},"end":{"line":32,"column":77}},"18":{"start":{"line":33,"column":2},"end":{"line":33,"column":50}},"19":{"start":{"line":34,"column":2},"end":{"line":34,"column":80}},"20":{"start":{"line":35,"column":2},"end":{"line":35,"column":71}},"21":{"start":{"line":36,"column":2},"end":{"line":36,"column":75}},"22":{"start":{"line":37,"column":2},"end":{"line":37,"column":15}},"23":{"start":{"line":38,"column":2},"end":{"line":38,"column":28}},"24":{"start":{"line":42,"column":2},"end":{"line":42,"column":66}},"25":{"start":{"line":43,"column":2},"end":{"line":43,"column":75}},"26":{"start":{"line":44,"column":2},"end":{"line":44,"column":66}},"27":{"start":{"line":45,"column":2},"end":{"line":51,"column":3}},"28":{"start":{"line":46,"column":4},"end":{"line":46,"column":63}},"29":{"start":{"line":47,"column":4},"end":{"line":48,"column":66}},"30":{"start":{"line":49,"column":4},"end":{"line":50,"column":77}},"31":{"start":{"line":50,"column":6},"end":{"line":50,"column":77}},"32":{"start":{"line":57,"column":19},"end":{"line":57,"column":54}},"33":{"start":{"line":58,"column":19},"end":{"line":58,"column":51}},"34":{"start":{"line":59,"column":2},"end":{"line":69,"column":3}},"35":{"start":{"line":60,"column":4},"end":{"line":68,"column":5}},"36":{"start":{"line":61,"column":6},"end":{"line":61,"column":48}},"37":{"start":{"line":62,"column":6},"end":{"line":63,"column":55}},"38":{"start":{"line":62,"column":45},"end":{"line":62,"column":66}},"39":{"start":{"line":63,"column":13},"end":{"line":63,"column":26}},"40":{"start":{"line":63,"column":27},"end":{"line":63,"column":53}},"41":{"start":{"line":64,"column":6},"end":{"line":64,"column":13}},"42":{"start":{"line":66,"column":6},"end":{"line":66,"column":45}},"43":{"start":{"line":67,"column":6},"end":{"line":67,"column":42}},"44":{"start":{"line":70,"column":2},"end":{"line":70,"column":16}},"45":{"start":{"line":74,"column":19},"end":{"line":74,"column":20}},"46":{"start":{"line":76,"column":4},"end":{"line":76,"column":17}},"47":{"start":{"line":77,"column":4},"end":{"line":83,"column":5}},"48":{"start":{"line":78,"column":6},"end":{"line":78,"column":98}},"49":{"start":{"line":79,"column":18},"end":{"line":79,"column":57}},"50":{"start":{"line":80,"column":6},"end":{"line":80,"column":104}},"51":{"start":{"line":80,"column":15},"end":{"line":80,"column":104}},"52":{"start":{"line":81,"column":11},"end":{"line":83,"column":5}},"53":{"start":{"line":82,"column":6},"end":{"line":82,"column":30}},"54":{"start":{"line":85,"column":2},"end":{"line":85,"column":26}},"55":{"start":{"line":89,"column":2},"end":{"line":102,"column":32}},"56":{"start":{"line":90,"column":17},"end":{"line":90,"column":25}},"57":{"start":{"line":92,"column":28},"end":{"line":92,"column":62}},"58":{"start":{"line":93,"column":6},"end":{"line":96,"column":8}},"59":{"start":{"line":97,"column":6},"end":{"line":97,"column":63}},"60":{"start":{"line":98,"column":6},"end":{"line":98,"column":75}},"61":{"start":{"line":99,"column":6},"end":{"line":100,"column":55}},"62":{"start":{"line":99,"column":45},"end":{"line":99,"column":66}},"63":{"start":{"line":100,"column":13},"end":{"line":100,"column":26}},"64":{"start":{"line":100,"column":27},"end":{"line":100,"column":53}},"65":{"start":{"line":102,"column":17},"end":{"line":102,"column":30}}},"fnMap":{"0":{"name":"mostrarAuth","decl":{"start":{"line":9,"column":16},"end":{"line":9,"column":27}},"loc":{"start":{"line":9,"column":30},"end":{"line":15,"column":1}},"line":9},"1":{"name":"mostrarSelecaoNome","decl":{"start":{"line":17,"column":16},"end":{"line":17,"column":34}},"loc":{"start":{"line":17,"column":37},"end":{"line":28,"column":1}},"line":17},"2":{"name":"(anonymous_2)","decl":{"start":{"line":23,"column":48},"end":{"line":23,"column":49}},"loc":{"start":{"line":23,"column":58},"end":{"line":27,"column":3}},"line":23},"3":{"name":"salvarNomeVinculado","decl":{"start":{"line":30,"column":16},"end":{"line":30,"column":35}},"loc":{"start":{"line":30,"column":38},"end":{"line":39,"column":1}},"line":30},"4":{"name":"mostrarApp","decl":{"start":{"line":41,"column":16},"end":{"line":41,"column":26}},"loc":{"start":{"line":41,"column":29},"end":{"line":52,"column":1}},"line":41},"5":{"name":"verificarAutenticacao","decl":{"start":{"line":56,"column":16},"end":{"line":56,"column":37}},"loc":{"start":{"line":56,"column":40},"end":{"line":71,"column":1}},"line":56},"6":{"name":"inicializarGoogleComTentativas","decl":{"start":{"line":73,"column":16},"end":{"line":73,"column":46}},"loc":{"start":{"line":73,"column":49},"end":{"line":86,"column":1}},"line":73},"7":{"name":"checar","decl":{"start":{"line":75,"column":11},"end":{"line":75,"column":17}},"loc":{"start":{"line":75,"column":20},"end":{"line":84,"column":3}},"line":75},"8":{"name":"handleCredentialResponse","decl":{"start":{"line":88,"column":16},"end":{"line":88,"column":40}},"loc":{"start":{"line":88,"column":51},"end":{"line":103,"column":1}},"line":88},"9":{"name":"(anonymous_9)","decl":{"start":{"line":90,"column":10},"end":{"line":90,"column":11}},"loc":{"start":{"line":90,"column":17},"end":{"line":90,"column":25}},"line":90},"10":{"name":"(anonymous_10)","decl":{"start":{"line":91,"column":10},"end":{"line":91,"column":11}},"loc":{"start":{"line":91,"column":20},"end":{"line":101,"column":5}},"line":91},"11":{"name":"(anonymous_11)","decl":{"start":{"line":102,"column":11},"end":{"line":102,"column":12}},"loc":{"start":{"line":102,"column":17},"end":{"line":102,"column":30}},"line":102}},"branchMap":{"0":{"loc":{"start":{"line":32,"column":2},"end":{"line":32,"column":77}},"type":"if","locations":[{"start":{"line":32,"column":2},"end":{"line":32,"column":77}},{"start":{},"end":{}}],"line":32},"1":{"loc":{"start":{"line":45,"column":2},"end":{"line":51,"column":3}},"type":"if","locations":[{"start":{"line":45,"column":2},"end":{"line":51,"column":3}},{"start":{},"end":{}}],"line":45},"2":{"loc":{"start":{"line":48,"column":6},"end":{"line":48,"column":65}},"type":"binary-expr","locations":[{"start":{"line":48,"column":6},"end":{"line":48,"column":38}},{"start":{"line":48,"column":42},"end":{"line":48,"column":65}}],"line":48},"3":{"loc":{"start":{"line":49,"column":4},"end":{"line":50,"column":77}},"type":"if","locations":[{"start":{"line":49,"column":4},"end":{"line":50,"column":77}},{"start":{},"end":{}}],"line":49},"4":{"loc":{"start":{"line":59,"column":2},"end":{"line":69,"column":3}},"type":"if","locations":[{"start":{"line":59,"column":2},"end":{"line":69,"column":3}},{"start":{},"end":{}}],"line":59},"5":{"loc":{"start":{"line":59,"column":6},"end":{"line":59,"column":23}},"type":"binary-expr","locations":[{"start":{"line":59,"column":6},"end":{"line":59,"column":11}},{"start":{"line":59,"column":15},"end":{"line":59,"column":23}}],"line":59},"6":{"loc":{"start":{"line":62,"column":6},"end":{"line":63,"column":55}},"type":"if","locations":[{"start":{"line":62,"column":6},"end":{"line":63,"column":55}},{"start":{"line":63,"column":11},"end":{"line":63,"column":55}}],"line":62},"7":{"loc":{"start":{"line":77,"column":4},"end":{"line":83,"column":5}},"type":"if","locations":[{"start":{"line":77,"column":4},"end":{"line":83,"column":5}},{"start":{"line":81,"column":11},"end":{"line":83,"column":5}}],"line":77},"8":{"loc":{"start":{"line":77,"column":8},"end":{"line":77,"column":60}},"type":"binary-expr","locations":[{"start":{"line":77,"column":8},"end":{"line":77,"column":37}},{"start":{"line":77,"column":41},"end":{"line":77,"column":60}}],"line":77},"9":{"loc":{"start":{"line":80,"column":6},"end":{"line":80,"column":104}},"type":"if","locations":[{"start":{"line":80,"column":6},"end":{"line":80,"column":104}},{"start":{},"end":{}}],"line":80},"10":{"loc":{"start":{"line":81,"column":11},"end":{"line":83,"column":5}},"type":"if","locations":[{"start":{"line":81,"column":11},"end":{"line":83,"column":5}},{"start":{},"end":{}}],"line":81},"11":{"loc":{"start":{"line":99,"column":6},"end":{"line":100,"column":55}},"type":"if","locations":[{"start":{"line":99,"column":6},"end":{"line":100,"column":55}},{"start":{"line":100,"column":11},"end":{"line":100,"column":55}}],"line":99}},"s":{"0":0,"1":0,"2":0,"3":0,"4":0,"5":0,"6":0,"7":0,"8":0,"9":0,"10":0,"11":0,"12":0,"13":0,"14":0,"15":0,"16":0,"17":0,"18":0,"19":0,"20":0,"21":0,"22":0,"23":0,"24":0,"25":0,"26":0,"27":0,"28":0,"29":0,"30":0,"31":0,"32":0,"33":0,"34":0,"35":0,"36":0,"37":0,"38":0,"39":0,"40":0,"41":0,"42":0,"43":0,"44":0,"45":0,"46":0,"47":0,"48":0,"49":0,"50":0,"51":0,"52":0,"53":0,"54":0,"55":0,"56":0,"57":0,"58":0,"59":0,"60":0,"61":0,"62":0,"63":0,"64":0,"65":0},"f":{"0":0,"1":0,"2":0,"3":0,"4":0,"5":0,"6":0,"7":0,"8":0,"9":0,"10":0,"11":0},"b":{"0":[0,0],"1":[0,0],"2":[0,0],"3":[0,0],"4":[0,0],"5":[0,0],"6":[0,0],"7":[0,0],"8":[0,0],"9":[0,0],"10":[0,0],"11":[0,0]},"inputSourceMap":null}
,"C:\\unionall\\church\\EscalaMusica\\src\\auth\\storage.js": {"path":"C:\\unionall\\church\\EscalaMusica\\src\\auth\\storage.js","statementMap":{"0":{"start":{"line":1,"column":14},"end":{"line":1,"column":36}},"1":{"start":{"line":5,"column":2},"end":{"line":9,"column":3}},"2":{"start":{"line":6,"column":4},"end":{"line":6,"column":59}},"3":{"start":{"line":8,"column":4},"end":{"line":8,"column":14}},"4":{"start":{"line":14,"column":2},"end":{"line":14,"column":22}},"5":{"start":{"line":14,"column":12},"end":{"line":14,"column":22}},"6":{"start":{"line":15,"column":2},"end":{"line":15,"column":40}},"7":{"start":{"line":20,"column":2},"end":{"line":20,"column":37}},"8":{"start":{"line":20,"column":30},"end":{"line":20,"column":37}},"9":{"start":{"line":21,"column":19},"end":{"line":21,"column":38}},"10":{"start":{"line":22,"column":2},"end":{"line":22,"column":32}},"11":{"start":{"line":23,"column":2},"end":{"line":23,"column":56}}},"fnMap":{"0":{"name":"lerVinculosGoogle","decl":{"start":{"line":4,"column":16},"end":{"line":4,"column":33}},"loc":{"start":{"line":4,"column":36},"end":{"line":10,"column":1}},"line":4},"1":{"name":"obterNomeVinculadoPorSub","decl":{"start":{"line":13,"column":16},"end":{"line":13,"column":40}},"loc":{"start":{"line":13,"column":46},"end":{"line":16,"column":1}},"line":13},"2":{"name":"salvarVinculoPorSub","decl":{"start":{"line":19,"column":16},"end":{"line":19,"column":35}},"loc":{"start":{"line":19,"column":56},"end":{"line":24,"column":1}},"line":19}},"branchMap":{"0":{"loc":{"start":{"line":6,"column":22},"end":{"line":6,"column":57}},"type":"binary-expr","locations":[{"start":{"line":6,"column":22},"end":{"line":6,"column":49}},{"start":{"line":6,"column":53},"end":{"line":6,"column":57}}],"line":6},"1":{"loc":{"start":{"line":14,"column":2},"end":{"line":14,"column":22}},"type":"if","locations":[{"start":{"line":14,"column":2},"end":{"line":14,"column":22}},{"start":{},"end":{}}],"line":14},"2":{"loc":{"start":{"line":15,"column":9},"end":{"line":15,"column":39}},"type":"binary-expr","locations":[{"start":{"line":15,"column":9},"end":{"line":15,"column":33}},{"start":{"line":15,"column":37},"end":{"line":15,"column":39}}],"line":15},"3":{"loc":{"start":{"line":20,"column":2},"end":{"line":20,"column":37}},"type":"if","locations":[{"start":{"line":20,"column":2},"end":{"line":20,"column":37}},{"start":{},"end":{}}],"line":20},"4":{"loc":{"start":{"line":20,"column":6},"end":{"line":20,"column":28}},"type":"binary-expr","locations":[{"start":{"line":20,"column":6},"end":{"line":20,"column":10}},{"start":{"line":20,"column":14},"end":{"line":20,"column":28}}],"line":20}},"s":{"0":1,"1":14,"2":14,"3":1,"4":5,"5":2,"6":3,"7":8,"8":4,"9":4,"10":4,"11":4},"f":{"0":14,"1":5,"2":8},"b":{"0":[14,7],"1":[2,3],"2":[3,1],"3":[4,4],"4":[8,6]},"inputSourceMap":null,"_coverageSchema":"1a1c01bbd47fc00a2c39e90264f33305004495a9","hash":"212f1379c6c58c68658cab76c7e90b194eca2974"}
,"C:\\unionall\\church\\EscalaMusica\\src\\business\\agenda.js": {"path":"C:\\unionall\\church\\EscalaMusica\\src\\business\\agenda.js","statementMap":{"0":{"start":{"line":3,"column":20},"end":{"line":25,"column":1}},"1":{"start":{"line":32,"column":12},"end":{"line":32,"column":32}},"2":{"start":{"line":33,"column":17},"end":{"line":33,"column":19}},"3":{"start":{"line":34,"column":21},"end":{"line":34,"column":23}},"4":{"start":{"line":36,"column":2},"end":{"line":45,"column":3}},"5":{"start":{"line":37,"column":14},"end":{"line":37,"column":35}},"6":{"start":{"line":38,"column":21},"end":{"line":40,"column":31}},"7":{"start":{"line":39,"column":32},"end":{"line":39,"column":56}},"8":{"start":{"line":41,"column":4},"end":{"line":44,"column":5}},"9":{"start":{"line":42,"column":6},"end":{"line":42,"column":25}},"10":{"start":{"line":43,"column":6},"end":{"line":43,"column":48}},"11":{"start":{"line":43,"column":21},"end":{"line":43,"column":48}},"12":{"start":{"line":48,"column":4},"end":{"line":48,"column":64}},"13":{"start":{"line":50,"column":4},"end":{"line":51,"column":65}},"14":{"start":{"line":52,"column":2},"end":{"line":53,"column":74}},"15":{"start":{"line":53,"column":4},"end":{"line":53,"column":74}},"16":{"start":{"line":55,"column":2},"end":{"line":55,"column":58}}},"fnMap":{"0":{"name":"getDetalhesAgenda","decl":{"start":{"line":31,"column":16},"end":{"line":31,"column":33}},"loc":{"start":{"line":31,"column":50},"end":{"line":56,"column":1}},"line":31},"1":{"name":"(anonymous_1)","decl":{"start":{"line":39,"column":25},"end":{"line":39,"column":26}},"loc":{"start":{"line":39,"column":32},"end":{"line":39,"column":56}},"line":39}},"branchMap":{"0":{"loc":{"start":{"line":37,"column":14},"end":{"line":37,"column":35}},"type":"binary-expr","locations":[{"start":{"line":37,"column":14},"end":{"line":37,"column":29}},{"start":{"line":37,"column":33},"end":{"line":37,"column":35}}],"line":37},"1":{"loc":{"start":{"line":38,"column":21},"end":{"line":40,"column":31}},"type":"cond-expr","locations":[{"start":{"line":39,"column":8},"end":{"line":39,"column":69}},{"start":{"line":40,"column":8},"end":{"line":40,"column":31}}],"line":38},"2":{"loc":{"start":{"line":41,"column":4},"end":{"line":44,"column":5}},"type":"if","locations":[{"start":{"line":41,"column":4},"end":{"line":44,"column":5}},{"start":{},"end":{}}],"line":41},"3":{"loc":{"start":{"line":43,"column":6},"end":{"line":43,"column":48}},"type":"if","locations":[{"start":{"line":43,"column":6},"end":{"line":43,"column":48}},{"start":{},"end":{}}],"line":43},"4":{"loc":{"start":{"line":48,"column":4},"end":{"line":48,"column":64}},"type":"cond-expr","locations":[{"start":{"line":48,"column":24},"end":{"line":48,"column":42}},{"start":{"line":48,"column":45},"end":{"line":48,"column":64}}],"line":48},"5":{"loc":{"start":{"line":50,"column":4},"end":{"line":51,"column":65}},"type":"binary-expr","locations":[{"start":{"line":50,"column":4},"end":{"line":50,"column":29}},{"start":{"line":51,"column":4},"end":{"line":51,"column":65}}],"line":50},"6":{"loc":{"start":{"line":52,"column":2},"end":{"line":53,"column":74}},"type":"if","locations":[{"start":{"line":52,"column":2},"end":{"line":53,"column":74}},{"start":{},"end":{}}],"line":52}},"s":{"0":1,"1":12,"2":12,"3":12,"4":12,"5":84,"6":84,"7":3,"8":84,"9":12,"10":12,"11":4,"12":12,"13":12,"14":12,"15":1,"16":12},"f":{"0":12,"1":3},"b":{"0":[84,72],"1":[1,83],"2":[12,72],"3":[4,8],"4":[11,1],"5":[12,8],"6":[1,11]},"inputSourceMap":null,"_coverageSchema":"1a1c01bbd47fc00a2c39e90264f33305004495a9","hash":"14b0d7384862a6084a4d3ec99a1ebd6d5589b6e6"}
,"C:\\unionall\\church\\EscalaMusica\\src\\business\\substitute.js": {"path":"C:\\unionall\\church\\EscalaMusica\\src\\business\\substitute.js","statementMap":{"0":{"start":{"line":14,"column":2},"end":{"line":14,"column":46}},"1":{"start":{"line":14,"column":36},"end":{"line":14,"column":46}},"2":{"start":{"line":15,"column":2},"end":{"line":15,"column":69}},"3":{"start":{"line":15,"column":59},"end":{"line":15,"column":69}},"4":{"start":{"line":16,"column":2},"end":{"line":16,"column":43}},"5":{"start":{"line":16,"column":33},"end":{"line":16,"column":43}},"6":{"start":{"line":18,"column":22},"end":{"line":18,"column":77}},"7":{"start":{"line":19,"column":22},"end":{"line":19,"column":77}},"8":{"start":{"line":21,"column":20},"end":{"line":21,"column":59}},"9":{"start":{"line":22,"column":20},"end":{"line":22,"column":31}},"10":{"start":{"line":24,"column":2},"end":{"line":27,"column":3}},"11":{"start":{"line":25,"column":4},"end":{"line":25,"column":57}},"12":{"start":{"line":26,"column":4},"end":{"line":26,"column":29}},"13":{"start":{"line":29,"column":2},"end":{"line":29,"column":40}},"14":{"start":{"line":29,"column":30},"end":{"line":29,"column":40}},"15":{"start":{"line":31,"column":24},"end":{"line":31,"column":63}},"16":{"start":{"line":32,"column":15},"end":{"line":32,"column":173}},"17":{"start":{"line":33,"column":15},"end":{"line":33,"column":101}},"18":{"start":{"line":35,"column":2},"end":{"line":38,"column":8}}},"fnMap":{"0":{"name":"gerarLinkSubstituto","decl":{"start":{"line":13,"column":16},"end":{"line":13,"column":35}},"loc":{"start":{"line":13,"column":73},"end":{"line":39,"column":1}},"line":13}},"branchMap":{"0":{"loc":{"start":{"line":14,"column":2},"end":{"line":14,"column":46}},"type":"if","locations":[{"start":{"line":14,"column":2},"end":{"line":14,"column":46}},{"start":{},"end":{}}],"line":14},"1":{"loc":{"start":{"line":15,"column":2},"end":{"line":15,"column":69}},"type":"if","locations":[{"start":{"line":15,"column":2},"end":{"line":15,"column":69}},{"start":{},"end":{}}],"line":15},"2":{"loc":{"start":{"line":16,"column":2},"end":{"line":16,"column":43}},"type":"if","locations":[{"start":{"line":16,"column":2},"end":{"line":16,"column":43}},{"start":{},"end":{}}],"line":16},"3":{"loc":{"start":{"line":18,"column":23},"end":{"line":18,"column":55}},"type":"binary-expr","locations":[{"start":{"line":18,"column":23},"end":{"line":18,"column":49}},{"start":{"line":18,"column":53},"end":{"line":18,"column":55}}],"line":18},"4":{"loc":{"start":{"line":19,"column":23},"end":{"line":19,"column":55}},"type":"binary-expr","locations":[{"start":{"line":19,"column":23},"end":{"line":19,"column":41}},{"start":{"line":19,"column":53},"end":{"line":19,"column":55}}],"line":19},"5":{"loc":{"start":{"line":24,"column":2},"end":{"line":27,"column":3}},"type":"if","locations":[{"start":{"line":24,"column":2},"end":{"line":27,"column":3}},{"start":{},"end":{}}],"line":24},"6":{"loc":{"start":{"line":29,"column":2},"end":{"line":29,"column":40}},"type":"if","locations":[{"start":{"line":29,"column":2},"end":{"line":29,"column":40}},{"start":{},"end":{}}],"line":29}},"s":{"0":9,"1":2,"2":7,"3":1,"4":6,"5":1,"6":5,"7":5,"8":5,"9":5,"10":5,"11":2,"12":2,"13":5,"14":1,"15":4,"16":4,"17":4,"18":4},"f":{"0":9},"b":{"0":[2,7],"1":[1,6],"2":[1,5],"3":[5,0],"4":[5,0],"5":[2,3],"6":[1,4]},"inputSourceMap":null,"_coverageSchema":"1a1c01bbd47fc00a2c39e90264f33305004495a9","hash":"96ae081f7fa45e4b04a5c8176891a81d7a4388ba"}
,"C:\\unionall\\church\\EscalaMusica\\src\\data\\loader.js": {"path":"C:\\unionall\\church\\EscalaMusica\\src\\data\\loader.js","statementMap":{"0":{"start":{"line":5,"column":2},"end":{"line":26,"column":3}},"1":{"start":{"line":6,"column":32},"end":{"line":9,"column":6}},"2":{"start":{"line":10,"column":4},"end":{"line":10,"column":45}},"3":{"start":{"line":11,"column":4},"end":{"line":11,"column":48}},"4":{"start":{"line":12,"column":4},"end":{"line":12,"column":83}},"5":{"start":{"line":13,"column":4},"end":{"line":13,"column":82}},"6":{"start":{"line":14,"column":4},"end":{"line":14,"column":71}},"7":{"start":{"line":16,"column":4},"end":{"line":16,"column":48}},"8":{"start":{"line":17,"column":26},"end":{"line":17,"column":68}},"9":{"start":{"line":18,"column":26},"end":{"line":18,"column":67}},"10":{"start":{"line":19,"column":4},"end":{"line":25,"column":5}},"11":{"start":{"line":20,"column":6},"end":{"line":20,"column":50}},"12":{"start":{"line":21,"column":6},"end":{"line":21,"column":53}},"13":{"start":{"line":22,"column":6},"end":{"line":22,"column":81}},"14":{"start":{"line":24,"column":6},"end":{"line":24,"column":65}}},"fnMap":{"0":{"name":"carregarCSV","decl":{"start":{"line":4,"column":22},"end":{"line":4,"column":33}},"loc":{"start":{"line":4,"column":36},"end":{"line":27,"column":1}},"line":4}},"branchMap":{"0":{"loc":{"start":{"line":19,"column":4},"end":{"line":25,"column":5}},"type":"if","locations":[{"start":{"line":19,"column":4},"end":{"line":25,"column":5}},{"start":{"line":23,"column":11},"end":{"line":25,"column":5}}],"line":19},"1":{"loc":{"start":{"line":19,"column":8},"end":{"line":19,"column":35}},"type":"binary-expr","locations":[{"start":{"line":19,"column":8},"end":{"line":19,"column":18}},{"start":{"line":19,"column":22},"end":{"line":19,"column":35}}],"line":19}},"s":{"0":0,"1":0,"2":0,"3":0,"4":0,"5":0,"6":0,"7":0,"8":0,"9":0,"10":0,"11":0,"12":0,"13":0,"14":0},"f":{"0":0},"b":{"0":[0,0],"1":[0,0]},"inputSourceMap":null}
,"C:\\unionall\\church\\EscalaMusica\\src\\ui\\alerts.js": {"path":"C:\\unionall\\church\\EscalaMusica\\src\\ui\\alerts.js","statementMap":{"0":{"start":{"line":7,"column":20},"end":{"line":7,"column":61}},"1":{"start":{"line":8,"column":2},"end":{"line":8,"column":27}},"2":{"start":{"line":9,"column":2},"end":{"line":9,"column":49}},"3":{"start":{"line":9,"column":42},"end":{"line":9,"column":49}},"4":{"start":{"line":11,"column":15},"end":{"line":11,"column":25}},"5":{"start":{"line":12,"column":2},"end":{"line":12,"column":28}},"6":{"start":{"line":14,"column":18},"end":{"line":16,"column":3}},"7":{"start":{"line":15,"column":11},"end":{"line":15,"column":83}},"8":{"start":{"line":18,"column":2},"end":{"line":28,"column":3}},"9":{"start":{"line":19,"column":21},"end":{"line":19,"column":31}},"10":{"start":{"line":20,"column":21},"end":{"line":20,"column":89}},"11":{"start":{"line":21,"column":4},"end":{"line":27,"column":5}},"12":{"start":{"line":22,"column":22},"end":{"line":22,"column":51}},"13":{"start":{"line":23,"column":6},"end":{"line":23,"column":45}},"14":{"start":{"line":24,"column":22},"end":{"line":24,"column":97}},"15":{"start":{"line":25,"column":6},"end":{"line":25,"column":139}},"16":{"start":{"line":26,"column":6},"end":{"line":26,"column":32}}},"fnMap":{"0":{"name":"verificarAlertas","decl":{"start":{"line":6,"column":16},"end":{"line":6,"column":32}},"loc":{"start":{"line":6,"column":35},"end":{"line":29,"column":1}},"line":6},"1":{"name":"(anonymous_1)","decl":{"start":{"line":15,"column":4},"end":{"line":15,"column":5}},"loc":{"start":{"line":15,"column":11},"end":{"line":15,"column":83}},"line":15}},"branchMap":{"0":{"loc":{"start":{"line":9,"column":2},"end":{"line":9,"column":49}},"type":"if","locations":[{"start":{"line":9,"column":2},"end":{"line":9,"column":49}},{"start":{},"end":{}}],"line":9},"1":{"loc":{"start":{"line":15,"column":11},"end":{"line":15,"column":83}},"type":"binary-expr","locations":[{"start":{"line":15,"column":11},"end":{"line":15,"column":30}},{"start":{"line":15,"column":34},"end":{"line":15,"column":83}}],"line":15},"2":{"loc":{"start":{"line":18,"column":2},"end":{"line":28,"column":3}},"type":"if","locations":[{"start":{"line":18,"column":2},"end":{"line":28,"column":3}},{"start":{},"end":{}}],"line":18},"3":{"loc":{"start":{"line":21,"column":4},"end":{"line":27,"column":5}},"type":"if","locations":[{"start":{"line":21,"column":4},"end":{"line":27,"column":5}},{"start":{},"end":{}}],"line":21},"4":{"loc":{"start":{"line":24,"column":22},"end":{"line":24,"column":97}},"type":"cond-expr","locations":[{"start":{"line":24,"column":39},"end":{"line":24,"column":45}},{"start":{"line":24,"column":48},"end":{"line":24,"column":97}}],"line":24},"5":{"loc":{"start":{"line":24,"column":48},"end":{"line":24,"column":97}},"type":"cond-expr","locations":[{"start":{"line":24,"column":65},"end":{"line":24,"column":73}},{"start":{"line":24,"column":76},"end":{"line":24,"column":97}}],"line":24}},"s":{"0":0,"1":0,"2":0,"3":0,"4":0,"5":0,"6":0,"7":0,"8":0,"9":0,"10":0,"11":0,"12":0,"13":0,"14":0,"15":0,"16":0},"f":{"0":0,"1":0},"b":{"0":[0,0],"1":[0,0],"2":[0,0],"3":[0,0],"4":[0,0],"5":[0,0]},"inputSourceMap":null}
,"C:\\unionall\\church\\EscalaMusica\\src\\ui\\cards.js": {"path":"C:\\unionall\\church\\EscalaMusica\\src\\ui\\cards.js","statementMap":{"0":{"start":{"line":9,"column":21},"end":{"line":9,"column":63}},"1":{"start":{"line":10,"column":21},"end":{"line":10,"column":64}},"2":{"start":{"line":11,"column":21},"end":{"line":11,"column":59}},"3":{"start":{"line":12,"column":2},"end":{"line":12,"column":28}},"4":{"start":{"line":13,"column":2},"end":{"line":13,"column":28}},"5":{"start":{"line":14,"column":16},"end":{"line":14,"column":21}},"6":{"start":{"line":16,"column":2},"end":{"line":63,"column":5}},"7":{"start":{"line":17,"column":21},"end":{"line":17,"column":42}},"8":{"start":{"line":18,"column":21},"end":{"line":18,"column":50}},"9":{"start":{"line":19,"column":4},"end":{"line":19,"column":61}},"10":{"start":{"line":20,"column":4},"end":{"line":20,"column":49}},"11":{"start":{"line":22,"column":24},"end":{"line":22,"column":110}},"12":{"start":{"line":23,"column":24},"end":{"line":23,"column":74}},"13":{"start":{"line":24,"column":24},"end":{"line":24,"column":85}},"14":{"start":{"line":25,"column":24},"end":{"line":25,"column":36}},"15":{"start":{"line":26,"column":25},"end":{"line":28,"column":10}},"16":{"start":{"line":30,"column":4},"end":{"line":59,"column":14}},"17":{"start":{"line":61,"column":4},"end":{"line":62,"column":48}},"18":{"start":{"line":61,"column":16},"end":{"line":61,"column":45}},"19":{"start":{"line":61,"column":46},"end":{"line":61,"column":61}},"20":{"start":{"line":62,"column":17},"end":{"line":62,"column":46}},"21":{"start":{"line":65,"column":2},"end":{"line":65,"column":95}},"22":{"start":{"line":69,"column":2},"end":{"line":75,"column":31}}},"fnMap":{"0":{"name":"montarCards","decl":{"start":{"line":8,"column":16},"end":{"line":8,"column":27}},"loc":{"start":{"line":8,"column":31},"end":{"line":66,"column":1}},"line":8},"1":{"name":"(anonymous_1)","decl":{"start":{"line":16,"column":12},"end":{"line":16,"column":13}},"loc":{"start":{"line":16,"column":24},"end":{"line":63,"column":3}},"line":16},"2":{"name":"_btnAgendaHTML","decl":{"start":{"line":68,"column":9},"end":{"line":68,"column":23}},"loc":{"start":{"line":68,"column":33},"end":{"line":76,"column":1}},"line":68}},"branchMap":{"0":{"loc":{"start":{"line":19,"column":35},"end":{"line":19,"column":59}},"type":"cond-expr","locations":[{"start":{"line":19,"column":42},"end":{"line":19,"column":54}},{"start":{"line":19,"column":57},"end":{"line":19,"column":59}}],"line":19},"1":{"loc":{"start":{"line":22,"column":24},"end":{"line":22,"column":110}},"type":"binary-expr","locations":[{"start":{"line":22,"column":24},"end":{"line":22,"column":57}},{"start":{"line":22,"column":61},"end":{"line":22,"column":110}}],"line":22},"2":{"loc":{"start":{"line":23,"column":24},"end":{"line":23,"column":74}},"type":"cond-expr","locations":[{"start":{"line":23,"column":47},"end":{"line":23,"column":69}},{"start":{"line":23,"column":72},"end":{"line":23,"column":74}}],"line":23},"3":{"loc":{"start":{"line":23,"column":25},"end":{"line":23,"column":43}},"type":"binary-expr","locations":[{"start":{"line":23,"column":25},"end":{"line":23,"column":34}},{"start":{"line":23,"column":38},"end":{"line":23,"column":43}}],"line":23},"4":{"loc":{"start":{"line":26,"column":25},"end":{"line":28,"column":10}},"type":"cond-expr","locations":[{"start":{"line":27,"column":8},"end":{"line":27,"column":76}},{"start":{"line":28,"column":8},"end":{"line":28,"column":10}}],"line":26},"5":{"loc":{"start":{"line":26,"column":26},"end":{"line":26,"column":52}},"type":"binary-expr","locations":[{"start":{"line":26,"column":26},"end":{"line":26,"column":33}},{"start":{"line":26,"column":37},"end":{"line":26,"column":52}}],"line":26},"6":{"loc":{"start":{"line":41,"column":149},"end":{"line":41,"column":167}},"type":"binary-expr","locations":[{"start":{"line":41,"column":149},"end":{"line":41,"column":160}},{"start":{"line":41,"column":164},"end":{"line":41,"column":167}}],"line":41},"7":{"loc":{"start":{"line":42,"column":150},"end":{"line":42,"column":176}},"type":"binary-expr","locations":[{"start":{"line":42,"column":150},"end":{"line":42,"column":169}},{"start":{"line":42,"column":173},"end":{"line":42,"column":176}}],"line":42},"8":{"loc":{"start":{"line":43,"column":12},"end":{"line":43,"column":136}},"type":"cond-expr","locations":[{"start":{"line":43,"column":23},"end":{"line":43,"column":131}},{"start":{"line":43,"column":134},"end":{"line":43,"column":136}}],"line":43},"9":{"loc":{"start":{"line":47,"column":156},"end":{"line":47,"column":181}},"type":"binary-expr","locations":[{"start":{"line":47,"column":156},"end":{"line":47,"column":174}},{"start":{"line":47,"column":178},"end":{"line":47,"column":181}}],"line":47},"10":{"loc":{"start":{"line":48,"column":103},"end":{"line":48,"column":120}},"type":"binary-expr","locations":[{"start":{"line":48,"column":103},"end":{"line":48,"column":113}},{"start":{"line":48,"column":117},"end":{"line":48,"column":120}}],"line":48},"11":{"loc":{"start":{"line":49,"column":154},"end":{"line":49,"column":177}},"type":"binary-expr","locations":[{"start":{"line":49,"column":154},"end":{"line":49,"column":170}},{"start":{"line":49,"column":174},"end":{"line":49,"column":177}}],"line":49},"12":{"loc":{"start":{"line":50,"column":160},"end":{"line":50,"column":188}},"type":"binary-expr","locations":[{"start":{"line":50,"column":160},"end":{"line":50,"column":181}},{"start":{"line":50,"column":185},"end":{"line":50,"column":188}}],"line":50},"13":{"loc":{"start":{"line":54,"column":151},"end":{"line":54,"column":171}},"type":"binary-expr","locations":[{"start":{"line":54,"column":151},"end":{"line":54,"column":164}},{"start":{"line":54,"column":168},"end":{"line":54,"column":171}}],"line":54},"14":{"loc":{"start":{"line":55,"column":95},"end":{"line":55,"column":117}},"type":"binary-expr","locations":[{"start":{"line":55,"column":95},"end":{"line":55,"column":110}},{"start":{"line":55,"column":114},"end":{"line":55,"column":117}}],"line":55},"15":{"loc":{"start":{"line":61,"column":4},"end":{"line":62,"column":48}},"type":"if","locations":[{"start":{"line":61,"column":4},"end":{"line":62,"column":48}},{"start":{"line":62,"column":15},"end":{"line":62,"column":48}}],"line":61},"16":{"loc":{"start":{"line":65,"column":26},"end":{"line":65,"column":94}},"type":"cond-expr","locations":[{"start":{"line":65,"column":79},"end":{"line":65,"column":85}},{"start":{"line":65,"column":88},"end":{"line":65,"column":94}}],"line":65},"17":{"loc":{"start":{"line":65,"column":27},"end":{"line":65,"column":75}},"type":"binary-expr","locations":[{"start":{"line":65,"column":27},"end":{"line":65,"column":34}},{"start":{"line":65,"column":38},"end":{"line":65,"column":75}}],"line":65}},"s":{"0":0,"1":0,"2":0,"3":0,"4":0,"5":0,"6":0,"7":0,"8":0,"9":0,"10":0,"11":0,"12":0,"13":0,"14":0,"15":0,"16":0,"17":0,"18":0,"19":0,"20":0,"21":0,"22":0},"f":{"0":0,"1":0,"2":0},"b":{"0":[0,0],"1":[0,0],"2":[0,0],"3":[0,0],"4":[0,0],"5":[0,0],"6":[0,0],"7":[0,0],"8":[0,0],"9":[0,0],"10":[0,0],"11":[0,0],"12":[0,0],"13":[0,0],"14":[0,0],"15":[0,0],"16":[0,0],"17":[0,0]},"inputSourceMap":null}
,"C:\\unionall\\church\\EscalaMusica\\src\\ui\\filters.js": {"path":"C:\\unionall\\church\\EscalaMusica\\src\\ui\\filters.js","statementMap":{"0":{"start":{"line":10,"column":2},"end":{"line":10,"column":18}},"1":{"start":{"line":11,"column":2},"end":{"line":11,"column":17}},"2":{"start":{"line":12,"column":2},"end":{"line":12,"column":21}},"3":{"start":{"line":17,"column":2},"end":{"line":17,"column":33}},"4":{"start":{"line":18,"column":2},"end":{"line":18,"column":36}},"5":{"start":{"line":23,"column":2},"end":{"line":36,"column":5}},"6":{"start":{"line":24,"column":17},"end":{"line":24,"column":30}},"7":{"start":{"line":25,"column":17},"end":{"line":25,"column":87}},"8":{"start":{"line":25,"column":42},"end":{"line":25,"column":48}},"9":{"start":{"line":25,"column":64},"end":{"line":25,"column":84}},"10":{"start":{"line":26,"column":4},"end":{"line":28,"column":20}},"11":{"start":{"line":27,"column":28},"end":{"line":27,"column":55}},"12":{"start":{"line":29,"column":4},"end":{"line":29,"column":67}},"13":{"start":{"line":30,"column":4},"end":{"line":34,"column":7}},"14":{"start":{"line":31,"column":16},"end":{"line":31,"column":48}},"15":{"start":{"line":32,"column":6},"end":{"line":32,"column":18}},"16":{"start":{"line":32,"column":19},"end":{"line":32,"column":37}},"17":{"start":{"line":33,"column":6},"end":{"line":33,"column":23}},"18":{"start":{"line":35,"column":4},"end":{"line":35,"column":32}},"19":{"start":{"line":41,"column":10},"end":{"line":41,"column":33}},"20":{"start":{"line":42,"column":2},"end":{"line":49,"column":5}},"21":{"start":{"line":43,"column":4},"end":{"line":48,"column":5}},"22":{"start":{"line":44,"column":18},"end":{"line":44,"column":31}},"23":{"start":{"line":45,"column":6},"end":{"line":47,"column":46}},"24":{"start":{"line":46,"column":26},"end":{"line":46,"column":86}},"25":{"start":{"line":47,"column":26},"end":{"line":47,"column":44}},"26":{"start":{"line":50,"column":16},"end":{"line":50,"column":67}},"27":{"start":{"line":51,"column":2},"end":{"line":51,"column":41}},"28":{"start":{"line":51,"column":13},"end":{"line":51,"column":41}},"29":{"start":{"line":52,"column":2},"end":{"line":52,"column":16}}},"fnMap":{"0":{"name":"renderizar","decl":{"start":{"line":9,"column":16},"end":{"line":9,"column":26}},"loc":{"start":{"line":9,"column":30},"end":{"line":13,"column":1}},"line":9},"1":{"name":"aplicarFiltroAutomatico","decl":{"start":{"line":16,"column":16},"end":{"line":16,"column":39}},"loc":{"start":{"line":16,"column":42},"end":{"line":19,"column":1}},"line":16},"2":{"name":"montarFiltros","decl":{"start":{"line":22,"column":16},"end":{"line":22,"column":29}},"loc":{"start":{"line":22,"column":33},"end":{"line":37,"column":1}},"line":22},"3":{"name":"(anonymous_3)","decl":{"start":{"line":23,"column":55},"end":{"line":23,"column":56}},"loc":{"start":{"line":23,"column":62},"end":{"line":36,"column":3}},"line":23},"4":{"name":"(anonymous_4)","decl":{"start":{"line":25,"column":35},"end":{"line":25,"column":36}},"loc":{"start":{"line":25,"column":42},"end":{"line":25,"column":48}},"line":25},"5":{"name":"(anonymous_5)","decl":{"start":{"line":25,"column":57},"end":{"line":25,"column":58}},"loc":{"start":{"line":25,"column":64},"end":{"line":25,"column":84}},"line":25},"6":{"name":"(anonymous_6)","decl":{"start":{"line":27,"column":18},"end":{"line":27,"column":19}},"loc":{"start":{"line":27,"column":28},"end":{"line":27,"column":55}},"line":27},"7":{"name":"(anonymous_7)","decl":{"start":{"line":30,"column":17},"end":{"line":30,"column":18}},"loc":{"start":{"line":30,"column":24},"end":{"line":34,"column":5}},"line":30},"8":{"name":"aplicarFiltros","decl":{"start":{"line":40,"column":16},"end":{"line":40,"column":30}},"loc":{"start":{"line":40,"column":33},"end":{"line":53,"column":1}},"line":40},"9":{"name":"(anonymous_9)","decl":{"start":{"line":42,"column":55},"end":{"line":42,"column":56}},"loc":{"start":{"line":42,"column":62},"end":{"line":49,"column":3}},"line":42},"10":{"name":"(anonymous_10)","decl":{"start":{"line":46,"column":19},"end":{"line":46,"column":20}},"loc":{"start":{"line":46,"column":26},"end":{"line":46,"column":86}},"line":46},"11":{"name":"(anonymous_11)","decl":{"start":{"line":47,"column":19},"end":{"line":47,"column":20}},"loc":{"start":{"line":47,"column":26},"end":{"line":47,"column":44}},"line":47}},"branchMap":{"0":{"loc":{"start":{"line":25,"column":64},"end":{"line":25,"column":84}},"type":"binary-expr","locations":[{"start":{"line":25,"column":64},"end":{"line":25,"column":65}},{"start":{"line":25,"column":69},"end":{"line":25,"column":84}}],"line":25},"1":{"loc":{"start":{"line":26,"column":4},"end":{"line":28,"column":19}},"type":"cond-expr","locations":[{"start":{"line":27,"column":8},"end":{"line":27,"column":56}},{"start":{"line":28,"column":8},"end":{"line":28,"column":19}}],"line":26},"2":{"loc":{"start":{"line":43,"column":4},"end":{"line":48,"column":5}},"type":"if","locations":[{"start":{"line":43,"column":4},"end":{"line":48,"column":5}},{"start":{},"end":{}}],"line":43},"3":{"loc":{"start":{"line":45,"column":10},"end":{"line":47,"column":45}},"type":"cond-expr","locations":[{"start":{"line":46,"column":10},"end":{"line":46,"column":87}},{"start":{"line":47,"column":10},"end":{"line":47,"column":45}}],"line":45},"4":{"loc":{"start":{"line":46,"column":27},"end":{"line":46,"column":39}},"type":"binary-expr","locations":[{"start":{"line":46,"column":27},"end":{"line":46,"column":33}},{"start":{"line":46,"column":37},"end":{"line":46,"column":39}}],"line":46},"5":{"loc":{"start":{"line":51,"column":2},"end":{"line":51,"column":41}},"type":"if","locations":[{"start":{"line":51,"column":2},"end":{"line":51,"column":41}},{"start":{},"end":{}}],"line":51}},"s":{"0":0,"1":0,"2":0,"3":0,"4":0,"5":0,"6":0,"7":0,"8":0,"9":0,"10":0,"11":0,"12":0,"13":0,"14":0,"15":0,"16":0,"17":0,"18":0,"19":0,"20":0,"21":0,"22":0,"23":0,"24":0,"25":0,"26":0,"27":0,"28":0,"29":0},"f":{"0":0,"1":0,"2":0,"3":0,"4":0,"5":0,"6":0,"7":0,"8":0,"9":0,"10":0,"11":0},"b":{"0":[0,0],"1":[0,0],"2":[0,0],"3":[0,0],"4":[0,0],"5":[0,0]},"inputSourceMap":null}
,"C:\\unionall\\church\\EscalaMusica\\src\\ui\\table.js": {"path":"C:\\unionall\\church\\EscalaMusica\\src\\ui\\table.js","statementMap":{"0":{"start":{"line":7,"column":13},"end":{"line":7,"column":49}},"1":{"start":{"line":8,"column":2},"end":{"line":8,"column":20}},"2":{"start":{"line":9,"column":2},"end":{"line":25,"column":5}},"3":{"start":{"line":10,"column":15},"end":{"line":10,"column":43}},"4":{"start":{"line":11,"column":4},"end":{"line":11,"column":56}},"5":{"start":{"line":11,"column":31},"end":{"line":11,"column":56}},"6":{"start":{"line":12,"column":4},"end":{"line":23,"column":93}},"7":{"start":{"line":24,"column":4},"end":{"line":24,"column":23}}},"fnMap":{"0":{"name":"montarTabela","decl":{"start":{"line":6,"column":16},"end":{"line":6,"column":28}},"loc":{"start":{"line":6,"column":32},"end":{"line":26,"column":1}},"line":6},"1":{"name":"(anonymous_1)","decl":{"start":{"line":9,"column":12},"end":{"line":9,"column":13}},"loc":{"start":{"line":9,"column":19},"end":{"line":25,"column":3}},"line":9}},"branchMap":{"0":{"loc":{"start":{"line":11,"column":4},"end":{"line":11,"column":56}},"type":"if","locations":[{"start":{"line":11,"column":4},"end":{"line":11,"column":56}},{"start":{},"end":{}}],"line":11},"1":{"loc":{"start":{"line":14,"column":13},"end":{"line":14,"column":30}},"type":"binary-expr","locations":[{"start":{"line":14,"column":13},"end":{"line":14,"column":23}},{"start":{"line":14,"column":27},"end":{"line":14,"column":30}}],"line":14},"2":{"loc":{"start":{"line":17,"column":66},"end":{"line":17,"column":93}},"type":"binary-expr","locations":[{"start":{"line":17,"column":66},"end":{"line":17,"column":87}},{"start":{"line":17,"column":91},"end":{"line":17,"column":93}}],"line":17},"3":{"loc":{"start":{"line":20,"column":13},"end":{"line":20,"column":35}},"type":"binary-expr","locations":[{"start":{"line":20,"column":13},"end":{"line":20,"column":28}},{"start":{"line":20,"column":32},"end":{"line":20,"column":35}}],"line":20},"4":{"loc":{"start":{"line":21,"column":65},"end":{"line":21,"column":87}},"type":"binary-expr","locations":[{"start":{"line":21,"column":65},"end":{"line":21,"column":81}},{"start":{"line":21,"column":85},"end":{"line":21,"column":87}}],"line":21},"5":{"loc":{"start":{"line":22,"column":65},"end":{"line":22,"column":82}},"type":"binary-expr","locations":[{"start":{"line":22,"column":65},"end":{"line":22,"column":76}},{"start":{"line":22,"column":80},"end":{"line":22,"column":82}}],"line":22},"6":{"loc":{"start":{"line":23,"column":65},"end":{"line":23,"column":84}},"type":"binary-expr","locations":[{"start":{"line":23,"column":65},"end":{"line":23,"column":78}},{"start":{"line":23,"column":82},"end":{"line":23,"column":84}}],"line":23}},"s":{"0":0,"1":0,"2":0,"3":0,"4":0,"5":0,"6":0,"7":0},"f":{"0":0,"1":0},"b":{"0":[0,0],"1":[0,0],"2":[0,0],"3":[0,0],"4":[0,0],"5":[0,0],"6":[0,0]},"inputSourceMap":null}
,"C:\\unionall\\church\\EscalaMusica\\src\\utils\\contact.js": {"path":"C:\\unionall\\church\\EscalaMusica\\src\\utils\\contact.js","statementMap":{"0":{"start":{"line":9,"column":15},"end":{"line":9,"column":35}},"1":{"start":{"line":10,"column":2},"end":{"line":14,"column":3}},"2":{"start":{"line":11,"column":4},"end":{"line":11,"column":64}},"3":{"start":{"line":11,"column":39},"end":{"line":11,"column":64}},"4":{"start":{"line":12,"column":4},"end":{"line":13,"column":31}},"5":{"start":{"line":12,"column":56},"end":{"line":12,"column":83}},"6":{"start":{"line":13,"column":6},"end":{"line":13,"column":31}},"7":{"start":{"line":15,"column":2},"end":{"line":15,"column":14}}},"fnMap":{"0":{"name":"buscarContato","decl":{"start":{"line":8,"column":16},"end":{"line":8,"column":29}},"loc":{"start":{"line":8,"column":49},"end":{"line":16,"column":1}},"line":8},"1":{"name":"(anonymous_1)","decl":{"start":{"line":12,"column":48},"end":{"line":12,"column":49}},"loc":{"start":{"line":12,"column":56},"end":{"line":12,"column":83}},"line":12}},"branchMap":{"0":{"loc":{"start":{"line":11,"column":4},"end":{"line":11,"column":64}},"type":"if","locations":[{"start":{"line":11,"column":4},"end":{"line":11,"column":64}},{"start":{},"end":{}}],"line":11},"1":{"loc":{"start":{"line":12,"column":4},"end":{"line":13,"column":31}},"type":"if","locations":[{"start":{"line":12,"column":4},"end":{"line":13,"column":31}},{"start":{},"end":{}}],"line":12},"2":{"loc":{"start":{"line":12,"column":9},"end":{"line":12,"column":41}},"type":"binary-expr","locations":[{"start":{"line":12,"column":9},"end":{"line":12,"column":35}},{"start":{"line":12,"column":39},"end":{"line":12,"column":41}}],"line":12}},"s":{"0":28,"1":28,"2":45,"3":18,"4":27,"5":20,"6":2,"7":8},"f":{"0":28,"1":20},"b":{"0":[18,27],"1":[2,25],"2":[27,0]},"inputSourceMap":null,"_coverageSchema":"1a1c01bbd47fc00a2c39e90264f33305004495a9","hash":"1b34b89c36fcdb633ff9cd745979ef6dea6541bb"}
,"C:\\unionall\\church\\EscalaMusica\\src\\utils\\date.js": {"path":"C:\\unionall\\church\\EscalaMusica\\src\\utils\\date.js","statementMap":{"0":{"start":{"line":1,"column":22},"end":{"line":4,"column":1}},"1":{"start":{"line":8,"column":20},"end":{"line":8,"column":32}},"2":{"start":{"line":9,"column":2},"end":{"line":9,"column":34}},"3":{"start":{"line":14,"column":2},"end":{"line":14,"column":23}},"4":{"start":{"line":14,"column":10},"end":{"line":14,"column":23}},"5":{"start":{"line":15,"column":16},"end":{"line":15,"column":26}},"6":{"start":{"line":16,"column":2},"end":{"line":16,"column":29}},"7":{"start":{"line":17,"column":2},"end":{"line":17,"column":30}},"8":{"start":{"line":22,"column":2},"end":{"line":22,"column":26}},"9":{"start":{"line":22,"column":16},"end":{"line":22,"column":26}},"10":{"start":{"line":23,"column":12},"end":{"line":23,"column":30}},"11":{"start":{"line":24,"column":2},"end":{"line":24,"column":37}},"12":{"start":{"line":24,"column":22},"end":{"line":24,"column":37}},"13":{"start":{"line":25,"column":2},"end":{"line":25,"column":43}}},"fnMap":{"0":{"name":"parseDate","decl":{"start":{"line":7,"column":16},"end":{"line":7,"column":25}},"loc":{"start":{"line":7,"column":29},"end":{"line":10,"column":1}},"line":7},"1":{"name":"isPastDate","decl":{"start":{"line":13,"column":16},"end":{"line":13,"column":26}},"loc":{"start":{"line":13,"column":30},"end":{"line":18,"column":1}},"line":13},"2":{"name":"formatarDataExtenso","decl":{"start":{"line":21,"column":16},"end":{"line":21,"column":35}},"loc":{"start":{"line":21,"column":45},"end":{"line":26,"column":1}},"line":21}},"branchMap":{"0":{"loc":{"start":{"line":14,"column":2},"end":{"line":14,"column":23}},"type":"if","locations":[{"start":{"line":14,"column":2},"end":{"line":14,"column":23}},{"start":{},"end":{}}],"line":14},"1":{"loc":{"start":{"line":22,"column":2},"end":{"line":22,"column":26}},"type":"if","locations":[{"start":{"line":22,"column":2},"end":{"line":22,"column":26}},{"start":{},"end":{}}],"line":22},"2":{"loc":{"start":{"line":24,"column":2},"end":{"line":24,"column":37}},"type":"if","locations":[{"start":{"line":24,"column":2},"end":{"line":24,"column":37}},{"start":{},"end":{}}],"line":24}},"s":{"0":2,"1":14,"2":14,"3":13,"4":3,"5":10,"6":10,"7":10,"8":16,"9":2,"10":14,"11":14,"12":1,"13":13},"f":{"0":14,"1":13,"2":16},"b":{"0":[3,10],"1":[2,14],"2":[1,13]},"inputSourceMap":null,"_coverageSchema":"1a1c01bbd47fc00a2c39e90264f33305004495a9","hash":"1afe8c1654b877cf9cd568e52c17d1a0a7cbff95"}
,"C:\\unionall\\church\\EscalaMusica\\src\\utils\\formatter.js": {"path":"C:\\unionall\\church\\EscalaMusica\\src\\utils\\formatter.js","statementMap":{"0":{"start":{"line":4,"column":15},"end":{"line":4,"column":428}},"1":{"start":{"line":8,"column":2},"end":{"line":8,"column":47}},"2":{"start":{"line":8,"column":29},"end":{"line":8,"column":47}},"3":{"start":{"line":9,"column":12},"end":{"line":9,"column":44}},"4":{"start":{"line":10,"column":2},"end":{"line":12,"column":11}},"5":{"start":{"line":20,"column":2},"end":{"line":20,"column":47}},"6":{"start":{"line":20,"column":29},"end":{"line":20,"column":47}},"7":{"start":{"line":21,"column":13},"end":{"line":21,"column":42}},"8":{"start":{"line":22,"column":2},"end":{"line":27,"column":3}},"9":{"start":{"line":26,"column":4},"end":{"line":26,"column":55}},"10":{"start":{"line":28,"column":2},"end":{"line":28,"column":14}},"11":{"start":{"line":33,"column":2},"end":{"line":33,"column":38}},"12":{"start":{"line":33,"column":27},"end":{"line":33,"column":38}},"13":{"start":{"line":34,"column":2},"end":{"line":37,"column":16}},"14":{"start":{"line":36,"column":16},"end":{"line":36,"column":65}},"15":{"start":{"line":42,"column":2},"end":{"line":42,"column":42}},"16":{"start":{"line":42,"column":31},"end":{"line":42,"column":42}},"17":{"start":{"line":43,"column":2},"end":{"line":51,"column":14}},"18":{"start":{"line":46,"column":16},"end":{"line":46,"column":29}},"19":{"start":{"line":47,"column":6},"end":{"line":47,"column":24}},"20":{"start":{"line":47,"column":14},"end":{"line":47,"column":24}},"21":{"start":{"line":48,"column":18},"end":{"line":48,"column":108}},"22":{"start":{"line":49,"column":6},"end":{"line":49,"column":219}}},"fnMap":{"0":{"name":"linkarNome","decl":{"start":{"line":7,"column":16},"end":{"line":7,"column":26}},"loc":{"start":{"line":7,"column":46},"end":{"line":13,"column":1}},"line":7},"1":{"name":"formatarNome","decl":{"start":{"line":19,"column":16},"end":{"line":19,"column":28}},"loc":{"start":{"line":19,"column":62},"end":{"line":29,"column":1}},"line":19},"2":{"name":"formatarLista","decl":{"start":{"line":32,"column":16},"end":{"line":32,"column":29}},"loc":{"start":{"line":32,"column":62},"end":{"line":38,"column":1}},"line":32},"3":{"name":"(anonymous_3)","decl":{"start":{"line":36,"column":9},"end":{"line":36,"column":10}},"loc":{"start":{"line":36,"column":16},"end":{"line":36,"column":65}},"line":36},"4":{"name":"formatarMusicasComYouTube","decl":{"start":{"line":41,"column":16},"end":{"line":41,"column":41}},"loc":{"start":{"line":41,"column":49},"end":{"line":52,"column":1}},"line":41},"5":{"name":"(anonymous_5)","decl":{"start":{"line":45,"column":9},"end":{"line":45,"column":10}},"loc":{"start":{"line":45,"column":21},"end":{"line":50,"column":5}},"line":45}},"branchMap":{"0":{"loc":{"start":{"line":8,"column":2},"end":{"line":8,"column":47}},"type":"if","locations":[{"start":{"line":8,"column":2},"end":{"line":8,"column":47}},{"start":{},"end":{}}],"line":8},"1":{"loc":{"start":{"line":8,"column":6},"end":{"line":8,"column":27}},"type":"binary-expr","locations":[{"start":{"line":8,"column":6},"end":{"line":8,"column":11}},{"start":{"line":8,"column":15},"end":{"line":8,"column":27}}],"line":8},"2":{"loc":{"start":{"line":8,"column":36},"end":{"line":8,"column":46}},"type":"binary-expr","locations":[{"start":{"line":8,"column":36},"end":{"line":8,"column":40}},{"start":{"line":8,"column":44},"end":{"line":8,"column":46}}],"line":8},"3":{"loc":{"start":{"line":10,"column":9},"end":{"line":12,"column":10}},"type":"cond-expr","locations":[{"start":{"line":11,"column":6},"end":{"line":11,"column":97}},{"start":{"line":12,"column":6},"end":{"line":12,"column":10}}],"line":10},"4":{"loc":{"start":{"line":20,"column":2},"end":{"line":20,"column":47}},"type":"if","locations":[{"start":{"line":20,"column":2},"end":{"line":20,"column":47}},{"start":{},"end":{}}],"line":20},"5":{"loc":{"start":{"line":20,"column":6},"end":{"line":20,"column":27}},"type":"binary-expr","locations":[{"start":{"line":20,"column":6},"end":{"line":20,"column":11}},{"start":{"line":20,"column":15},"end":{"line":20,"column":27}}],"line":20},"6":{"loc":{"start":{"line":20,"column":36},"end":{"line":20,"column":46}},"type":"binary-expr","locations":[{"start":{"line":20,"column":36},"end":{"line":20,"column":40}},{"start":{"line":20,"column":44},"end":{"line":20,"column":46}}],"line":20},"7":{"loc":{"start":{"line":22,"column":2},"end":{"line":27,"column":3}},"type":"if","locations":[{"start":{"line":22,"column":2},"end":{"line":27,"column":3}},{"start":{},"end":{}}],"line":22},"8":{"loc":{"start":{"line":23,"column":4},"end":{"line":24,"column":71}},"type":"binary-expr","locations":[{"start":{"line":23,"column":4},"end":{"line":23,"column":31}},{"start":{"line":24,"column":4},"end":{"line":24,"column":71}}],"line":23},"9":{"loc":{"start":{"line":33,"column":2},"end":{"line":33,"column":38}},"type":"if","locations":[{"start":{"line":33,"column":2},"end":{"line":33,"column":38}},{"start":{},"end":{}}],"line":33},"10":{"loc":{"start":{"line":33,"column":6},"end":{"line":33,"column":25}},"type":"binary-expr","locations":[{"start":{"line":33,"column":6},"end":{"line":33,"column":10}},{"start":{"line":33,"column":14},"end":{"line":33,"column":25}}],"line":33},"11":{"loc":{"start":{"line":42,"column":2},"end":{"line":42,"column":42}},"type":"if","locations":[{"start":{"line":42,"column":2},"end":{"line":42,"column":42}},{"start":{},"end":{}}],"line":42},"12":{"loc":{"start":{"line":42,"column":6},"end":{"line":42,"column":29}},"type":"binary-expr","locations":[{"start":{"line":42,"column":6},"end":{"line":42,"column":12}},{"start":{"line":42,"column":16},"end":{"line":42,"column":29}}],"line":42},"13":{"loc":{"start":{"line":47,"column":6},"end":{"line":47,"column":24}},"type":"if","locations":[{"start":{"line":47,"column":6},"end":{"line":47,"column":24}},{"start":{},"end":{}}],"line":47}},"s":{"0":1,"1":12,"2":2,"3":10,"4":10,"5":8,"6":1,"7":7,"8":7,"9":3,"10":7,"11":6,"12":4,"13":2,"14":3,"15":8,"16":3,"17":5,"18":8,"19":8,"20":1,"21":7,"22":7},"f":{"0":12,"1":8,"2":6,"3":3,"4":8,"5":8},"b":{"0":[2,10],"1":[12,11],"2":[2,1],"3":[9,1],"4":[1,7],"5":[8,7],"6":[1,1],"7":[3,4],"8":[7,5],"9":[4,2],"10":[6,3],"11":[3,5],"12":[8,6],"13":[1,7]},"inputSourceMap":null,"_coverageSchema":"1a1c01bbd47fc00a2c39e90264f33305004495a9","hash":"914a358782c6b73b5406901fec1f54afc76ddee4"}
,"C:\\unionall\\church\\EscalaMusica\\src\\utils\\name.js": {"path":"C:\\unionall\\church\\EscalaMusica\\src\\utils\\name.js","statementMap":{"0":{"start":{"line":1,"column":31},"end":{"line":4,"column":1}},"1":{"start":{"line":6,"column":29},"end":{"line":9,"column":1}},"2":{"start":{"line":13,"column":2},"end":{"line":13,"column":81}},"3":{"start":{"line":21,"column":2},"end":{"line":21,"column":26}},"4":{"start":{"line":21,"column":13},"end":{"line":21,"column":26}},"5":{"start":{"line":22,"column":12},"end":{"line":22,"column":32}},"6":{"start":{"line":23,"column":2},"end":{"line":28,"column":5}},"7":{"start":{"line":24,"column":14},"end":{"line":24,"column":31}},"8":{"start":{"line":25,"column":4},"end":{"line":27,"column":32}},"9":{"start":{"line":26,"column":32},"end":{"line":26,"column":56}},"10":{"start":{"line":33,"column":2},"end":{"line":33,"column":27}},"11":{"start":{"line":33,"column":14},"end":{"line":33,"column":27}},"12":{"start":{"line":34,"column":12},"end":{"line":34,"column":33}},"13":{"start":{"line":35,"column":2},"end":{"line":42,"column":4}},"14":{"start":{"line":36,"column":4},"end":{"line":41,"column":6}},"15":{"start":{"line":37,"column":16},"end":{"line":37,"column":39}},"16":{"start":{"line":38,"column":6},"end":{"line":40,"column":40}},"17":{"start":{"line":39,"column":34},"end":{"line":39,"column":58}},"18":{"start":{"line":39,"column":72},"end":{"line":39,"column":85}}},"fnMap":{"0":{"name":"normalizarNome","decl":{"start":{"line":12,"column":16},"end":{"line":12,"column":30}},"loc":{"start":{"line":12,"column":34},"end":{"line":14,"column":1}},"line":12},"1":{"name":"estaEscalado","decl":{"start":{"line":20,"column":16},"end":{"line":20,"column":28}},"loc":{"start":{"line":20,"column":45},"end":{"line":29,"column":1}},"line":20},"2":{"name":"(anonymous_2)","decl":{"start":{"line":23,"column":30},"end":{"line":23,"column":31}},"loc":{"start":{"line":23,"column":37},"end":{"line":28,"column":3}},"line":23},"3":{"name":"(anonymous_3)","decl":{"start":{"line":26,"column":25},"end":{"line":26,"column":26}},"loc":{"start":{"line":26,"column":32},"end":{"line":26,"column":56}},"line":26},"4":{"name":"buscarPorNome","decl":{"start":{"line":32,"column":16},"end":{"line":32,"column":29}},"loc":{"start":{"line":32,"column":44},"end":{"line":43,"column":1}},"line":32},"5":{"name":"(anonymous_5)","decl":{"start":{"line":35,"column":22},"end":{"line":35,"column":23}},"loc":{"start":{"line":36,"column":4},"end":{"line":41,"column":6}},"line":36},"6":{"name":"(anonymous_6)","decl":{"start":{"line":36,"column":23},"end":{"line":36,"column":24}},"loc":{"start":{"line":36,"column":30},"end":{"line":41,"column":5}},"line":36},"7":{"name":"(anonymous_7)","decl":{"start":{"line":39,"column":27},"end":{"line":39,"column":28}},"loc":{"start":{"line":39,"column":34},"end":{"line":39,"column":58}},"line":39},"8":{"name":"(anonymous_8)","decl":{"start":{"line":39,"column":65},"end":{"line":39,"column":66}},"loc":{"start":{"line":39,"column":72},"end":{"line":39,"column":85}},"line":39}},"branchMap":{"0":{"loc":{"start":{"line":21,"column":2},"end":{"line":21,"column":26}},"type":"if","locations":[{"start":{"line":21,"column":2},"end":{"line":21,"column":26}},{"start":{},"end":{}}],"line":21},"1":{"loc":{"start":{"line":24,"column":14},"end":{"line":24,"column":31}},"type":"binary-expr","locations":[{"start":{"line":24,"column":14},"end":{"line":24,"column":25}},{"start":{"line":24,"column":29},"end":{"line":24,"column":31}}],"line":24},"2":{"loc":{"start":{"line":25,"column":11},"end":{"line":27,"column":31}},"type":"cond-expr","locations":[{"start":{"line":26,"column":8},"end":{"line":26,"column":69}},{"start":{"line":27,"column":8},"end":{"line":27,"column":31}}],"line":25},"3":{"loc":{"start":{"line":33,"column":2},"end":{"line":33,"column":27}},"type":"if","locations":[{"start":{"line":33,"column":2},"end":{"line":33,"column":27}},{"start":{},"end":{}}],"line":33},"4":{"loc":{"start":{"line":37,"column":17},"end":{"line":37,"column":27}},"type":"binary-expr","locations":[{"start":{"line":37,"column":17},"end":{"line":37,"column":21}},{"start":{"line":37,"column":25},"end":{"line":37,"column":27}}],"line":37},"5":{"loc":{"start":{"line":38,"column":13},"end":{"line":40,"column":39}},"type":"cond-expr","locations":[{"start":{"line":39,"column":10},"end":{"line":39,"column":86}},{"start":{"line":40,"column":10},"end":{"line":40,"column":39}}],"line":38}},"s":{"0":5,"1":5,"2":622,"3":22,"4":2,"5":20,"6":20,"7":72,"8":72,"9":59,"10":11,"11":2,"12":9,"13":9,"14":27,"15":254,"16":254,"17":30,"18":29},"f":{"0":622,"1":22,"2":72,"3":59,"4":11,"5":27,"6":254,"7":30,"8":29},"b":{"0":[2,20],"1":[72,9],"2":[16,56],"3":[2,9],"4":[254,107],"5":[15,239]},"inputSourceMap":null,"_coverageSchema":"1a1c01bbd47fc00a2c39e90264f33305004495a9","hash":"b11812814fc81b5d82fc7d1b3eacd3d124e4f111"}
}
