TN:
SF:src\main.js
FN:12,(anonymous_0)
FN:14,(anonymous_1)
FN:57,(anonymous_2)
FN:66,(anonymous_3)
FN:72,(anonymous_4)
FN:82,(anonymous_5)
FN:83,(anonymous_6)
FN:87,(anonymous_7)
FN:90,(anonymous_8)
FN:91,(anonymous_9)
FN:97,(anonymous_10)
FN:105,(anonymous_11)
FN:112,init
FNF:13
FNH:0
FNDA:0,(anonymous_0)
FNDA:0,(anonymous_1)
FNDA:0,(anonymous_2)
FNDA:0,(anonymous_3)
FNDA:0,(anonymous_4)
FNDA:0,(anonymous_5)
FNDA:0,(anonymous_6)
FNDA:0,(anonymous_7)
FNDA:0,(anonymous_8)
FNDA:0,(anonymous_9)
FNDA:0,(anonymous_10)
FNDA:0,(anonymous_11)
FNDA:0,init
DA:10,0
DA:12,0
DA:13,0
DA:14,0
DA:15,0
DA:17,0
DA:18,0
DA:19,0
DA:21,0
DA:22,0
DA:23,0
DA:24,0
DA:25,0
DA:28,0
DA:35,0
DA:46,0
DA:47,0
DA:48,0
DA:49,0
DA:50,0
DA:51,0
DA:52,0
DA:57,0
DA:58,0
DA:59,0
DA:60,0
DA:61,0
DA:62,0
DA:63,0
DA:66,0
DA:67,0
DA:68,0
DA:69,0
DA:72,0
DA:73,0
DA:74,0
DA:75,0
DA:76,0
DA:77,0
DA:78,0
DA:80,0
DA:81,0
DA:82,0
DA:83,0
DA:87,0
DA:88,0
DA:90,0
DA:91,0
DA:92,0
DA:93,0
DA:94,0
DA:97,0
DA:98,0
DA:99,0
DA:100,0
DA:101,0
DA:105,0
DA:106,0
DA:107,0
DA:113,0
DA:114,0
DA:117,0
DA:118,0
DA:120,0
LF:64
LH:0
BRDA:13,0,0,0
BRDA:13,0,1,0
BRDA:15,1,0,0
BRDA:15,1,1,0
BRDA:19,2,0,0
BRDA:19,2,1,0
BRDA:22,3,0,0
BRDA:22,3,1,0
BRDA:22,4,0,0
BRDA:22,4,1,0
BRDA:24,5,0,0
BRDA:24,5,1,0
BRDA:60,6,0,0
BRDA:60,6,1,0
BRDA:60,7,0,0
BRDA:60,7,1,0
BRDA:69,8,0,0
BRDA:69,8,1,0
BRDA:73,9,0,0
BRDA:73,9,1,0
BRDA:76,10,0,0
BRDA:76,10,1,0
BRDA:102,11,0,0
BRDA:102,11,1,0
BRDA:117,12,0,0
BRDA:117,12,1,0
BRF:26
BRH:0
end_of_record
TN:
SF:src\state.js
FNF:0
FNH:0
DA:2,0
LF:1
LH:0
BRF:0
BRH:0
end_of_record
TN:
SF:src\auth\auth.js
FN:9,mostrarAuth
FN:17,mostrarSelecaoNome
FN:23,(anonymous_2)
FN:30,salvarNomeVinculado
FN:41,mostrarApp
FN:56,verificarAutenticacao
FN:73,inicializarGoogleComTentativas
FN:75,checar
FN:88,handleCredentialResponse
FN:90,(anonymous_9)
FN:91,(anonymous_10)
FN:102,(anonymous_11)
FNF:12
FNH:0
FNDA:0,mostrarAuth
FNDA:0,mostrarSelecaoNome
FNDA:0,(anonymous_2)
FNDA:0,salvarNomeVinculado
FNDA:0,mostrarApp
FNDA:0,verificarAutenticacao
FNDA:0,inicializarGoogleComTentativas
FNDA:0,checar
FNDA:0,handleCredentialResponse
FNDA:0,(anonymous_9)
FNDA:0,(anonymous_10)
FNDA:0,(anonymous_11)
DA:5,0
DA:10,0
DA:11,0
DA:12,0
DA:13,0
DA:14,0
DA:18,0
DA:19,0
DA:20,0
DA:21,0
DA:22,0
DA:23,0
DA:24,0
DA:25,0
DA:26,0
DA:31,0
DA:32,0
DA:33,0
DA:34,0
DA:35,0
DA:36,0
DA:37,0
DA:38,0
DA:42,0
DA:43,0
DA:44,0
DA:45,0
DA:46,0
DA:47,0
DA:49,0
DA:50,0
DA:57,0
DA:58,0
DA:59,0
DA:60,0
DA:61,0
DA:62,0
DA:63,0
DA:64,0
DA:66,0
DA:67,0
DA:70,0
DA:74,0
DA:76,0
DA:77,0
DA:78,0
DA:79,0
DA:80,0
DA:81,0
DA:82,0
DA:85,0
DA:89,0
DA:90,0
DA:92,0
DA:93,0
DA:97,0
DA:98,0
DA:99,0
DA:100,0
DA:102,0
LF:60
LH:0
BRDA:32,0,0,0
BRDA:32,0,1,0
BRDA:45,1,0,0
BRDA:45,1,1,0
BRDA:48,2,0,0
BRDA:48,2,1,0
BRDA:49,3,0,0
BRDA:49,3,1,0
BRDA:59,4,0,0
BRDA:59,4,1,0
BRDA:59,5,0,0
BRDA:59,5,1,0
BRDA:62,6,0,0
BRDA:62,6,1,0
BRDA:77,7,0,0
BRDA:77,7,1,0
BRDA:77,8,0,0
BRDA:77,8,1,0
BRDA:80,9,0,0
BRDA:80,9,1,0
BRDA:81,10,0,0
BRDA:81,10,1,0
BRDA:99,11,0,0
BRDA:99,11,1,0
BRF:24
BRH:0
end_of_record
TN:
SF:src\auth\storage.js
FN:4,lerVinculosGoogle
FN:13,obterNomeVinculadoPorSub
FN:19,salvarVinculoPorSub
FNF:3
FNH:3
FNDA:14,lerVinculosGoogle
FNDA:5,obterNomeVinculadoPorSub
FNDA:8,salvarVinculoPorSub
DA:1,1
DA:5,14
DA:6,14
DA:8,1
DA:14,5
DA:15,3
DA:20,8
DA:21,4
DA:22,4
DA:23,4
LF:10
LH:10
BRDA:6,0,0,14
BRDA:6,0,1,7
BRDA:14,1,0,2
BRDA:14,1,1,3
BRDA:15,2,0,3
BRDA:15,2,1,1
BRDA:20,3,0,4
BRDA:20,3,1,4
BRDA:20,4,0,8
BRDA:20,4,1,6
BRF:10
BRH:10
end_of_record
TN:
SF:src\business\agenda.js
FN:31,getDetalhesAgenda
FN:39,(anonymous_1)
FNF:2
FNH:2
FNDA:12,getDetalhesAgenda
FNDA:3,(anonymous_1)
DA:3,1
DA:32,12
DA:33,12
DA:34,12
DA:36,12
DA:37,84
DA:38,84
DA:39,3
DA:41,84
DA:42,12
DA:43,12
DA:48,12
DA:50,12
DA:52,12
DA:53,1
DA:55,12
LF:16
LH:16
BRDA:37,0,0,84
BRDA:37,0,1,72
BRDA:38,1,0,1
BRDA:38,1,1,83
BRDA:41,2,0,12
BRDA:41,2,1,72
BRDA:43,3,0,4
BRDA:43,3,1,8
BRDA:48,4,0,11
BRDA:48,4,1,1
BRDA:50,5,0,12
BRDA:50,5,1,8
BRDA:52,6,0,1
BRDA:52,6,1,11
BRF:14
BRH:14
end_of_record
TN:
SF:src\business\substitute.js
FN:13,gerarLinkSubstituto
FNF:1
FNH:1
FNDA:9,gerarLinkSubstituto
DA:14,9
DA:15,7
DA:16,6
DA:18,5
DA:19,5
DA:21,5
DA:22,5
DA:24,5
DA:25,2
DA:26,2
DA:29,5
DA:31,4
DA:32,4
DA:33,4
DA:35,4
LF:15
LH:15
BRDA:14,0,0,2
BRDA:14,0,1,7
BRDA:15,1,0,1
BRDA:15,1,1,6
BRDA:16,2,0,1
BRDA:16,2,1,5
BRDA:18,3,0,5
BRDA:18,3,1,0
BRDA:19,4,0,5
BRDA:19,4,1,0
BRDA:24,5,0,2
BRDA:24,5,1,3
BRDA:29,6,0,1
BRDA:29,6,1,4
BRF:14
BRH:12
end_of_record
TN:
SF:src\data\loader.js
FN:4,carregarCSV
FNF:1
FNH:0
FNDA:0,carregarCSV
DA:5,0
DA:6,0
DA:10,0
DA:11,0
DA:12,0
DA:13,0
DA:14,0
DA:16,0
DA:17,0
DA:18,0
DA:19,0
DA:20,0
DA:21,0
DA:22,0
DA:24,0
LF:15
LH:0
BRDA:19,0,0,0
BRDA:19,0,1,0
BRDA:19,1,0,0
BRDA:19,1,1,0
BRF:4
BRH:0
end_of_record
TN:
SF:src\ui\alerts.js
FN:6,verificarAlertas
FN:15,(anonymous_1)
FNF:2
FNH:0
FNDA:0,verificarAlertas
FNDA:0,(anonymous_1)
DA:7,0
DA:8,0
DA:9,0
DA:11,0
DA:12,0
DA:14,0
DA:15,0
DA:18,0
DA:19,0
DA:20,0
DA:21,0
DA:22,0
DA:23,0
DA:24,0
DA:25,0
DA:26,0
LF:16
LH:0
BRDA:9,0,0,0
BRDA:9,0,1,0
BRDA:15,1,0,0
BRDA:15,1,1,0
BRDA:18,2,0,0
BRDA:18,2,1,0
BRDA:21,3,0,0
BRDA:21,3,1,0
BRDA:24,4,0,0
BRDA:24,4,1,0
BRDA:24,5,0,0
BRDA:24,5,1,0
BRF:12
BRH:0
end_of_record
TN:
SF:src\ui\cards.js
FN:8,montarCards
FN:16,(anonymous_1)
FN:68,_btnAgendaHTML
FNF:3
FNH:0
FNDA:0,montarCards
FNDA:0,(anonymous_1)
FNDA:0,_btnAgendaHTML
DA:9,0
DA:10,0
DA:11,0
DA:12,0
DA:13,0
DA:14,0
DA:16,0
DA:17,0
DA:18,0
DA:19,0
DA:20,0
DA:22,0
DA:23,0
DA:24,0
DA:25,0
DA:26,0
DA:30,0
DA:61,0
DA:62,0
DA:65,0
DA:69,0
LF:21
LH:0
BRDA:19,0,0,0
BRDA:19,0,1,0
BRDA:22,1,0,0
BRDA:22,1,1,0
BRDA:23,2,0,0
BRDA:23,2,1,0
BRDA:23,3,0,0
BRDA:23,3,1,0
BRDA:26,4,0,0
BRDA:26,4,1,0
BRDA:26,5,0,0
BRDA:26,5,1,0
BRDA:41,6,0,0
BRDA:41,6,1,0
BRDA:42,7,0,0
BRDA:42,7,1,0
BRDA:43,8,0,0
BRDA:43,8,1,0
BRDA:47,9,0,0
BRDA:47,9,1,0
BRDA:48,10,0,0
BRDA:48,10,1,0
BRDA:49,11,0,0
BRDA:49,11,1,0
BRDA:50,12,0,0
BRDA:50,12,1,0
BRDA:54,13,0,0
BRDA:54,13,1,0
BRDA:55,14,0,0
BRDA:55,14,1,0
BRDA:61,15,0,0
BRDA:61,15,1,0
BRDA:65,16,0,0
BRDA:65,16,1,0
BRDA:65,17,0,0
BRDA:65,17,1,0
BRF:36
BRH:0
end_of_record
TN:
SF:src\ui\filters.js
FN:9,renderizar
FN:16,aplicarFiltroAutomatico
FN:22,montarFiltros
FN:23,(anonymous_3)
FN:25,(anonymous_4)
FN:25,(anonymous_5)
FN:27,(anonymous_6)
FN:30,(anonymous_7)
FN:40,aplicarFiltros
FN:42,(anonymous_9)
FN:46,(anonymous_10)
FN:47,(anonymous_11)
FNF:12
FNH:0
FNDA:0,renderizar
FNDA:0,aplicarFiltroAutomatico
FNDA:0,montarFiltros
FNDA:0,(anonymous_3)
FNDA:0,(anonymous_4)
FNDA:0,(anonymous_5)
FNDA:0,(anonymous_6)
FNDA:0,(anonymous_7)
FNDA:0,aplicarFiltros
FNDA:0,(anonymous_9)
FNDA:0,(anonymous_10)
FNDA:0,(anonymous_11)
DA:10,0
DA:11,0
DA:12,0
DA:17,0
DA:18,0
DA:23,0
DA:24,0
DA:25,0
DA:26,0
DA:27,0
DA:29,0
DA:30,0
DA:31,0
DA:32,0
DA:33,0
DA:35,0
DA:41,0
DA:42,0
DA:43,0
DA:44,0
DA:45,0
DA:46,0
DA:47,0
DA:50,0
DA:51,0
DA:52,0
LF:26
LH:0
BRDA:25,0,0,0
BRDA:25,0,1,0
BRDA:26,1,0,0
BRDA:26,1,1,0
BRDA:43,2,0,0
BRDA:43,2,1,0
BRDA:45,3,0,0
BRDA:45,3,1,0
BRDA:46,4,0,0
BRDA:46,4,1,0
BRDA:51,5,0,0
BRDA:51,5,1,0
BRF:12
BRH:0
end_of_record
TN:
SF:src\ui\table.js
FN:6,montarTabela
FN:9,(anonymous_1)
FNF:2
FNH:0
FNDA:0,montarTabela
FNDA:0,(anonymous_1)
DA:7,0
DA:8,0
DA:9,0
DA:10,0
DA:11,0
DA:12,0
DA:24,0
LF:7
LH:0
BRDA:11,0,0,0
BRDA:11,0,1,0
BRDA:14,1,0,0
BRDA:14,1,1,0
BRDA:17,2,0,0
BRDA:17,2,1,0
BRDA:20,3,0,0
BRDA:20,3,1,0
BRDA:21,4,0,0
BRDA:21,4,1,0
BRDA:22,5,0,0
BRDA:22,5,1,0
BRDA:23,6,0,0
BRDA:23,6,1,0
BRF:14
BRH:0
end_of_record
TN:
SF:src\utils\contact.js
FN:8,buscarContato
FN:12,(anonymous_1)
FNF:2
FNH:2
FNDA:28,buscarContato
FNDA:20,(anonymous_1)
DA:9,28
DA:10,28
DA:11,45
DA:12,27
DA:13,2
DA:15,8
LF:6
LH:6
BRDA:11,0,0,18
BRDA:11,0,1,27
BRDA:12,1,0,2
BRDA:12,1,1,25
BRDA:12,2,0,27
BRDA:12,2,1,0
BRF:6
BRH:5
end_of_record
TN:
SF:src\utils\date.js
FN:7,parseDate
FN:13,isPastDate
FN:21,formatarDataExtenso
FNF:3
FNH:3
FNDA:14,parseDate
FNDA:13,isPastDate
FNDA:16,formatarDataExtenso
DA:1,2
DA:8,14
DA:9,14
DA:14,13
DA:15,10
DA:16,10
DA:17,10
DA:22,16
DA:23,14
DA:24,14
DA:25,13
LF:11
LH:11
BRDA:14,0,0,3
BRDA:14,0,1,10
BRDA:22,1,0,2
BRDA:22,1,1,14
BRDA:24,2,0,1
BRDA:24,2,1,13
BRF:6
BRH:6
end_of_record
TN:
SF:src\utils\formatter.js
FN:7,linkarNome
FN:19,formatarNome
FN:32,formatarLista
FN:36,(anonymous_3)
FN:41,formatarMusicasComYouTube
FN:45,(anonymous_5)
FNF:6
FNH:6
FNDA:12,linkarNome
FNDA:8,formatarNome
FNDA:6,formatarLista
FNDA:3,(anonymous_3)
FNDA:8,formatarMusicasComYouTube
FNDA:8,(anonymous_5)
DA:4,1
DA:8,12
DA:9,10
DA:10,10
DA:20,8
DA:21,7
DA:22,7
DA:26,3
DA:28,7
DA:33,6
DA:34,2
DA:36,3
DA:42,8
DA:43,5
DA:46,8
DA:47,8
DA:48,7
DA:49,7
LF:18
LH:18
BRDA:8,0,0,2
BRDA:8,0,1,10
BRDA:8,1,0,12
BRDA:8,1,1,11
BRDA:8,2,0,2
BRDA:8,2,1,1
BRDA:10,3,0,9
BRDA:10,3,1,1
BRDA:20,4,0,1
BRDA:20,4,1,7
BRDA:20,5,0,8
BRDA:20,5,1,7
BRDA:20,6,0,1
BRDA:20,6,1,1
BRDA:22,7,0,3
BRDA:22,7,1,4
BRDA:23,8,0,7
BRDA:23,8,1,5
BRDA:33,9,0,4
BRDA:33,9,1,2
BRDA:33,10,0,6
BRDA:33,10,1,3
BRDA:42,11,0,3
BRDA:42,11,1,5
BRDA:42,12,0,8
BRDA:42,12,1,6
BRDA:47,13,0,1
BRDA:47,13,1,7
BRF:28
BRH:28
end_of_record
TN:
SF:src\utils\name.js
FN:12,normalizarNome
FN:20,estaEscalado
FN:23,(anonymous_2)
FN:26,(anonymous_3)
FN:32,buscarPorNome
FN:35,(anonymous_5)
FN:36,(anonymous_6)
FN:39,(anonymous_7)
FN:39,(anonymous_8)
FNF:9
FNH:9
FNDA:622,normalizarNome
FNDA:22,estaEscalado
FNDA:72,(anonymous_2)
FNDA:59,(anonymous_3)
FNDA:11,buscarPorNome
FNDA:27,(anonymous_5)
FNDA:254,(anonymous_6)
FNDA:30,(anonymous_7)
FNDA:29,(anonymous_8)
DA:1,5
DA:6,5
DA:13,622
DA:21,22
DA:22,20
DA:23,20
DA:24,72
DA:25,72
DA:26,59
DA:33,11
DA:34,9
DA:35,9
DA:36,27
DA:37,254
DA:38,254
DA:39,30
LF:16
LH:16
BRDA:21,0,0,2
BRDA:21,0,1,20
BRDA:24,1,0,72
BRDA:24,1,1,9
BRDA:25,2,0,16
BRDA:25,2,1,56
BRDA:33,3,0,2
BRDA:33,3,1,9
BRDA:37,4,0,254
BRDA:37,4,1,107
BRDA:38,5,0,15
BRDA:38,5,1,239
BRF:12
BRH:12
end_of_record
